2024-10-30 10:13:40.522 | INFO     | __main__:<module>:182 - parameter settings: batch_size:128,lr:0.001,embed_id_dim:256,alpha:0.01,gamma:0.2, beta:0.4,,noise:0.2,client_num:3,client_names:['douban_book_movie_music_book', 'douban_book_movie_music_movie', 'douban_book_movie_music_music'],top_k:10,local epochs:1
2024-10-30 10:13:40.718 | INFO     | __main__:<module>:224 - initialize local data and local model:['douban_book_movie_music_book', 'douban_book_movie_music_movie', 'douban_book_movie_music_music']
2024-10-30 10:13:40.719 | INFO     | utils.load_data:__init__:46 - load datasets
2024-10-30 10:13:43.799 | INFO     | utils.load_data:__init__:49 - calculate user neighbors
2024-10-30 10:13:43.959 | INFO     | utils.load_data:__init__:51 - create data loader
2024-10-30 10:13:43.981 | INFO     | utils.load_data:__init__:54 - read test samples
2024-10-30 10:13:56.271 | INFO     | utils.load_data:__init__:46 - load datasets
2024-10-30 10:16:05.656 | INFO     | utils.load_data:__init__:49 - calculate user neighbors
2024-10-30 10:16:07.664 | INFO     | utils.load_data:__init__:51 - create data loader
2024-10-30 10:16:07.871 | INFO     | utils.load_data:__init__:54 - read test samples
2024-10-30 10:16:09.934 | INFO     | utils.load_data:__init__:46 - load datasets
2024-10-30 10:16:12.424 | INFO     | utils.load_data:__init__:49 - calculate user neighbors
2024-10-30 10:16:12.545 | INFO     | utils.load_data:__init__:51 - create data loader
2024-10-30 10:16:12.559 | INFO     | utils.load_data:__init__:54 - read test samples
2024-10-30 10:17:05.927 | INFO     | __main__:<module>:312 - round:0, client:0, loss:382.44125, ce loss:0.68020, intra cl loss: 1843.65788,proto loss: 1302.94694, hr_5:0.17536, ndcg_5:0.12630,mrr_5:0.11016,hr_10:0.25416, ndcg_10:0.15138,mrr_10:0.12027
2024-10-30 10:19:10.320 | INFO     | __main__:<module>:312 - round:0, client:1, loss:363.02533, ce loss:0.54652, intra cl loss: 1776.97883,proto loss: 708.30311, hr_5:0.45172, ndcg_5:0.31563,mrr_5:0.27074,hr_10:0.61154, ndcg_10:0.36705,mrr_10:0.29181
2024-10-30 10:19:22.944 | INFO     | __main__:<module>:312 - round:0, client:2, loss:379.36655, ce loss:0.68701, intra cl loss: 1828.07509,proto loss: 1306.45144, hr_5:0.13097, ndcg_5:0.08568,mrr_5:0.07087,hr_10:0.20644, ndcg_10:0.10996,mrr_10:0.08081
2024-10-30 10:19:38.663 | INFO     | __main__:<module>:312 - round:1, client:0, loss:280.91993, ce loss:0.63483, intra cl loss: 1338.22499,proto loss: 1264.01008, hr_5:0.19090, ndcg_5:0.13900,mrr_5:0.12194,hr_10:0.29523, ndcg_10:0.17256,mrr_10:0.13569
2024-10-30 10:21:47.921 | INFO     | __main__:<module>:312 - round:1, client:1, loss:344.53968, ce loss:0.49876, intra cl loss: 1692.70704,proto loss: 549.95070, hr_5:0.47281, ndcg_5:0.33532,mrr_5:0.28996,hr_10:0.62708, ndcg_10:0.38498,mrr_10:0.31032
2024-10-30 10:22:01.801 | INFO     | __main__:<module>:312 - round:1, client:2, loss:267.30110, ce loss:0.64841, intra cl loss: 1269.95291,proto loss: 1266.21033, hr_5:0.17647, ndcg_5:0.11364,mrr_5:0.09327,hr_10:0.28746, ndcg_10:0.14907,mrr_10:0.10762
2024-10-30 10:22:17.676 | INFO     | __main__:<module>:312 - round:2, client:0, loss:277.04680, ce loss:0.60362, intra cl loss: 1319.61317,proto loss: 1252.05415, hr_5:0.22863, ndcg_5:0.15602,mrr_5:0.13237,hr_10:0.32408, ndcg_10:0.18661,mrr_10:0.14484
2024-10-30 10:24:29.524 | INFO     | __main__:<module>:312 - round:2, client:1, loss:343.88036, ce loss:0.48282, intra cl loss: 1691.14162,proto loss: 516.92078, hr_5:0.47725, ndcg_5:0.33620,mrr_5:0.28953,hr_10:0.63152, ndcg_10:0.38624,mrr_10:0.31027
2024-10-30 10:24:44.248 | INFO     | __main__:<module>:312 - round:2, client:2, loss:263.06638, ce loss:0.61859, intra cl loss: 1249.46767,proto loss: 1255.42545, hr_5:0.17869, ndcg_5:0.11797,mrr_5:0.09804,hr_10:0.30300, ndcg_10:0.15806,mrr_10:0.11451
2024-10-30 10:25:24.021 | INFO     | __main__:<module>:312 - round:3, client:0, loss:275.38214, ce loss:0.58243, intra cl loss: 1311.89567,proto loss: 1242.05687, hr_5:0.23640, ndcg_5:0.16005,mrr_5:0.13515,hr_10:0.34406, ndcg_10:0.19468,mrr_10:0.14933
2024-10-30 10:27:23.849 | INFO     | __main__:<module>:312 - round:3, client:1, loss:343.64334, ce loss:0.47240, intra cl loss: 1690.69337,proto loss: 503.22561, hr_5:0.48280, ndcg_5:0.34016,mrr_5:0.29301,hr_10:0.64928, ndcg_10:0.39393,mrr_10:0.31516
2024-10-30 10:27:38.582 | INFO     | __main__:<module>:312 - round:3, client:2, loss:261.42050, ce loss:0.59321, intra cl loss: 1241.55646,proto loss: 1251.59945, hr_5:0.19201, ndcg_5:0.12567,mrr_5:0.10400,hr_10:0.30966, ndcg_10:0.16350,mrr_10:0.11948
2024-10-30 10:27:54.456 | INFO     | __main__:<module>:312 - round:4, client:0, loss:274.41199, ce loss:0.56136, intra cl loss: 1307.78303,proto loss: 1229.40198, hr_5:0.23307, ndcg_5:0.15949,mrr_5:0.13529,hr_10:0.35405, ndcg_10:0.19835,mrr_10:0.15118
2024-10-30 10:30:08.865 | INFO     | __main__:<module>:312 - round:4, client:1, loss:343.50865, ce loss:0.46445, intra cl loss: 1690.48982,proto loss: 494.62311, hr_5:0.48169, ndcg_5:0.34913,mrr_5:0.30538,hr_10:0.65594, ndcg_10:0.40563,mrr_10:0.32879
2024-10-30 10:30:22.080 | INFO     | __main__:<module>:312 - round:4, client:2, loss:260.46887, ce loss:0.56903, intra cl loss: 1237.64809,proto loss: 1237.02241, hr_5:0.17758, ndcg_5:0.11296,mrr_5:0.09190,hr_10:0.30411, ndcg_10:0.15419,mrr_10:0.10909
2024-10-30 10:30:34.965 | INFO     | __main__:<module>:312 - round:5, client:0, loss:273.86826, ce loss:0.54187, intra cl loss: 1305.52515,proto loss: 1222.13523, hr_5:0.23640, ndcg_5:0.16182,mrr_5:0.13751,hr_10:0.35849, ndcg_10:0.20112,mrr_10:0.15364
2024-10-30 10:32:42.593 | INFO     | __main__:<module>:312 - round:5, client:1, loss:343.41587, ce loss:0.45846, intra cl loss: 1690.35398,proto loss: 488.66107, hr_5:0.48169, ndcg_5:0.34319,mrr_5:0.29763,hr_10:0.66926, ndcg_10:0.40432,mrr_10:0.32315
2024-10-30 10:32:57.723 | INFO     | __main__:<module>:312 - round:5, client:2, loss:259.94205, ce loss:0.54601, intra cl loss: 1235.24243,proto loss: 1234.75520, hr_5:0.18979, ndcg_5:0.12317,mrr_5:0.10122,hr_10:0.30300, ndcg_10:0.15943,mrr_10:0.11599
2024-10-30 10:33:13.549 | INFO     | __main__:<module>:312 - round:6, client:0, loss:273.41008, ce loss:0.52332, intra cl loss: 1304.25875,proto loss: 1203.50009, hr_5:0.24306, ndcg_5:0.16137,mrr_5:0.13465,hr_10:0.34406, ndcg_10:0.19408,mrr_10:0.14818
2024-10-30 10:35:40.831 | INFO     | __main__:<module>:312 - round:6, client:1, loss:343.36368, ce loss:0.45449, intra cl loss: 1690.30635,proto loss: 484.79093, hr_5:0.49945, ndcg_5:0.35022,mrr_5:0.30094,hr_10:0.66371, ndcg_10:0.40295,mrr_10:0.32248
2024-10-30 10:35:56.194 | INFO     | __main__:<module>:312 - round:6, client:2, loss:259.54723, ce loss:0.52472, intra cl loss: 1233.88199,proto loss: 1224.61085, hr_5:0.19534, ndcg_5:0.12873,mrr_5:0.10696,hr_10:0.33074, ndcg_10:0.17190,mrr_10:0.12441
2024-10-30 10:36:12.945 | INFO     | __main__:<module>:312 - round:7, client:0, loss:273.15384, ce loss:0.50450, intra cl loss: 1303.46545,proto loss: 1195.62416, hr_5:0.24750, ndcg_5:0.16442,mrr_5:0.13722,hr_10:0.35849, ndcg_10:0.20011,mrr_10:0.15183
2024-10-30 10:38:25.439 | INFO     | __main__:<module>:312 - round:7, client:1, loss:343.30317, ce loss:0.45140, intra cl loss: 1690.18415,proto loss: 481.49277, hr_5:0.49834, ndcg_5:0.35494,mrr_5:0.30755,hr_10:0.67481, ndcg_10:0.41200,mrr_10:0.33109
2024-10-30 10:38:40.342 | INFO     | __main__:<module>:312 - round:7, client:2, loss:259.38191, ce loss:0.50362, intra cl loss: 1233.10756,proto loss: 1225.67743, hr_5:0.20089, ndcg_5:0.12464,mrr_5:0.09983,hr_10:0.33185, ndcg_10:0.16684,mrr_10:0.11716
2024-10-30 10:38:56.271 | INFO     | __main__:<module>:312 - round:8, client:0, loss:273.01405, ce loss:0.48401, intra cl loss: 1303.00668,proto loss: 1192.86990, hr_5:0.23751, ndcg_5:0.15381,mrr_5:0.12636,hr_10:0.35738, ndcg_10:0.19309,mrr_10:0.14289
2024-10-30 10:41:05.155 | INFO     | __main__:<module>:312 - round:8, client:1, loss:343.28439, ce loss:0.44758, intra cl loss: 1690.17392,proto loss: 480.20156, hr_5:0.48613, ndcg_5:0.35094,mrr_5:0.30607,hr_10:0.65261, ndcg_10:0.40472,mrr_10:0.32822
2024-10-30 10:41:19.503 | INFO     | __main__:<module>:312 - round:8, client:2, loss:259.11646, ce loss:0.48307, intra cl loss: 1232.60034,proto loss: 1211.33177, hr_5:0.19756, ndcg_5:0.12424,mrr_5:0.10031,hr_10:0.30855, ndcg_10:0.15960,mrr_10:0.11460
2024-10-30 10:41:33.110 | INFO     | __main__:<module>:312 - round:9, client:0, loss:272.83865, ce loss:0.46556, intra cl loss: 1302.77971,proto loss: 1181.71425, hr_5:0.26082, ndcg_5:0.17269,mrr_5:0.14384,hr_10:0.36515, ndcg_10:0.20619,mrr_10:0.15752
2024-10-30 10:43:58.891 | INFO     | __main__:<module>:312 - round:9, client:1, loss:343.26246, ce loss:0.44511, intra cl loss: 1690.12950,proto loss: 479.14414, hr_5:0.49279, ndcg_5:0.35063,mrr_5:0.30392,hr_10:0.68036, ndcg_10:0.41048,mrr_10:0.32816
2024-10-30 10:44:10.813 | INFO     | __main__:<module>:312 - round:9, client:2, loss:258.95299, ce loss:0.46125, intra cl loss: 1232.27489,proto loss: 1203.67612, hr_5:0.19978, ndcg_5:0.12712,mrr_5:0.10339,hr_10:0.31077, ndcg_10:0.16287,mrr_10:0.11805
2024-10-30 10:44:23.975 | INFO     | __main__:<module>:312 - round:10, client:0, loss:272.71942, ce loss:0.44902, intra cl loss: 1302.48385,proto loss: 1177.36296, hr_5:0.24750, ndcg_5:0.16071,mrr_5:0.13224,hr_10:0.36404, ndcg_10:0.19833,mrr_10:0.14772
2024-10-30 10:46:21.147 | INFO     | __main__:<module>:312 - round:10, client:1, loss:343.24583, ce loss:0.44082, intra cl loss: 1690.10262,proto loss: 478.44773, hr_5:0.50388, ndcg_5:0.35718,mrr_5:0.30869,hr_10:0.65594, ndcg_10:0.40654,mrr_10:0.32918
2024-10-30 10:46:33.099 | INFO     | __main__:<module>:312 - round:10, client:2, loss:258.86941, ce loss:0.44141, intra cl loss: 1231.99599,proto loss: 1202.87961, hr_5:0.20644, ndcg_5:0.13438,mrr_5:0.11101,hr_10:0.33629, ndcg_10:0.17596,mrr_10:0.12792
2024-10-30 10:46:46.074 | INFO     | __main__:<module>:312 - round:11, client:0, loss:272.59853, ce loss:0.43736, intra cl loss: 1302.38918,proto loss: 1168.33354, hr_5:0.24750, ndcg_5:0.16246,mrr_5:0.13437,hr_10:0.36626, ndcg_10:0.20120,mrr_10:0.15055
2024-10-30 10:48:39.066 | INFO     | __main__:<module>:312 - round:11, client:1, loss:343.21809, ce loss:0.44019, intra cl loss: 1690.06183,proto loss: 476.55272, hr_5:0.51054, ndcg_5:0.35978,mrr_5:0.31051,hr_10:0.66482, ndcg_10:0.40960,mrr_10:0.33103
2024-10-30 10:48:50.884 | INFO     | __main__:<module>:312 - round:11, client:2, loss:258.76675, ce loss:0.42650, intra cl loss: 1231.79021,proto loss: 1198.22031, hr_5:0.20644, ndcg_5:0.13393,mrr_5:0.11032,hr_10:0.33296, ndcg_10:0.17476,mrr_10:0.12712
2024-10-30 10:49:03.842 | INFO     | __main__:<module>:312 - round:12, client:0, loss:272.54303, ce loss:0.41769, intra cl loss: 1302.29535,proto loss: 1166.62667, hr_5:0.23973, ndcg_5:0.15620,mrr_5:0.12875,hr_10:0.36626, ndcg_10:0.19677,mrr_10:0.14528
2024-10-30 10:51:22.025 | INFO     | __main__:<module>:312 - round:12, client:1, loss:343.21646, ce loss:0.43799, intra cl loss: 1690.02955,proto loss: 477.25519, hr_5:0.49501, ndcg_5:0.35515,mrr_5:0.30901,hr_10:0.65705, ndcg_10:0.40790,mrr_10:0.33099
2024-10-30 10:51:33.956 | INFO     | __main__:<module>:312 - round:12, client:2, loss:258.74035, ce loss:0.40637, intra cl loss: 1231.78814,proto loss: 1197.63488, hr_5:0.19312, ndcg_5:0.12719,mrr_5:0.10559,hr_10:0.32297, ndcg_10:0.16875,mrr_10:0.12249
2024-10-30 10:51:46.992 | INFO     | __main__:<module>:312 - round:13, client:0, loss:272.49175, ce loss:0.40661, intra cl loss: 1302.20055,proto loss: 1164.50315, hr_5:0.24861, ndcg_5:0.16235,mrr_5:0.13400,hr_10:0.34850, ndcg_10:0.19478,mrr_10:0.14748
2024-10-30 10:53:40.564 | INFO     | __main__:<module>:312 - round:13, client:1, loss:343.19770, ce loss:0.43536, intra cl loss: 1690.01725,proto loss: 475.88826, hr_5:0.50166, ndcg_5:0.35514,mrr_5:0.30679,hr_10:0.66704, ndcg_10:0.40825,mrr_10:0.32851
2024-10-30 10:53:52.906 | INFO     | __main__:<module>:312 - round:13, client:2, loss:258.61822, ce loss:0.39126, intra cl loss: 1231.60067,proto loss: 1190.68258, hr_5:0.19867, ndcg_5:0.13177,mrr_5:0.10986,hr_10:0.33518, ndcg_10:0.17583,mrr_10:0.12799
2024-10-30 10:53:53.201 | INFO     | __main__:<module>:281 - End
2024-10-30 10:53:53.201 | INFO     | __main__:<module>:282 - best hr: 0.4550499445061043, best ndcg : 0.25965000392946747,best mrr : 0.20002539799987082
