2024-10-29 22:02:21.380 | INFO     | __main__:<module>:182 - parameter settings: batch_size:128,lr:0.001,embed_id_dim:256,alpha:0.01,gamma:0.2, beta:0.4,,noise:0.2,client_num:2,client_names:['douban_book_music_book', 'douban_book_music_music'],top_k:10,local epochs:1
2024-10-29 22:02:21.413 | INFO     | __main__:<module>:224 - initialize local data and local model:['douban_book_music_book', 'douban_book_music_music']
2024-10-29 22:02:21.414 | INFO     | utils.load_data:__init__:46 - load datasets
2024-10-29 22:02:23.108 | INFO     | utils.load_data:__init__:49 - calculate user neighbors
2024-10-29 22:02:23.191 | INFO     | utils.load_data:__init__:51 - create data loader
2024-10-29 22:02:23.200 | INFO     | utils.load_data:__init__:54 - read test samples
2024-10-29 22:02:28.093 | INFO     | utils.load_data:__init__:46 - load datasets
2024-10-29 22:02:29.475 | INFO     | utils.load_data:__init__:49 - calculate user neighbors
2024-10-29 22:02:30.343 | INFO     | utils.load_data:__init__:51 - create data loader
2024-10-29 22:02:30.351 | INFO     | utils.load_data:__init__:54 - read test samples
2024-10-29 22:02:44.671 | INFO     | __main__:<module>:312 - round:0, client:0, loss:381.53845, ce loss:0.67758, intra cl loss: 1839.63996,proto loss: 1293.28743, hr_5:0.18592, ndcg_5:0.13524,mrr_5:0.11867,hr_10:0.27503, ndcg_10:0.16410,mrr_10:0.13062
2024-10-29 22:02:49.852 | INFO     | __main__:<module>:312 - round:0, client:1, loss:378.84073, ce loss:0.66018, intra cl loss: 1825.56717,proto loss: 1306.71056, hr_5:0.10341, ndcg_5:0.06394,mrr_5:0.05123,hr_10:0.17932, ndcg_10:0.08833,mrr_10:0.06120
2024-10-29 22:02:55.806 | INFO     | __main__:<module>:312 - round:1, client:0, loss:280.59058, ce loss:0.62891, intra cl loss: 1336.91977,proto loss: 1257.77100, hr_5:0.22772, ndcg_5:0.15733,mrr_5:0.13432,hr_10:0.32013, ndcg_10:0.18688,mrr_10:0.14633
2024-10-29 22:03:02.395 | INFO     | __main__:<module>:312 - round:1, client:1, loss:267.44594, ce loss:0.58831, intra cl loss: 1270.81642,proto loss: 1269.43415, hr_5:0.15732, ndcg_5:0.09306,mrr_5:0.07222,hr_10:0.26183, ndcg_10:0.12709,mrr_10:0.08640
2024-10-29 22:03:08.632 | INFO     | __main__:<module>:312 - round:2, client:0, loss:276.79580, ce loss:0.60049, intra cl loss: 1318.75760,proto loss: 1244.37790, hr_5:0.23432, ndcg_5:0.15872,mrr_5:0.13392,hr_10:0.35314, ndcg_10:0.19688,mrr_10:0.14953
2024-10-29 22:03:13.968 | INFO     | __main__:<module>:312 - round:2, client:1, loss:263.17305, ce loss:0.54901, intra cl loss: 1250.31221,proto loss: 1256.16042, hr_5:0.16172, ndcg_5:0.09808,mrr_5:0.07719,hr_10:0.28383, ndcg_10:0.13741,mrr_10:0.09333
2024-10-29 22:03:19.720 | INFO     | __main__:<module>:312 - round:3, client:0, loss:275.24653, ce loss:0.57552, intra cl loss: 1311.21212,proto loss: 1242.85851, hr_5:0.23762, ndcg_5:0.16660,mrr_5:0.14327,hr_10:0.35534, ndcg_10:0.20471,mrr_10:0.15903
2024-10-29 22:03:25.125 | INFO     | __main__:<module>:312 - round:3, client:1, loss:261.49963, ce loss:0.51774, intra cl loss: 1242.50357,proto loss: 1248.11813, hr_5:0.17602, ndcg_5:0.11225,mrr_5:0.09118,hr_10:0.29813, ndcg_10:0.15163,mrr_10:0.10737
2024-10-29 22:03:31.913 | INFO     | __main__:<module>:312 - round:4, client:0, loss:274.23577, ce loss:0.55425, intra cl loss: 1307.20673,proto loss: 1224.01656, hr_5:0.25413, ndcg_5:0.17294,mrr_5:0.14615,hr_10:0.35424, ndcg_10:0.20559,mrr_10:0.15979
2024-10-29 22:03:37.150 | INFO     | __main__:<module>:312 - round:4, client:1, loss:260.51842, ce loss:0.49102, intra cl loss: 1238.44157,proto loss: 1233.90774, hr_5:0.18042, ndcg_5:0.11004,mrr_5:0.08720,hr_10:0.30253, ndcg_10:0.14882,mrr_10:0.10279
2024-10-29 22:03:42.867 | INFO     | __main__:<module>:312 - round:5, client:0, loss:273.66927, ce loss:0.53356, intra cl loss: 1304.88321,proto loss: 1215.90594, hr_5:0.23542, ndcg_5:0.16229,mrr_5:0.13819,hr_10:0.33993, ndcg_10:0.19604,mrr_10:0.15209
2024-10-29 22:03:48.761 | INFO     | __main__:<module>:312 - round:5, client:1, loss:260.05813, ce loss:0.46853, intra cl loss: 1236.23401,proto loss: 1234.27986, hr_5:0.19032, ndcg_5:0.11731,mrr_5:0.09353,hr_10:0.29813, ndcg_10:0.15151,mrr_10:0.10725
2024-10-29 22:03:56.509 | INFO     | __main__:<module>:312 - round:6, client:0, loss:273.20395, ce loss:0.51370, intra cl loss: 1303.56052,proto loss: 1197.81345, hr_5:0.23322, ndcg_5:0.15877,mrr_5:0.13454,hr_10:0.35204, ndcg_10:0.19709,mrr_10:0.15030
2024-10-29 22:04:02.186 | INFO     | __main__:<module>:312 - round:6, client:1, loss:259.62799, ce loss:0.44491, intra cl loss: 1234.76336,proto loss: 1223.04015, hr_5:0.17162, ndcg_5:0.10580,mrr_5:0.08434,hr_10:0.31133, ndcg_10:0.15089,mrr_10:0.10289
2024-10-29 22:04:08.671 | INFO     | __main__:<module>:312 - round:7, client:0, loss:272.96901, ce loss:0.49689, intra cl loss: 1302.74985,proto loss: 1192.21475, hr_5:0.23762, ndcg_5:0.15703,mrr_5:0.13071,hr_10:0.35204, ndcg_10:0.19413,mrr_10:0.14608
2024-10-29 22:04:14.009 | INFO     | __main__:<module>:312 - round:7, client:1, loss:259.40324, ce loss:0.42042, intra cl loss: 1233.97853,proto loss: 1218.71162, hr_5:0.18592, ndcg_5:0.11697,mrr_5:0.09466,hr_10:0.30033, ndcg_10:0.15393,mrr_10:0.10990
2024-10-29 22:04:19.918 | INFO     | __main__:<module>:312 - round:8, client:0, loss:272.78219, ce loss:0.47443, intra cl loss: 1302.37760,proto loss: 1183.22397, hr_5:0.22222, ndcg_5:0.15215,mrr_5:0.12906,hr_10:0.34763, ndcg_10:0.19230,mrr_10:0.14539
2024-10-29 22:04:25.906 | INFO     | __main__:<module>:312 - round:8, client:1, loss:259.19566, ce loss:0.40119, intra cl loss: 1233.43509,proto loss: 1210.74538, hr_5:0.18042, ndcg_5:0.10696,mrr_5:0.08311,hr_10:0.31463, ndcg_10:0.15008,mrr_10:0.10074
2024-10-29 22:04:31.571 | INFO     | __main__:<module>:312 - round:9, client:0, loss:272.65174, ce loss:0.45937, intra cl loss: 1302.02525,proto loss: 1178.73121, hr_5:0.23872, ndcg_5:0.15514,mrr_5:0.12772,hr_10:0.34323, ndcg_10:0.18879,mrr_10:0.14152
2024-10-29 22:04:37.117 | INFO     | __main__:<module>:312 - round:9, client:1, loss:259.14282, ce loss:0.38530, intra cl loss: 1233.18907,proto loss: 1211.97053, hr_5:0.17712, ndcg_5:0.11318,mrr_5:0.09235,hr_10:0.32673, ndcg_10:0.16111,mrr_10:0.11187
2024-10-29 22:04:43.301 | INFO     | __main__:<module>:312 - round:10, client:0, loss:272.49073, ce loss:0.44109, intra cl loss: 1301.88919,proto loss: 1167.17925, hr_5:0.22992, ndcg_5:0.15436,mrr_5:0.12970,hr_10:0.35314, ndcg_10:0.19389,mrr_10:0.14583
2024-10-29 22:04:49.755 | INFO     | __main__:<module>:312 - round:10, client:1, loss:258.90685, ce loss:0.36374, intra cl loss: 1232.85060,proto loss: 1197.29911, hr_5:0.19802, ndcg_5:0.12106,mrr_5:0.09597,hr_10:0.31133, ndcg_10:0.15691,mrr_10:0.11031
2024-10-29 22:04:55.417 | INFO     | __main__:<module>:312 - round:11, client:0, loss:272.43312, ce loss:0.42552, intra cl loss: 1301.66732,proto loss: 1167.41247, hr_5:0.23652, ndcg_5:0.15577,mrr_5:0.12957,hr_10:0.34653, ndcg_10:0.19107,mrr_10:0.14397
2024-10-29 22:05:00.629 | INFO     | __main__:<module>:312 - round:11, client:1, loss:258.89524, ce loss:0.34881, intra cl loss: 1232.73639,proto loss: 1199.91481, hr_5:0.19032, ndcg_5:0.12025,mrr_5:0.09754,hr_10:0.31463, ndcg_10:0.15981,mrr_10:0.11350
2024-10-29 22:05:06.621 | INFO     | __main__:<module>:312 - round:12, client:0, loss:272.34538, ce loss:0.40913, intra cl loss: 1301.66812,proto loss: 1160.26201, hr_5:0.23762, ndcg_5:0.15792,mrr_5:0.13166,hr_10:0.35314, ndcg_10:0.19491,mrr_10:0.14672
2024-10-29 22:05:11.962 | INFO     | __main__:<module>:312 - round:12, client:1, loss:258.75288, ce loss:0.33105, intra cl loss: 1232.58538,proto loss: 1190.47525, hr_5:0.19472, ndcg_5:0.11297,mrr_5:0.08640,hr_10:0.31133, ndcg_10:0.15021,mrr_10:0.10148
2024-10-29 22:05:18.604 | INFO     | __main__:<module>:312 - round:13, client:0, loss:272.23602, ce loss:0.39558, intra cl loss: 1301.54143,proto loss: 1153.21545, hr_5:0.23982, ndcg_5:0.15918,mrr_5:0.13276,hr_10:0.35864, ndcg_10:0.19688,mrr_10:0.14791
2024-10-29 22:05:23.962 | INFO     | __main__:<module>:312 - round:13, client:1, loss:258.64201, ce loss:0.31741, intra cl loss: 1232.54394,proto loss: 1181.58102, hr_5:0.19142, ndcg_5:0.11364,mrr_5:0.08836,hr_10:0.32783, ndcg_10:0.15756,mrr_10:0.10637
2024-10-29 22:05:30.272 | INFO     | __main__:<module>:312 - round:14, client:0, loss:272.13414, ce loss:0.38387, intra cl loss: 1301.42639,proto loss: 1146.49825, hr_5:0.23652, ndcg_5:0.16054,mrr_5:0.13564,hr_10:0.36304, ndcg_10:0.20110,mrr_10:0.15217
2024-10-29 22:05:35.996 | INFO     | __main__:<module>:312 - round:14, client:1, loss:258.60761, ce loss:0.30647, intra cl loss: 1232.35903,proto loss: 1182.93344, hr_5:0.20352, ndcg_5:0.11769,mrr_5:0.08988,hr_10:0.33883, ndcg_10:0.16118,mrr_10:0.10768
2024-10-29 22:05:42.580 | INFO     | __main__:<module>:312 - round:15, client:0, loss:272.13885, ce loss:0.37342, intra cl loss: 1301.27669,proto loss: 1151.00834, hr_5:0.22442, ndcg_5:0.14900,mrr_5:0.12433,hr_10:0.34433, ndcg_10:0.18746,mrr_10:0.14003
2024-10-29 22:05:47.741 | INFO     | __main__:<module>:312 - round:15, client:1, loss:258.59430, ce loss:0.29781, intra cl loss: 1232.27570,proto loss: 1184.13537, hr_5:0.17052, ndcg_5:0.10637,mrr_5:0.08528,hr_10:0.32233, ndcg_10:0.15491,mrr_10:0.10498
2024-10-29 22:05:53.634 | INFO     | __main__:<module>:312 - round:16, client:0, loss:272.03514, ce loss:0.36395, intra cl loss: 1301.19627,proto loss: 1143.19257, hr_5:0.22442, ndcg_5:0.14641,mrr_5:0.12083,hr_10:0.34983, ndcg_10:0.18687,mrr_10:0.13747
2024-10-29 22:05:58.927 | INFO     | __main__:<module>:312 - round:16, client:1, loss:258.52916, ce loss:0.28612, intra cl loss: 1232.17866,proto loss: 1180.73036, hr_5:0.18262, ndcg_5:0.10908,mrr_5:0.08509,hr_10:0.31903, ndcg_10:0.15266,mrr_10:0.10277
2024-10-29 22:06:04.793 | INFO     | __main__:<module>:312 - round:17, client:0, loss:272.03143, ce loss:0.35166, intra cl loss: 1301.12591,proto loss: 1145.45739, hr_5:0.22882, ndcg_5:0.14182,mrr_5:0.11346,hr_10:0.35424, ndcg_10:0.18205,mrr_10:0.12987
2024-10-29 22:06:10.806 | INFO     | __main__:<module>:312 - round:17, client:1, loss:258.47989, ce loss:0.27700, intra cl loss: 1232.11323,proto loss: 1178.02475, hr_5:0.19472, ndcg_5:0.11622,mrr_5:0.09080,hr_10:0.31793, ndcg_10:0.15571,mrr_10:0.10691
2024-10-29 22:06:17.049 | INFO     | __main__:<module>:312 - round:18, client:0, loss:271.97951, ce loss:0.34237, intra cl loss: 1301.06987,proto loss: 1142.31586, hr_5:0.23762, ndcg_5:0.15536,mrr_5:0.12825,hr_10:0.35094, ndcg_10:0.19205,mrr_10:0.14343
2024-10-29 22:06:22.820 | INFO     | __main__:<module>:312 - round:18, client:1, loss:258.44096, ce loss:0.26911, intra cl loss: 1231.98215,proto loss: 1177.54171, hr_5:0.16942, ndcg_5:0.10692,mrr_5:0.08643,hr_10:0.31133, ndcg_10:0.15253,mrr_10:0.10509
2024-10-29 22:06:28.853 | INFO     | __main__:<module>:312 - round:19, client:0, loss:272.01621, ce loss:0.33429, intra cl loss: 1300.94597,proto loss: 1149.27279, hr_5:0.22002, ndcg_5:0.14048,mrr_5:0.11437,hr_10:0.34653, ndcg_10:0.18089,mrr_10:0.13076
2024-10-29 22:06:34.701 | INFO     | __main__:<module>:312 - round:19, client:1, loss:258.43404, ce loss:0.26104, intra cl loss: 1231.90555,proto loss: 1179.18916, hr_5:0.18702, ndcg_5:0.11189,mrr_5:0.08740,hr_10:0.32013, ndcg_10:0.15462,mrr_10:0.10484
2024-10-29 22:06:40.625 | INFO     | __main__:<module>:312 - round:20, client:0, loss:271.97474, ce loss:0.32712, intra cl loss: 1300.92705,proto loss: 1146.22113, hr_5:0.22332, ndcg_5:0.14310,mrr_5:0.11680,hr_10:0.34873, ndcg_10:0.18322,mrr_10:0.13311
2024-10-29 22:06:46.005 | INFO     | __main__:<module>:312 - round:20, client:1, loss:258.39900, ce loss:0.25454, intra cl loss: 1231.87069,proto loss: 1177.03190, hr_5:0.19252, ndcg_5:0.11588,mrr_5:0.09089,hr_10:0.32343, ndcg_10:0.15825,mrr_10:0.10840
2024-10-29 22:06:46.111 | INFO     | __main__:<module>:281 - End
2024-10-29 22:06:46.111 | INFO     | __main__:<module>:282 - best hr: 0.3509350935093509, best ndcg : 0.1811392298729259,best mrr : 0.12992321057502576
