2024-10-29 21:54:30.643 | INFO     | __main__:<module>:185 - parameter settings: batch_size:128,lr:0.001,embed_id_dim:256,alpha:0.01,gamma:0.2, beta:0.4,noise:0.2,global_proto_agg_way:weight, client_num:2,client_names:['douban_book_music_book', 'douban_book_music_music'],top_k:10,local epochs:1
2024-10-29 21:54:30.716 | INFO     | __main__:<module>:227 - initialize local data and local model:['douban_book_music_book', 'douban_book_music_music']
2024-10-29 21:54:30.717 | INFO     | utils.load_data:__init__:46 - load datasets
2024-10-29 21:54:33.809 | INFO     | utils.load_data:__init__:49 - calculate user neighbors
2024-10-29 21:54:33.960 | INFO     | utils.load_data:__init__:51 - create data loader
2024-10-29 21:54:33.979 | INFO     | utils.load_data:__init__:54 - read test samples
2024-10-29 21:54:42.355 | INFO     | utils.load_data:__init__:46 - load datasets
2024-10-29 21:54:45.012 | INFO     | utils.load_data:__init__:49 - calculate user neighbors
2024-10-29 21:54:46.695 | INFO     | utils.load_data:__init__:51 - create data loader
2024-10-29 21:54:46.712 | INFO     | utils.load_data:__init__:54 - read test samples
2024-10-29 21:55:36.911 | INFO     | __main__:<module>:316 - round:0, client:0, loss:465.53418, ce loss:0.68999, intra cl loss: 2324.22088, hr_5:0.18812, ndcg_5:0.13388,mrr_5:0.11601,hr_10:0.26513, ndcg_10:0.15874,mrr_10:0.12625
2024-10-29 21:56:14.972 | INFO     | __main__:<module>:316 - round:0, client:1, loss:460.74788, ce loss:0.68968, intra cl loss: 2300.29095, hr_5:0.06821, ndcg_5:0.04353,mrr_5:0.03541,hr_10:0.13311, ndcg_10:0.06416,mrr_10:0.04371
2024-10-29 21:56:59.457 | INFO     | __main__:<module>:316 - round:1, client:0, loss:356.00014, ce loss:0.66609, intra cl loss: 1776.67024, hr_5:0.21892, ndcg_5:0.15334,mrr_5:0.13194,hr_10:0.29373, ndcg_10:0.17711,mrr_10:0.14151
2024-10-29 21:57:37.200 | INFO     | __main__:<module>:316 - round:1, client:1, loss:345.61694, ce loss:0.65842, intra cl loss: 1724.79252, hr_5:0.10231, ndcg_5:0.06489,mrr_5:0.05257,hr_10:0.17272, ndcg_10:0.08723,mrr_10:0.06153
2024-10-29 21:58:19.716 | INFO     | __main__:<module>:316 - round:2, client:0, loss:337.37724, ce loss:0.65024, intra cl loss: 1683.63495, hr_5:0.21342, ndcg_5:0.14878,mrr_5:0.12770,hr_10:0.30803, ndcg_10:0.17885,mrr_10:0.13981
2024-10-29 21:58:59.323 | INFO     | __main__:<module>:316 - round:2, client:1, loss:327.40176, ce loss:0.64257, intra cl loss: 1633.79593, hr_5:0.11881, ndcg_5:0.07319,mrr_5:0.05836,hr_10:0.19472, ndcg_10:0.09734,mrr_10:0.06810
2024-10-29 21:59:43.454 | INFO     | __main__:<module>:316 - round:3, client:0, loss:326.13686, ce loss:0.64020, intra cl loss: 1627.48326, hr_5:0.21892, ndcg_5:0.15152,mrr_5:0.12919,hr_10:0.31573, ndcg_10:0.18240,mrr_10:0.14167
2024-10-29 22:00:36.895 | INFO     | __main__:<module>:316 - round:3, client:1, loss:315.51190, ce loss:0.62912, intra cl loss: 1574.41388, hr_5:0.13201, ndcg_5:0.08366,mrr_5:0.06795,hr_10:0.21782, ndcg_10:0.11140,mrr_10:0.07940
2024-10-29 22:01:35.131 | INFO     | __main__:<module>:316 - round:4, client:0, loss:318.50151, ce loss:0.63442, intra cl loss: 1589.33546, hr_5:0.21892, ndcg_5:0.15681,mrr_5:0.13634,hr_10:0.31793, ndcg_10:0.18878,mrr_10:0.14951
2024-10-29 22:02:29.438 | INFO     | __main__:<module>:316 - round:4, client:1, loss:307.64982, ce loss:0.61788, intra cl loss: 1535.15967, hr_5:0.15622, ndcg_5:0.09988,mrr_5:0.08155,hr_10:0.24752, ndcg_10:0.12936,mrr_10:0.09370
2024-10-29 22:03:29.933 | INFO     | __main__:<module>:316 - round:5, client:0, loss:313.64207, ce loss:0.62984, intra cl loss: 1565.06111, hr_5:0.22002, ndcg_5:0.15886,mrr_5:0.13874,hr_10:0.32783, ndcg_10:0.19395,mrr_10:0.15335
2024-10-29 22:04:23.627 | INFO     | __main__:<module>:316 - round:5, client:1, loss:302.54758, ce loss:0.61133, intra cl loss: 1509.68119, hr_5:0.16502, ndcg_5:0.10057,mrr_5:0.07954,hr_10:0.28823, ndcg_10:0.13994,mrr_10:0.09551
2024-10-29 22:05:18.587 | INFO     | __main__:<module>:316 - round:6, client:0, loss:310.01637, ce loss:0.62662, intra cl loss: 1546.94870, hr_5:0.22992, ndcg_5:0.16468,mrr_5:0.14301,hr_10:0.33663, ndcg_10:0.19936,mrr_10:0.15744
2024-10-29 22:06:08.166 | INFO     | __main__:<module>:316 - round:6, client:1, loss:298.61643, ce loss:0.60191, intra cl loss: 1490.07257, hr_5:0.15952, ndcg_5:0.09872,mrr_5:0.07893,hr_10:0.28383, ndcg_10:0.13883,mrr_10:0.09542
2024-10-29 22:07:03.279 | INFO     | __main__:<module>:316 - round:7, client:0, loss:307.31013, ce loss:0.62443, intra cl loss: 1533.42843, hr_5:0.23762, ndcg_5:0.16556,mrr_5:0.14195,hr_10:0.31353, ndcg_10:0.19036,mrr_10:0.15234
2024-10-29 22:07:54.839 | INFO     | __main__:<module>:316 - round:7, client:1, loss:295.61124, ce loss:0.59636, intra cl loss: 1475.07436, hr_5:0.16942, ndcg_5:0.10592,mrr_5:0.08519,hr_10:0.28493, ndcg_10:0.14300,mrr_10:0.10034
2024-10-29 22:08:51.538 | INFO     | __main__:<module>:316 - round:8, client:0, loss:305.29946, ce loss:0.61982, intra cl loss: 1523.39815, hr_5:0.22552, ndcg_5:0.16473,mrr_5:0.14459,hr_10:0.32233, ndcg_10:0.19594,mrr_10:0.15741
2024-10-29 22:09:40.518 | INFO     | __main__:<module>:316 - round:8, client:1, loss:293.37150, ce loss:0.59084, intra cl loss: 1463.90325, hr_5:0.17162, ndcg_5:0.10644,mrr_5:0.08526,hr_10:0.28273, ndcg_10:0.14198,mrr_10:0.09970
2024-10-29 22:10:34.183 | INFO     | __main__:<module>:316 - round:9, client:0, loss:303.60134, ce loss:0.61851, intra cl loss: 1514.91414, hr_5:0.23982, ndcg_5:0.16940,mrr_5:0.14622,hr_10:0.33333, ndcg_10:0.19922,mrr_10:0.15829
2024-10-29 22:11:24.672 | INFO     | __main__:<module>:316 - round:9, client:1, loss:291.56104, ce loss:0.58713, intra cl loss: 1454.86955, hr_5:0.17932, ndcg_5:0.10832,mrr_5:0.08546,hr_10:0.28273, ndcg_10:0.14196,mrr_10:0.09945
2024-10-29 22:12:19.573 | INFO     | __main__:<module>:316 - round:10, client:0, loss:302.32146, ce loss:0.61229, intra cl loss: 1508.54581, hr_5:0.24642, ndcg_5:0.17215,mrr_5:0.14776,hr_10:0.35204, ndcg_10:0.20625,mrr_10:0.16181
2024-10-29 22:13:07.968 | INFO     | __main__:<module>:316 - round:10, client:1, loss:290.09208, ce loss:0.58433, intra cl loss: 1447.53871, hr_5:0.16392, ndcg_5:0.10215,mrr_5:0.08216,hr_10:0.28823, ndcg_10:0.14154,mrr_10:0.09794
2024-10-29 22:14:02.156 | INFO     | __main__:<module>:316 - round:11, client:0, loss:301.26207, ce loss:0.61033, intra cl loss: 1503.25866, hr_5:0.24532, ndcg_5:0.17866,mrr_5:0.15660,hr_10:0.33333, ndcg_10:0.20686,mrr_10:0.16808
2024-10-29 22:14:53.285 | INFO     | __main__:<module>:316 - round:11, client:1, loss:288.89105, ce loss:0.57834, intra cl loss: 1441.56355, hr_5:0.16062, ndcg_5:0.10444,mrr_5:0.08608,hr_10:0.29373, ndcg_10:0.14770,mrr_10:0.10407
2024-10-29 22:15:47.472 | INFO     | __main__:<module>:316 - round:12, client:0, loss:300.29957, ce loss:0.60665, intra cl loss: 1498.46454, hr_5:0.24422, ndcg_5:0.17283,mrr_5:0.14941,hr_10:0.34763, ndcg_10:0.20610,mrr_10:0.16304
2024-10-29 22:16:37.696 | INFO     | __main__:<module>:316 - round:12, client:1, loss:287.77994, ce loss:0.57625, intra cl loss: 1436.01842, hr_5:0.17932, ndcg_5:0.11978,mrr_5:0.10015,hr_10:0.28713, ndcg_10:0.15399,mrr_10:0.11389
2024-10-29 22:17:31.502 | INFO     | __main__:<module>:316 - round:13, client:0, loss:299.51315, ce loss:0.60361, intra cl loss: 1494.54763, hr_5:0.23212, ndcg_5:0.16457,mrr_5:0.14232,hr_10:0.34213, ndcg_10:0.19994,mrr_10:0.15679
2024-10-29 22:18:21.921 | INFO     | __main__:<module>:316 - round:13, client:1, loss:286.93140, ce loss:0.57375, intra cl loss: 1431.78825, hr_5:0.17712, ndcg_5:0.11113,mrr_5:0.08966,hr_10:0.29373, ndcg_10:0.14875,mrr_10:0.10513
2024-10-29 22:19:19.177 | INFO     | __main__:<module>:316 - round:14, client:0, loss:298.85021, ce loss:0.60216, intra cl loss: 1491.24020, hr_5:0.24202, ndcg_5:0.17173,mrr_5:0.14853,hr_10:0.34653, ndcg_10:0.20598,mrr_10:0.16293
2024-10-29 22:20:08.503 | INFO     | __main__:<module>:316 - round:14, client:1, loss:286.21885, ce loss:0.57096, intra cl loss: 1428.23942, hr_5:0.19142, ndcg_5:0.12240,mrr_5:0.09989,hr_10:0.30363, ndcg_10:0.15849,mrr_10:0.11466
2024-10-29 22:21:02.081 | INFO     | __main__:<module>:316 - round:15, client:0, loss:298.32470, ce loss:0.59785, intra cl loss: 1488.63423, hr_5:0.23872, ndcg_5:0.16640,mrr_5:0.14246,hr_10:0.36194, ndcg_10:0.20559,mrr_10:0.15826
2024-10-29 22:21:54.265 | INFO     | __main__:<module>:316 - round:15, client:1, loss:285.61941, ce loss:0.56552, intra cl loss: 1425.26941, hr_5:0.18482, ndcg_5:0.11649,mrr_5:0.09426,hr_10:0.29813, ndcg_10:0.15281,mrr_10:0.10907
2024-10-29 22:22:48.419 | INFO     | __main__:<module>:316 - round:16, client:0, loss:297.83853, ce loss:0.59502, intra cl loss: 1486.21752, hr_5:0.25853, ndcg_5:0.17566,mrr_5:0.14879,hr_10:0.36304, ndcg_10:0.20944,mrr_10:0.16273
2024-10-29 22:23:37.938 | INFO     | __main__:<module>:316 - round:16, client:1, loss:285.01212, ce loss:0.56363, intra cl loss: 1422.24242, hr_5:0.17932, ndcg_5:0.11811,mrr_5:0.09800,hr_10:0.31463, ndcg_10:0.16150,mrr_10:0.11570
2024-10-29 22:24:33.293 | INFO     | __main__:<module>:316 - round:17, client:0, loss:297.50348, ce loss:0.59296, intra cl loss: 1484.55256, hr_5:0.25743, ndcg_5:0.17860,mrr_5:0.15279,hr_10:0.37074, ndcg_10:0.21501,mrr_10:0.16768
2024-10-29 22:25:23.435 | INFO     | __main__:<module>:316 - round:17, client:1, loss:284.55915, ce loss:0.56043, intra cl loss: 1419.99357, hr_5:0.18482, ndcg_5:0.11815,mrr_5:0.09648,hr_10:0.29593, ndcg_10:0.15368,mrr_10:0.11090
2024-10-29 22:26:18.253 | INFO     | __main__:<module>:316 - round:18, client:0, loss:297.19577, ce loss:0.59148, intra cl loss: 1483.02144, hr_5:0.25523, ndcg_5:0.18311,mrr_5:0.15942,hr_10:0.36414, ndcg_10:0.21834,mrr_10:0.17397
2024-10-29 22:27:09.794 | INFO     | __main__:<module>:316 - round:18, client:1, loss:284.14349, ce loss:0.55848, intra cl loss: 1417.92501, hr_5:0.19472, ndcg_5:0.12135,mrr_5:0.09749,hr_10:0.30803, ndcg_10:0.15763,mrr_10:0.11225
2024-10-29 22:28:02.534 | INFO     | __main__:<module>:316 - round:19, client:0, loss:296.92420, ce loss:0.58611, intra cl loss: 1481.69041, hr_5:0.26293, ndcg_5:0.17919,mrr_5:0.15172,hr_10:0.36634, ndcg_10:0.21260,mrr_10:0.16550
2024-10-29 22:28:52.871 | INFO     | __main__:<module>:316 - round:19, client:1, loss:283.80623, ce loss:0.55215, intra cl loss: 1416.27038, hr_5:0.19142, ndcg_5:0.11986,mrr_5:0.09655,hr_10:0.31353, ndcg_10:0.15924,mrr_10:0.11276
2024-10-29 22:29:47.254 | INFO     | __main__:<module>:316 - round:20, client:0, loss:296.56329, ce loss:0.58176, intra cl loss: 1479.90759, hr_5:0.25303, ndcg_5:0.18223,mrr_5:0.15869,hr_10:0.36964, ndcg_10:0.21978,mrr_10:0.17408
2024-10-29 22:30:38.209 | INFO     | __main__:<module>:316 - round:20, client:1, loss:283.39475, ce loss:0.55260, intra cl loss: 1414.21071, hr_5:0.18592, ndcg_5:0.11983,mrr_5:0.09802,hr_10:0.30473, ndcg_10:0.15781,mrr_10:0.11343
2024-10-29 22:31:34.507 | INFO     | __main__:<module>:316 - round:21, client:0, loss:296.34060, ce loss:0.57731, intra cl loss: 1478.81642, hr_5:0.25523, ndcg_5:0.18132,mrr_5:0.15697,hr_10:0.38174, ndcg_10:0.22156,mrr_10:0.17318
2024-10-29 22:32:23.781 | INFO     | __main__:<module>:316 - round:21, client:1, loss:283.10848, ce loss:0.55076, intra cl loss: 1412.78859, hr_5:0.18812, ndcg_5:0.11330,mrr_5:0.08883,hr_10:0.29373, ndcg_10:0.14739,mrr_10:0.10286
2024-10-29 22:33:18.624 | INFO     | __main__:<module>:316 - round:22, client:0, loss:296.08203, ce loss:0.57578, intra cl loss: 1477.53126, hr_5:0.26953, ndcg_5:0.18680,mrr_5:0.15961,hr_10:0.37514, ndcg_10:0.22078,mrr_10:0.17352
2024-10-29 22:34:07.841 | INFO     | __main__:<module>:316 - round:22, client:1, loss:282.89806, ce loss:0.54662, intra cl loss: 1411.75715, hr_5:0.19582, ndcg_5:0.11584,mrr_5:0.08990,hr_10:0.30143, ndcg_10:0.14985,mrr_10:0.10384
2024-10-29 22:35:01.784 | INFO     | __main__:<module>:316 - round:23, client:0, loss:295.98899, ce loss:0.57161, intra cl loss: 1477.08685, hr_5:0.27063, ndcg_5:0.18729,mrr_5:0.15988,hr_10:0.38614, ndcg_10:0.22377,mrr_10:0.17443
2024-10-29 22:35:50.977 | INFO     | __main__:<module>:316 - round:23, client:1, loss:282.73808, ce loss:0.54558, intra cl loss: 1410.96247, hr_5:0.18372, ndcg_5:0.10944,mrr_5:0.08530,hr_10:0.30473, ndcg_10:0.14813,mrr_10:0.10100
2024-10-29 22:36:46.713 | INFO     | __main__:<module>:316 - round:24, client:0, loss:295.80808, ce loss:0.56922, intra cl loss: 1476.19428, hr_5:0.27173, ndcg_5:0.18613,mrr_5:0.15788,hr_10:0.37184, ndcg_10:0.21849,mrr_10:0.17123
2024-10-29 22:37:36.279 | INFO     | __main__:<module>:316 - round:24, client:1, loss:282.43821, ce loss:0.54462, intra cl loss: 1409.46789, hr_5:0.18372, ndcg_5:0.11562,mrr_5:0.09342,hr_10:0.30583, ndcg_10:0.15471,mrr_10:0.10932
2024-10-29 22:38:29.999 | INFO     | __main__:<module>:316 - round:25, client:0, loss:295.66296, ce loss:0.56635, intra cl loss: 1475.48303, hr_5:0.26623, ndcg_5:0.19075,mrr_5:0.16591,hr_10:0.38834, ndcg_10:0.23016,mrr_10:0.18214
2024-10-29 22:39:19.518 | INFO     | __main__:<module>:316 - round:25, client:1, loss:282.20327, ce loss:0.54087, intra cl loss: 1408.31199, hr_5:0.19582, ndcg_5:0.12248,mrr_5:0.09862,hr_10:0.30913, ndcg_10:0.15898,mrr_10:0.11360
2024-10-29 22:40:16.102 | INFO     | __main__:<module>:316 - round:26, client:0, loss:295.64621, ce loss:0.56217, intra cl loss: 1475.42017, hr_5:0.27063, ndcg_5:0.18245,mrr_5:0.15345,hr_10:0.39054, ndcg_10:0.22093,mrr_10:0.16915
2024-10-29 22:41:05.752 | INFO     | __main__:<module>:316 - round:26, client:1, loss:282.16515, ce loss:0.53710, intra cl loss: 1408.14020, hr_5:0.20572, ndcg_5:0.12847,mrr_5:0.10350,hr_10:0.32673, ndcg_10:0.16718,mrr_10:0.11923
2024-10-29 22:42:00.663 | INFO     | __main__:<module>:316 - round:27, client:0, loss:295.49239, ce loss:0.56057, intra cl loss: 1474.65903, hr_5:0.27283, ndcg_5:0.19257,mrr_5:0.16621,hr_10:0.38504, ndcg_10:0.22890,mrr_10:0.18123
2024-10-29 22:42:49.434 | INFO     | __main__:<module>:316 - round:27, client:1, loss:282.04320, ce loss:0.53710, intra cl loss: 1407.53049, hr_5:0.20682, ndcg_5:0.13054,mrr_5:0.10574,hr_10:0.33553, ndcg_10:0.17151,mrr_10:0.12228
2024-10-29 22:43:43.723 | INFO     | __main__:<module>:316 - round:28, client:0, loss:295.40083, ce loss:0.55592, intra cl loss: 1474.22452, hr_5:0.26183, ndcg_5:0.18465,mrr_5:0.15941,hr_10:0.37624, ndcg_10:0.22117,mrr_10:0.17420
2024-10-29 22:44:34.731 | INFO     | __main__:<module>:316 - round:28, client:1, loss:281.86138, ce loss:0.53259, intra cl loss: 1406.64389, hr_5:0.21232, ndcg_5:0.12876,mrr_5:0.10130,hr_10:0.32563, ndcg_10:0.16492,mrr_10:0.11595
2024-10-29 22:45:28.314 | INFO     | __main__:<module>:316 - round:29, client:0, loss:295.33144, ce loss:0.55292, intra cl loss: 1473.89254, hr_5:0.26623, ndcg_5:0.18936,mrr_5:0.16419,hr_10:0.38504, ndcg_10:0.22725,mrr_10:0.17952
2024-10-29 22:46:16.711 | INFO     | __main__:<module>:316 - round:29, client:1, loss:281.76596, ce loss:0.53447, intra cl loss: 1406.15744, hr_5:0.20022, ndcg_5:0.12680,mrr_5:0.10288,hr_10:0.32123, ndcg_10:0.16526,mrr_10:0.11835
2024-10-29 22:47:12.832 | INFO     | __main__:<module>:316 - round:30, client:0, loss:295.27033, ce loss:0.55170, intra cl loss: 1473.59311, hr_5:0.29593, ndcg_5:0.20069,mrr_5:0.16956,hr_10:0.41584, ndcg_10:0.23931,mrr_10:0.18540
2024-10-29 22:48:05.862 | INFO     | __main__:<module>:316 - round:30, client:1, loss:281.72274, ce loss:0.53105, intra cl loss: 1405.95843, hr_5:0.18372, ndcg_5:0.11955,mrr_5:0.09848,hr_10:0.30803, ndcg_10:0.15919,mrr_10:0.11451
2024-10-29 22:48:59.001 | INFO     | __main__:<module>:316 - round:31, client:0, loss:295.17150, ce loss:0.54762, intra cl loss: 1473.11941, hr_5:0.27943, ndcg_5:0.19191,mrr_5:0.16313,hr_10:0.39164, ndcg_10:0.22790,mrr_10:0.17782
2024-10-29 22:49:48.179 | INFO     | __main__:<module>:316 - round:31, client:1, loss:281.56058, ce loss:0.52861, intra cl loss: 1405.15984, hr_5:0.17162, ndcg_5:0.11187,mrr_5:0.09234,hr_10:0.29923, ndcg_10:0.15340,mrr_10:0.10962
2024-10-29 22:50:41.960 | INFO     | __main__:<module>:316 - round:32, client:0, loss:295.20938, ce loss:0.54489, intra cl loss: 1473.32245, hr_5:0.28933, ndcg_5:0.19853,mrr_5:0.16867,hr_10:0.40374, ndcg_10:0.23524,mrr_10:0.18365
2024-10-29 22:51:33.239 | INFO     | __main__:<module>:316 - round:32, client:1, loss:281.53368, ce loss:0.52969, intra cl loss: 1405.01993, hr_5:0.19472, ndcg_5:0.12036,mrr_5:0.09617,hr_10:0.32783, ndcg_10:0.16319,mrr_10:0.11372
2024-10-29 22:52:27.539 | INFO     | __main__:<module>:316 - round:33, client:0, loss:295.18141, ce loss:0.54395, intra cl loss: 1473.18731, hr_5:0.26843, ndcg_5:0.18569,mrr_5:0.15854,hr_10:0.39494, ndcg_10:0.22606,mrr_10:0.17489
2024-10-29 22:53:15.517 | INFO     | __main__:<module>:316 - round:33, client:1, loss:281.44817, ce loss:0.52632, intra cl loss: 1404.60922, hr_5:0.17712, ndcg_5:0.11576,mrr_5:0.09560,hr_10:0.30693, ndcg_10:0.15730,mrr_10:0.11249
2024-10-29 22:53:53.753 | INFO     | __main__:<module>:316 - round:34, client:0, loss:295.09465, ce loss:0.54076, intra cl loss: 1472.76945, hr_5:0.30693, ndcg_5:0.21343,mrr_5:0.18282,hr_10:0.41804, ndcg_10:0.24943,mrr_10:0.19772
2024-10-29 22:54:29.134 | INFO     | __main__:<module>:316 - round:34, client:1, loss:281.36410, ce loss:0.52386, intra cl loss: 1404.20117, hr_5:0.20682, ndcg_5:0.12881,mrr_5:0.10336,hr_10:0.33223, ndcg_10:0.16948,mrr_10:0.12021
2024-10-29 22:55:07.123 | INFO     | __main__:<module>:316 - round:35, client:0, loss:295.00090, ce loss:0.53542, intra cl loss: 1472.32735, hr_5:0.27283, ndcg_5:0.19151,mrr_5:0.16458,hr_10:0.40374, ndcg_10:0.23425,mrr_10:0.18244
2024-10-29 22:55:41.617 | INFO     | __main__:<module>:316 - round:35, client:1, loss:281.35000, ce loss:0.52266, intra cl loss: 1404.13669, hr_5:0.21232, ndcg_5:0.13427,mrr_5:0.10884,hr_10:0.32893, ndcg_10:0.17189,mrr_10:0.12431
2024-10-29 22:56:20.675 | INFO     | __main__:<module>:316 - round:36, client:0, loss:295.06282, ce loss:0.53353, intra cl loss: 1472.64645, hr_5:0.30803, ndcg_5:0.20761,mrr_5:0.17450,hr_10:0.43124, ndcg_10:0.24692,mrr_10:0.19041
2024-10-29 22:56:55.000 | INFO     | __main__:<module>:316 - round:36, client:1, loss:281.31743, ce loss:0.52342, intra cl loss: 1403.97005, hr_5:0.18922, ndcg_5:0.12153,mrr_5:0.09956,hr_10:0.31573, ndcg_10:0.16180,mrr_10:0.11581
2024-10-29 22:57:34.225 | INFO     | __main__:<module>:316 - round:37, client:0, loss:295.02718, ce loss:0.53341, intra cl loss: 1472.46880, hr_5:0.30143, ndcg_5:0.21510,mrr_5:0.18689,hr_10:0.41694, ndcg_10:0.25270,mrr_10:0.20257
2024-10-29 22:58:08.741 | INFO     | __main__:<module>:316 - round:37, client:1, loss:281.35334, ce loss:0.52025, intra cl loss: 1404.16543, hr_5:0.20572, ndcg_5:0.12817,mrr_5:0.10284,hr_10:0.32123, ndcg_10:0.16545,mrr_10:0.11818
2024-10-29 22:58:46.856 | INFO     | __main__:<module>:316 - round:38, client:0, loss:295.01576, ce loss:0.53029, intra cl loss: 1472.42734, hr_5:0.28603, ndcg_5:0.19909,mrr_5:0.17033,hr_10:0.42574, ndcg_10:0.24428,mrr_10:0.18900
2024-10-29 22:59:22.683 | INFO     | __main__:<module>:316 - round:38, client:1, loss:281.25980, ce loss:0.51802, intra cl loss: 1403.70891, hr_5:0.20682, ndcg_5:0.13299,mrr_5:0.10895,hr_10:0.33333, ndcg_10:0.17403,mrr_10:0.12595
2024-10-29 23:00:01.159 | INFO     | __main__:<module>:316 - round:39, client:0, loss:294.93664, ce loss:0.52736, intra cl loss: 1472.04639, hr_5:0.31133, ndcg_5:0.21830,mrr_5:0.18783,hr_10:0.43564, ndcg_10:0.25827,mrr_10:0.20418
2024-10-29 23:00:35.983 | INFO     | __main__:<module>:316 - round:39, client:1, loss:281.19591, ce loss:0.51630, intra cl loss: 1403.39803, hr_5:0.18592, ndcg_5:0.11777,mrr_5:0.09556,hr_10:0.30803, ndcg_10:0.15634,mrr_10:0.11094
2024-10-29 23:01:15.365 | INFO     | __main__:<module>:316 - round:40, client:0, loss:294.91836, ce loss:0.52554, intra cl loss: 1471.96407, hr_5:0.29593, ndcg_5:0.20775,mrr_5:0.17890,hr_10:0.42684, ndcg_10:0.24920,mrr_10:0.19549
2024-10-29 23:01:49.551 | INFO     | __main__:<module>:316 - round:40, client:1, loss:281.16091, ce loss:0.51310, intra cl loss: 1403.23900, hr_5:0.19362, ndcg_5:0.12015,mrr_5:0.09615,hr_10:0.31903, ndcg_10:0.16044,mrr_10:0.11262
2024-10-29 23:02:27.404 | INFO     | __main__:<module>:316 - round:41, client:0, loss:294.96385, ce loss:0.52301, intra cl loss: 1472.20419, hr_5:0.30803, ndcg_5:0.21762,mrr_5:0.18792,hr_10:0.42684, ndcg_10:0.25585,mrr_10:0.20357
2024-10-29 23:03:02.953 | INFO     | __main__:<module>:316 - round:41, client:1, loss:281.21625, ce loss:0.51161, intra cl loss: 1403.52320, hr_5:0.17712, ndcg_5:0.10984,mrr_5:0.08773,hr_10:0.31573, ndcg_10:0.15445,mrr_10:0.10602
2024-10-29 23:03:41.008 | INFO     | __main__:<module>:316 - round:42, client:0, loss:294.93957, ce loss:0.51822, intra cl loss: 1472.10669, hr_5:0.30913, ndcg_5:0.20957,mrr_5:0.17704,hr_10:0.43784, ndcg_10:0.25076,mrr_10:0.19379
2024-10-29 23:04:15.347 | INFO     | __main__:<module>:316 - round:42, client:1, loss:281.11966, ce loss:0.51011, intra cl loss: 1403.04775, hr_5:0.22442, ndcg_5:0.14066,mrr_5:0.11322,hr_10:0.34213, ndcg_10:0.17839,mrr_10:0.12859
2024-10-29 23:04:54.289 | INFO     | __main__:<module>:316 - round:43, client:0, loss:294.90340, ce loss:0.51994, intra cl loss: 1471.91727, hr_5:0.31353, ndcg_5:0.21888,mrr_5:0.18773,hr_10:0.44224, ndcg_10:0.26001,mrr_10:0.20441
2024-10-29 23:05:28.747 | INFO     | __main__:<module>:316 - round:43, client:1, loss:281.08109, ce loss:0.51132, intra cl loss: 1402.84884, hr_5:0.18812, ndcg_5:0.12083,mrr_5:0.09884,hr_10:0.31463, ndcg_10:0.16139,mrr_10:0.11537
2024-10-29 23:06:06.858 | INFO     | __main__:<module>:316 - round:44, client:0, loss:294.91023, ce loss:0.51095, intra cl loss: 1471.99639, hr_5:0.30253, ndcg_5:0.21378,mrr_5:0.18438,hr_10:0.43234, ndcg_10:0.25563,mrr_10:0.20157
2024-10-29 23:06:42.542 | INFO     | __main__:<module>:316 - round:44, client:1, loss:281.08382, ce loss:0.50757, intra cl loss: 1402.88120, hr_5:0.19252, ndcg_5:0.12634,mrr_5:0.10484,hr_10:0.31573, ndcg_10:0.16559,mrr_10:0.12069
2024-10-29 23:07:20.825 | INFO     | __main__:<module>:316 - round:45, client:0, loss:294.86931, ce loss:0.51039, intra cl loss: 1471.79455, hr_5:0.30143, ndcg_5:0.20587,mrr_5:0.17448,hr_10:0.44334, ndcg_10:0.25213,mrr_10:0.19379
2024-10-29 23:07:55.240 | INFO     | __main__:<module>:316 - round:45, client:1, loss:281.06622, ce loss:0.50567, intra cl loss: 1402.80273, hr_5:0.21012, ndcg_5:0.13458,mrr_5:0.10992,hr_10:0.33223, ndcg_10:0.17398,mrr_10:0.12612
2024-10-29 23:08:34.361 | INFO     | __main__:<module>:316 - round:46, client:0, loss:294.86564, ce loss:0.51055, intra cl loss: 1471.77540, hr_5:0.31463, ndcg_5:0.21908,mrr_5:0.18762,hr_10:0.42904, ndcg_10:0.25576,mrr_10:0.20257
2024-10-29 23:09:08.806 | INFO     | __main__:<module>:316 - round:46, client:1, loss:281.03595, ce loss:0.50432, intra cl loss: 1402.65817, hr_5:0.20132, ndcg_5:0.12499,mrr_5:0.10015,hr_10:0.32343, ndcg_10:0.16413,mrr_10:0.11610
2024-10-29 23:09:46.759 | INFO     | __main__:<module>:316 - round:47, client:0, loss:294.83066, ce loss:0.50795, intra cl loss: 1471.61352, hr_5:0.33113, ndcg_5:0.22743,mrr_5:0.19314,hr_10:0.46425, ndcg_10:0.27073,mrr_10:0.21116
2024-10-29 23:10:22.558 | INFO     | __main__:<module>:316 - round:47, client:1, loss:281.02910, ce loss:0.50376, intra cl loss: 1402.62662, hr_5:0.20902, ndcg_5:0.13061,mrr_5:0.10510,hr_10:0.32563, ndcg_10:0.16872,mrr_10:0.12105
2024-10-29 23:11:00.748 | INFO     | __main__:<module>:316 - round:48, client:0, loss:294.83792, ce loss:0.50686, intra cl loss: 1471.65530, hr_5:0.29153, ndcg_5:0.19847,mrr_5:0.16793,hr_10:0.43124, ndcg_10:0.24342,mrr_10:0.18635
2024-10-29 23:11:35.525 | INFO     | __main__:<module>:316 - round:48, client:1, loss:281.06280, ce loss:0.50525, intra cl loss: 1402.78773, hr_5:0.20132, ndcg_5:0.12865,mrr_5:0.10497,hr_10:0.32563, ndcg_10:0.16877,mrr_10:0.12149
2024-10-29 23:12:14.713 | INFO     | __main__:<module>:316 - round:49, client:0, loss:294.81642, ce loss:0.50461, intra cl loss: 1471.55902, hr_5:0.32123, ndcg_5:0.23171,mrr_5:0.20209,hr_10:0.45105, ndcg_10:0.27300,mrr_10:0.21873
2024-10-29 23:12:49.289 | INFO     | __main__:<module>:316 - round:49, client:1, loss:280.98190, ce loss:0.50007, intra cl loss: 1402.40912, hr_5:0.20022, ndcg_5:0.12783,mrr_5:0.10411,hr_10:0.32783, ndcg_10:0.16856,mrr_10:0.12060
2024-10-29 23:13:28.684 | INFO     | __main__:<module>:316 - round:50, client:0, loss:294.76791, ce loss:0.50344, intra cl loss: 1471.32232, hr_5:0.31903, ndcg_5:0.21819,mrr_5:0.18489,hr_10:0.43784, ndcg_10:0.25654,mrr_10:0.20068
2024-10-29 23:14:03.410 | INFO     | __main__:<module>:316 - round:50, client:1, loss:281.05582, ce loss:0.49915, intra cl loss: 1402.78330, hr_5:0.20902, ndcg_5:0.13125,mrr_5:0.10570,hr_10:0.33553, ndcg_10:0.17227,mrr_10:0.12268
2024-10-29 23:14:41.420 | INFO     | __main__:<module>:316 - round:51, client:0, loss:294.81236, ce loss:0.50313, intra cl loss: 1471.54610, hr_5:0.31353, ndcg_5:0.21318,mrr_5:0.18045,hr_10:0.44774, ndcg_10:0.25606,mrr_10:0.19785
2024-10-29 23:15:15.881 | INFO     | __main__:<module>:316 - round:51, client:1, loss:280.96203, ce loss:0.49873, intra cl loss: 1402.31647, hr_5:0.20242, ndcg_5:0.12019,mrr_5:0.09344,hr_10:0.33113, ndcg_10:0.16165,mrr_10:0.11046
2024-10-29 23:15:55.241 | INFO     | __main__:<module>:316 - round:52, client:0, loss:294.79891, ce loss:0.49886, intra cl loss: 1471.50022, hr_5:0.31133, ndcg_5:0.22452,mrr_5:0.19608,hr_10:0.42904, ndcg_10:0.26240,mrr_10:0.21160
2024-10-29 23:16:29.930 | INFO     | __main__:<module>:316 - round:52, client:1, loss:281.02845, ce loss:0.49609, intra cl loss: 1402.66178, hr_5:0.21452, ndcg_5:0.13252,mrr_5:0.10592,hr_10:0.33443, ndcg_10:0.17116,mrr_10:0.12179
2024-10-29 23:17:09.749 | INFO     | __main__:<module>:316 - round:53, client:0, loss:294.74336, ce loss:0.49728, intra cl loss: 1471.23036, hr_5:0.30253, ndcg_5:0.21272,mrr_5:0.18313,hr_10:0.44224, ndcg_10:0.25750,mrr_10:0.20137
2024-10-29 23:17:44.638 | INFO     | __main__:<module>:316 - round:53, client:1, loss:281.00376, ce loss:0.49590, intra cl loss: 1402.53925, hr_5:0.20462, ndcg_5:0.13055,mrr_5:0.10611,hr_10:0.33333, ndcg_10:0.17176,mrr_10:0.12287
2024-10-29 23:17:44.831 | INFO     | __main__:<module>:285 - End
2024-10-29 23:17:44.832 | INFO     | __main__:<module>:286 - best hr: 0.3949394939493949, best ndcg : 0.21972253655908258,best mrr : 0.16610504304398693
