2024-10-30 08:53:32.373 | INFO     | __main__:<module>:185 - parameter settings: batch_size:128,lr:0.001,embed_id_dim:256,alpha:0.01,gamma:0.2, beta:0.4,noise:0.2,global_proto_agg_way:weight, client_num:3,client_names:['douban_book_movie_music_book', 'douban_book_movie_music_movie', 'douban_book_movie_music_music'],top_k:10,local epochs:1
2024-10-30 08:53:32.434 | INFO     | __main__:<module>:227 - initialize local data and local model:['douban_book_movie_music_book', 'douban_book_movie_music_movie', 'douban_book_movie_music_music']
2024-10-30 08:53:32.435 | INFO     | utils.load_data:__init__:46 - load datasets
2024-10-30 08:53:35.466 | INFO     | utils.load_data:__init__:49 - calculate user neighbors
2024-10-30 08:53:35.611 | INFO     | utils.load_data:__init__:51 - create data loader
2024-10-30 08:53:35.630 | INFO     | utils.load_data:__init__:54 - read test samples
2024-10-30 08:53:41.087 | INFO     | utils.load_data:__init__:46 - load datasets
2024-10-30 08:55:50.840 | INFO     | utils.load_data:__init__:49 - calculate user neighbors
2024-10-30 08:55:52.865 | INFO     | utils.load_data:__init__:51 - create data loader
2024-10-30 08:55:53.080 | INFO     | utils.load_data:__init__:54 - read test samples
2024-10-30 08:55:54.330 | INFO     | utils.load_data:__init__:46 - load datasets
2024-10-30 08:55:56.830 | INFO     | utils.load_data:__init__:49 - calculate user neighbors
2024-10-30 08:55:56.953 | INFO     | utils.load_data:__init__:51 - create data loader
2024-10-30 08:55:56.968 | INFO     | utils.load_data:__init__:54 - read test samples
2024-10-30 08:57:20.679 | INFO     | __main__:<module>:316 - round:0, client:0, loss:471.38468, ce loss:0.69149, intra cl loss: 2353.46593, hr_5:0.15649, ndcg_5:0.11553,mrr_5:0.10192,hr_10:0.24750, ndcg_10:0.14505,mrr_10:0.11416
2024-10-30 09:09:52.407 | INFO     | __main__:<module>:316 - round:0, client:1, loss:395.69758, ce loss:0.55274, intra cl loss: 1975.72419, hr_5:0.46393, ndcg_5:0.32938,mrr_5:0.28494,hr_10:0.59822, ndcg_10:0.37288,mrr_10:0.30293
2024-10-30 09:10:52.139 | INFO     | __main__:<module>:316 - round:0, client:2, loss:464.78040, ce loss:0.69402, intra cl loss: 2320.43182, hr_5:0.10877, ndcg_5:0.06827,mrr_5:0.05503,hr_10:0.18091, ndcg_10:0.09152,mrr_10:0.06458
2024-10-30 09:12:24.019 | INFO     | __main__:<module>:316 - round:1, client:0, loss:360.48801, ce loss:0.66967, intra cl loss: 1799.09169, hr_5:0.20533, ndcg_5:0.14469,mrr_5:0.12495,hr_10:0.28746, ndcg_10:0.17123,mrr_10:0.13590
2024-10-30 09:24:29.066 | INFO     | __main__:<module>:316 - round:1, client:1, loss:372.84456, ce loss:0.49465, intra cl loss: 1861.74952, hr_5:0.49390, ndcg_5:0.35618,mrr_5:0.31064,hr_10:0.64706, ndcg_10:0.40592,mrr_10:0.33129
2024-10-30 09:25:29.329 | INFO     | __main__:<module>:316 - round:1, client:2, loss:350.30547, ce loss:0.68738, intra cl loss: 1748.09042, hr_5:0.13097, ndcg_5:0.08582,mrr_5:0.07103,hr_10:0.21643, ndcg_10:0.11313,mrr_10:0.08210
2024-10-30 09:26:24.221 | INFO     | __main__:<module>:316 - round:2, client:0, loss:341.02395, ce loss:0.65446, intra cl loss: 1701.84747, hr_5:0.19645, ndcg_5:0.13939,mrr_5:0.12068,hr_10:0.30411, ndcg_10:0.17416,mrr_10:0.13500
2024-10-30 09:39:17.296 | INFO     | __main__:<module>:316 - round:2, client:1, loss:371.15846, ce loss:0.45077, intra cl loss: 1853.53842, hr_5:0.54939, ndcg_5:0.40602,mrr_5:0.35845,hr_10:0.69589, ndcg_10:0.45308,mrr_10:0.37768
2024-10-30 09:40:05.654 | INFO     | __main__:<module>:316 - round:2, client:2, loss:331.03327, ce loss:0.68008, intra cl loss: 1651.76595, hr_5:0.14539, ndcg_5:0.09641,mrr_5:0.08026,hr_10:0.21976, ndcg_10:0.12012,mrr_10:0.08986
2024-10-30 09:41:13.912 | INFO     | __main__:<module>:316 - round:3, client:0, loss:329.48092, ce loss:0.64547, intra cl loss: 1644.17722, hr_5:0.20644, ndcg_5:0.14229,mrr_5:0.12122,hr_10:0.31188, ndcg_10:0.17622,mrr_10:0.13512
2024-10-30 09:53:48.425 | INFO     | __main__:<module>:316 - round:3, client:1, loss:370.72522, ce loss:0.42110, intra cl loss: 1851.52058, hr_5:0.55494, ndcg_5:0.39866,mrr_5:0.34708,hr_10:0.71143, ndcg_10:0.44955,mrr_10:0.36824
2024-10-30 09:54:42.005 | INFO     | __main__:<module>:316 - round:3, client:2, loss:319.25783, ce loss:0.67357, intra cl loss: 1592.92127, hr_5:0.16426, ndcg_5:0.10792,mrr_5:0.08922,hr_10:0.24528, ndcg_10:0.13409,mrr_10:0.09999
2024-10-30 09:55:48.915 | INFO     | __main__:<module>:316 - round:4, client:0, loss:321.66528, ce loss:0.63892, intra cl loss: 1605.13173, hr_5:0.21754, ndcg_5:0.15043,mrr_5:0.12843,hr_10:0.31743, ndcg_10:0.18271,mrr_10:0.14174
2024-10-30 10:08:50.123 | INFO     | __main__:<module>:316 - round:4, client:1, loss:370.44388, ce loss:0.40580, intra cl loss: 1850.19034, hr_5:0.55494, ndcg_5:0.40287,mrr_5:0.35244,hr_10:0.72808, ndcg_10:0.45892,mrr_10:0.37561
2024-10-30 10:09:49.557 | INFO     | __main__:<module>:316 - round:4, client:2, loss:311.25262, ce loss:0.66782, intra cl loss: 1552.92400, hr_5:0.15982, ndcg_5:0.10653,mrr_5:0.08914,hr_10:0.25083, ndcg_10:0.13567,mrr_10:0.10101
2024-10-30 10:10:40.056 | INFO     | __main__:<module>:316 - round:5, client:0, loss:316.34280, ce loss:0.63464, intra cl loss: 1578.54076, hr_5:0.21643, ndcg_5:0.14932,mrr_5:0.12727,hr_10:0.31964, ndcg_10:0.18250,mrr_10:0.14085
2024-10-30 10:23:20.023 | INFO     | __main__:<module>:316 - round:5, client:1, loss:370.29890, ce loss:0.39572, intra cl loss: 1849.51587, hr_5:0.59156, ndcg_5:0.43823,mrr_5:0.38755,hr_10:0.74584, ndcg_10:0.48809,mrr_10:0.40810
2024-10-30 10:24:09.296 | INFO     | __main__:<module>:316 - round:5, client:2, loss:305.57456, ce loss:0.66472, intra cl loss: 1524.54914, hr_5:0.17203, ndcg_5:0.11523,mrr_5:0.09671,hr_10:0.27303, ndcg_10:0.14756,mrr_10:0.10987
2024-10-30 10:25:16.000 | INFO     | __main__:<module>:316 - round:6, client:0, loss:312.41408, ce loss:0.63311, intra cl loss: 1558.90483, hr_5:0.22198, ndcg_5:0.15607,mrr_5:0.13457,hr_10:0.31188, ndcg_10:0.18442,mrr_10:0.14585
2024-10-30 10:37:50.106 | INFO     | __main__:<module>:316 - round:6, client:1, loss:370.22793, ce loss:0.38954, intra cl loss: 1849.19196, hr_5:0.60821, ndcg_5:0.44173,mrr_5:0.38663,hr_10:0.75805, ndcg_10:0.49013,mrr_10:0.40659
2024-10-30 10:38:50.985 | INFO     | __main__:<module>:316 - round:6, client:2, loss:301.39662, ce loss:0.66027, intra cl loss: 1503.68175, hr_5:0.18313, ndcg_5:0.12009,mrr_5:0.09941,hr_10:0.27747, ndcg_10:0.15038,mrr_10:0.11179
2024-10-30 10:39:57.768 | INFO     | __main__:<module>:316 - round:7, client:0, loss:309.54771, ce loss:0.62999, intra cl loss: 1544.58861, hr_5:0.22198, ndcg_5:0.15409,mrr_5:0.13169,hr_10:0.32297, ndcg_10:0.18670,mrr_10:0.14513
2024-10-30 10:52:22.224 | INFO     | __main__:<module>:316 - round:7, client:1, loss:370.14878, ce loss:0.38504, intra cl loss: 1848.81867, hr_5:0.61043, ndcg_5:0.44751,mrr_5:0.39382,hr_10:0.74695, ndcg_10:0.49169,mrr_10:0.41207
2024-10-30 10:53:19.360 | INFO     | __main__:<module>:316 - round:7, client:2, loss:298.22656, ce loss:0.65600, intra cl loss: 1487.85276, hr_5:0.17647, ndcg_5:0.11865,mrr_5:0.09943,hr_10:0.27747, ndcg_10:0.15099,mrr_10:0.11259
2024-10-30 10:54:26.055 | INFO     | __main__:<module>:316 - round:8, client:0, loss:307.35638, ce loss:0.62864, intra cl loss: 1533.63864, hr_5:0.21199, ndcg_5:0.15065,mrr_5:0.13039,hr_10:0.32741, ndcg_10:0.18772,mrr_10:0.14554
2024-10-30 11:06:50.708 | INFO     | __main__:<module>:316 - round:8, client:1, loss:370.14544, ce loss:0.38189, intra cl loss: 1848.81771, hr_5:0.61265, ndcg_5:0.44795,mrr_5:0.39380,hr_10:0.74473, ndcg_10:0.49078,mrr_10:0.41155
2024-10-30 11:08:09.993 | INFO     | __main__:<module>:316 - round:8, client:2, loss:295.92669, ce loss:0.65268, intra cl loss: 1476.37002, hr_5:0.18535, ndcg_5:0.12442,mrr_5:0.10435,hr_10:0.27525, ndcg_10:0.15324,mrr_10:0.11610
2024-10-30 11:08:58.901 | INFO     | __main__:<module>:316 - round:9, client:0, loss:305.55245, ce loss:0.62518, intra cl loss: 1524.63629, hr_5:0.22752, ndcg_5:0.15453,mrr_5:0.13084,hr_10:0.33851, ndcg_10:0.19015,mrr_10:0.14538
2024-10-30 11:21:05.014 | INFO     | __main__:<module>:316 - round:9, client:1, loss:370.08960, ce loss:0.37945, intra cl loss: 1848.55070, hr_5:0.60710, ndcg_5:0.45402,mrr_5:0.40363,hr_10:0.75250, ndcg_10:0.50143,mrr_10:0.42341
2024-10-30 11:21:59.094 | INFO     | __main__:<module>:316 - round:9, client:2, loss:293.79864, ce loss:0.64823, intra cl loss: 1465.75204, hr_5:0.18202, ndcg_5:0.12266,mrr_5:0.10324,hr_10:0.28746, ndcg_10:0.15638,mrr_10:0.11694
2024-10-30 11:23:31.064 | INFO     | __main__:<module>:316 - round:10, client:0, loss:304.02899, ce loss:0.62568, intra cl loss: 1517.01650, hr_5:0.22420, ndcg_5:0.15754,mrr_5:0.13563,hr_10:0.32408, ndcg_10:0.19015,mrr_10:0.14926
2024-10-30 11:35:26.800 | INFO     | __main__:<module>:316 - round:10, client:1, loss:370.06039, ce loss:0.37808, intra cl loss: 1848.41154, hr_5:0.60821, ndcg_5:0.44156,mrr_5:0.38648,hr_10:0.77137, ndcg_10:0.49469,mrr_10:0.40863
2024-10-30 11:36:25.627 | INFO     | __main__:<module>:316 - round:10, client:2, loss:292.28617, ce loss:0.64621, intra cl loss: 1458.19979, hr_5:0.19978, ndcg_5:0.13448,mrr_5:0.11295,hr_10:0.29967, ndcg_10:0.16671,mrr_10:0.12620
2024-10-30 11:37:31.417 | INFO     | __main__:<module>:316 - round:11, client:0, loss:302.84194, ce loss:0.62007, intra cl loss: 1511.10932, hr_5:0.23085, ndcg_5:0.16317,mrr_5:0.14105,hr_10:0.33185, ndcg_10:0.19563,mrr_10:0.15432
2024-10-30 11:49:40.791 | INFO     | __main__:<module>:316 - round:11, client:1, loss:370.04130, ce loss:0.37592, intra cl loss: 1848.32689, hr_5:0.61820, ndcg_5:0.45571,mrr_5:0.40178,hr_10:0.77358, ndcg_10:0.50598,mrr_10:0.42255
2024-10-30 11:50:33.525 | INFO     | __main__:<module>:316 - round:11, client:2, loss:290.91055, ce loss:0.64412, intra cl loss: 1451.33212, hr_5:0.18202, ndcg_5:0.11741,mrr_5:0.09604,hr_10:0.29190, ndcg_10:0.15234,mrr_10:0.11010
2024-10-30 11:51:36.477 | INFO     | __main__:<module>:316 - round:12, client:0, loss:301.91561, ce loss:0.61819, intra cl loss: 1506.48712, hr_5:0.23640, ndcg_5:0.16856,mrr_5:0.14617,hr_10:0.33518, ndcg_10:0.20051,mrr_10:0.15935
2024-10-30 12:04:18.810 | INFO     | __main__:<module>:316 - round:12, client:1, loss:370.05374, ce loss:0.37546, intra cl loss: 1848.39137, hr_5:0.63152, ndcg_5:0.46644,mrr_5:0.41165,hr_10:0.75694, ndcg_10:0.50711,mrr_10:0.42851
2024-10-30 12:05:08.635 | INFO     | __main__:<module>:316 - round:12, client:2, loss:289.76342, ce loss:0.64123, intra cl loss: 1445.61091, hr_5:0.20422, ndcg_5:0.12848,mrr_5:0.10387,hr_10:0.30411, ndcg_10:0.16069,mrr_10:0.11711
2024-10-30 12:06:11.962 | INFO     | __main__:<module>:316 - round:13, client:0, loss:300.98529, ce loss:0.61520, intra cl loss: 1501.85040, hr_5:0.23196, ndcg_5:0.16567,mrr_5:0.14384,hr_10:0.34517, ndcg_10:0.20244,mrr_10:0.15912
2024-10-30 12:18:20.106 | INFO     | __main__:<module>:316 - round:13, client:1, loss:370.00944, ce loss:0.37335, intra cl loss: 1848.18044, hr_5:0.62486, ndcg_5:0.46796,mrr_5:0.41607,hr_10:0.77358, ndcg_10:0.51604,mrr_10:0.43590
2024-10-30 12:19:11.473 | INFO     | __main__:<module>:316 - round:13, client:2, loss:288.67411, ce loss:0.63950, intra cl loss: 1440.17302, hr_5:0.18868, ndcg_5:0.12496,mrr_5:0.10409,hr_10:0.29523, ndcg_10:0.15902,mrr_10:0.11794
2024-10-30 12:20:17.119 | INFO     | __main__:<module>:316 - round:14, client:0, loss:300.25153, ce loss:0.61309, intra cl loss: 1498.19214, hr_5:0.24528, ndcg_5:0.17000,mrr_5:0.14519,hr_10:0.35627, ndcg_10:0.20568,mrr_10:0.15979
2024-10-30 12:32:36.335 | INFO     | __main__:<module>:316 - round:14, client:1, loss:369.99429, ce loss:0.37325, intra cl loss: 1848.10516, hr_5:0.63152, ndcg_5:0.47572,mrr_5:0.42410,hr_10:0.76804, ndcg_10:0.51987,mrr_10:0.44232
2024-10-30 12:33:35.487 | INFO     | __main__:<module>:316 - round:14, client:2, loss:287.92925, ce loss:0.63710, intra cl loss: 1436.46072, hr_5:0.19867, ndcg_5:0.12779,mrr_5:0.10457,hr_10:0.30078, ndcg_10:0.16014,mrr_10:0.11754
2024-10-30 12:34:41.116 | INFO     | __main__:<module>:316 - round:15, client:0, loss:299.73696, ce loss:0.61178, intra cl loss: 1495.62589, hr_5:0.23307, ndcg_5:0.16823,mrr_5:0.14682,hr_10:0.35183, ndcg_10:0.20637,mrr_10:0.16239
2024-10-30 12:47:03.902 | INFO     | __main__:<module>:316 - round:15, client:1, loss:369.99915, ce loss:0.37121, intra cl loss: 1848.13970, hr_5:0.59600, ndcg_5:0.44798,mrr_5:0.39895,hr_10:0.74917, ndcg_10:0.49783,mrr_10:0.41970
2024-10-30 12:47:55.923 | INFO     | __main__:<module>:316 - round:15, client:2, loss:287.29579, ce loss:0.63483, intra cl loss: 1433.30478, hr_5:0.18757, ndcg_5:0.12744,mrr_5:0.10771,hr_10:0.31188, ndcg_10:0.16742,mrr_10:0.12408
2024-10-30 12:48:58.453 | INFO     | __main__:<module>:316 - round:16, client:0, loss:299.19268, ce loss:0.60894, intra cl loss: 1492.91866, hr_5:0.24972, ndcg_5:0.17116,mrr_5:0.14552,hr_10:0.35738, ndcg_10:0.20613,mrr_10:0.16005
2024-10-30 13:01:27.610 | INFO     | __main__:<module>:316 - round:16, client:1, loss:369.95646, ce loss:0.37154, intra cl loss: 1847.92456, hr_5:0.62153, ndcg_5:0.46575,mrr_5:0.41391,hr_10:0.75805, ndcg_10:0.50984,mrr_10:0.43207
2024-10-30 13:02:17.064 | INFO     | __main__:<module>:316 - round:16, client:2, loss:286.63555, ce loss:0.63356, intra cl loss: 1430.00990, hr_5:0.18979, ndcg_5:0.12121,mrr_5:0.09869,hr_10:0.29856, ndcg_10:0.15616,mrr_10:0.11298
2024-10-30 13:03:18.052 | INFO     | __main__:<module>:316 - round:17, client:0, loss:298.66775, ce loss:0.60778, intra cl loss: 1490.29986, hr_5:0.24195, ndcg_5:0.16708,mrr_5:0.14266,hr_10:0.33407, ndcg_10:0.19674,mrr_10:0.15483
2024-10-30 13:15:34.918 | INFO     | __main__:<module>:316 - round:17, client:1, loss:369.96347, ce loss:0.37038, intra cl loss: 1847.96540, hr_5:0.62597, ndcg_5:0.46224,mrr_5:0.40840,hr_10:0.74806, ndcg_10:0.50210,mrr_10:0.42508
2024-10-30 13:16:35.538 | INFO     | __main__:<module>:316 - round:17, client:2, loss:286.11630, ce loss:0.63231, intra cl loss: 1427.41991, hr_5:0.19423, ndcg_5:0.12638,mrr_5:0.10437,hr_10:0.28857, ndcg_10:0.15671,mrr_10:0.11678
2024-10-30 13:17:42.351 | INFO     | __main__:<module>:316 - round:18, client:0, loss:298.31972, ce loss:0.60715, intra cl loss: 1488.56281, hr_5:0.23196, ndcg_5:0.16050,mrr_5:0.13690,hr_10:0.34184, ndcg_10:0.19558,mrr_10:0.15112
2024-10-30 13:29:53.014 | INFO     | __main__:<module>:316 - round:18, client:1, loss:369.92963, ce loss:0.36998, intra cl loss: 1847.79821, hr_5:0.60710, ndcg_5:0.45865,mrr_5:0.40945,hr_10:0.75361, ndcg_10:0.50636,mrr_10:0.42935
2024-10-30 13:31:20.542 | INFO     | __main__:<module>:316 - round:18, client:2, loss:285.55787, ce loss:0.63123, intra cl loss: 1424.63316, hr_5:0.19978, ndcg_5:0.12613,mrr_5:0.10179,hr_10:0.31521, ndcg_10:0.16333,mrr_10:0.11708
2024-10-30 13:32:28.028 | INFO     | __main__:<module>:316 - round:19, client:0, loss:297.99237, ce loss:0.60563, intra cl loss: 1486.93370, hr_5:0.24861, ndcg_5:0.16977,mrr_5:0.14417,hr_10:0.33407, ndcg_10:0.19713,mrr_10:0.15529
2024-10-30 13:44:39.650 | INFO     | __main__:<module>:316 - round:19, client:1, loss:369.95977, ce loss:0.36887, intra cl loss: 1847.95450, hr_5:0.61709, ndcg_5:0.46829,mrr_5:0.41879,hr_10:0.75472, ndcg_10:0.51298,mrr_10:0.43735
2024-10-30 13:45:34.079 | INFO     | __main__:<module>:316 - round:19, client:2, loss:285.15135, ce loss:0.62890, intra cl loss: 1422.61221, hr_5:0.19645, ndcg_5:0.12971,mrr_5:0.10786,hr_10:0.29634, ndcg_10:0.16217,mrr_10:0.12135
2024-10-30 13:47:01.250 | INFO     | __main__:<module>:316 - round:20, client:0, loss:297.72092, ce loss:0.60357, intra cl loss: 1485.58670, hr_5:0.24861, ndcg_5:0.17199,mrr_5:0.14687,hr_10:0.36404, ndcg_10:0.20905,mrr_10:0.16203
2024-10-30 13:59:27.391 | INFO     | __main__:<module>:316 - round:20, client:1, loss:369.95974, ce loss:0.36769, intra cl loss: 1847.96025, hr_5:0.63485, ndcg_5:0.46715,mrr_5:0.41178,hr_10:0.77469, ndcg_10:0.51245,mrr_10:0.43053
2024-10-30 14:00:28.663 | INFO     | __main__:<module>:316 - round:20, client:2, loss:284.86022, ce loss:0.62776, intra cl loss: 1421.16228, hr_5:0.20200, ndcg_5:0.13131,mrr_5:0.10827,hr_10:0.29301, ndcg_10:0.16035,mrr_10:0.12001
2024-10-30 14:01:28.642 | INFO     | __main__:<module>:316 - round:21, client:0, loss:297.46038, ce loss:0.60139, intra cl loss: 1484.29491, hr_5:0.26970, ndcg_5:0.17914,mrr_5:0.14956,hr_10:0.37514, ndcg_10:0.21300,mrr_10:0.16339
2024-10-30 14:14:08.515 | INFO     | __main__:<module>:316 - round:21, client:1, loss:369.93551, ce loss:0.36668, intra cl loss: 1847.84411, hr_5:0.63263, ndcg_5:0.47168,mrr_5:0.41831,hr_10:0.76138, ndcg_10:0.51333,mrr_10:0.43550
2024-10-30 14:15:09.414 | INFO     | __main__:<module>:316 - round:21, client:2, loss:284.47303, ce loss:0.62619, intra cl loss: 1419.23418, hr_5:0.18979, ndcg_5:0.12799,mrr_5:0.10764,hr_10:0.29856, ndcg_10:0.16296,mrr_10:0.12195
2024-10-30 14:16:15.012 | INFO     | __main__:<module>:316 - round:22, client:0, loss:297.27986, ce loss:0.60073, intra cl loss: 1483.39562, hr_5:0.26637, ndcg_5:0.18215,mrr_5:0.15464,hr_10:0.35072, ndcg_10:0.20906,mrr_10:0.16553
2024-10-30 14:28:55.558 | INFO     | __main__:<module>:316 - round:22, client:1, loss:369.95154, ce loss:0.36670, intra cl loss: 1847.92419, hr_5:0.61709, ndcg_5:0.46553,mrr_5:0.41530,hr_10:0.76582, ndcg_10:0.51364,mrr_10:0.43516
2024-10-30 14:29:57.190 | INFO     | __main__:<module>:316 - round:22, client:2, loss:284.18416, ce loss:0.62554, intra cl loss: 1417.79307, hr_5:0.19756, ndcg_5:0.12657,mrr_5:0.10353,hr_10:0.32186, ndcg_10:0.16668,mrr_10:0.12003
2024-10-30 14:30:53.134 | INFO     | __main__:<module>:316 - round:23, client:0, loss:297.07314, ce loss:0.59671, intra cl loss: 1482.38214, hr_5:0.26082, ndcg_5:0.17427,mrr_5:0.14602,hr_10:0.35738, ndcg_10:0.20536,mrr_10:0.15877
2024-10-30 14:43:33.503 | INFO     | __main__:<module>:316 - round:23, client:1, loss:369.90219, ce loss:0.36726, intra cl loss: 1847.67464, hr_5:0.62375, ndcg_5:0.45730,mrr_5:0.40240,hr_10:0.76360, ndcg_10:0.50250,mrr_10:0.42105
2024-10-30 14:44:23.234 | INFO     | __main__:<module>:316 - round:23, client:2, loss:283.96010, ce loss:0.62237, intra cl loss: 1416.68863, hr_5:0.19201, ndcg_5:0.12602,mrr_5:0.10442,hr_10:0.30078, ndcg_10:0.16085,mrr_10:0.11860
2024-10-30 14:45:30.950 | INFO     | __main__:<module>:316 - round:24, client:0, loss:296.88504, ce loss:0.59430, intra cl loss: 1481.45366, hr_5:0.24195, ndcg_5:0.17166,mrr_5:0.14872,hr_10:0.36626, ndcg_10:0.21141,mrr_10:0.16487
2024-10-30 14:58:28.474 | INFO     | __main__:<module>:316 - round:24, client:1, loss:369.89951, ce loss:0.36542, intra cl loss: 1847.67044, hr_5:0.60599, ndcg_5:0.46672,mrr_5:0.42064,hr_10:0.76915, ndcg_10:0.51990,mrr_10:0.44283
2024-10-30 14:59:24.162 | INFO     | __main__:<module>:316 - round:24, client:2, loss:283.71477, ce loss:0.61923, intra cl loss: 1415.47768, hr_5:0.19756, ndcg_5:0.13085,mrr_5:0.10895,hr_10:0.29523, ndcg_10:0.16221,mrr_10:0.12177
2024-10-30 15:00:18.578 | INFO     | __main__:<module>:316 - round:25, client:0, loss:296.77835, ce loss:0.59212, intra cl loss: 1480.93113, hr_5:0.25305, ndcg_5:0.16936,mrr_5:0.14192,hr_10:0.34739, ndcg_10:0.20026,mrr_10:0.15491
2024-10-30 15:13:11.755 | INFO     | __main__:<module>:316 - round:25, client:1, loss:369.89987, ce loss:0.36478, intra cl loss: 1847.67541, hr_5:0.63374, ndcg_5:0.48210,mrr_5:0.43163,hr_10:0.78801, ndcg_10:0.53284,mrr_10:0.45308
2024-10-30 15:14:12.429 | INFO     | __main__:<module>:316 - round:25, client:2, loss:283.57032, ce loss:0.61861, intra cl loss: 1414.75851, hr_5:0.20422, ndcg_5:0.13401,mrr_5:0.11091,hr_10:0.31521, ndcg_10:0.16972,mrr_10:0.12554
2024-10-30 15:15:07.091 | INFO     | __main__:<module>:316 - round:26, client:0, loss:296.67543, ce loss:0.58966, intra cl loss: 1480.42885, hr_5:0.23418, ndcg_5:0.17213,mrr_5:0.15170,hr_10:0.34739, ndcg_10:0.20851,mrr_10:0.16659
2024-10-30 15:27:46.829 | INFO     | __main__:<module>:316 - round:26, client:1, loss:369.91189, ce loss:0.36505, intra cl loss: 1847.73418, hr_5:0.63818, ndcg_5:0.48329,mrr_5:0.43200,hr_10:0.78468, ndcg_10:0.53071,mrr_10:0.45159
2024-10-30 15:28:36.272 | INFO     | __main__:<module>:316 - round:26, client:2, loss:283.41959, ce loss:0.61748, intra cl loss: 1414.01053, hr_5:0.19534, ndcg_5:0.12759,mrr_5:0.10548,hr_10:0.31632, ndcg_10:0.16655,mrr_10:0.12146
2024-10-30 15:29:43.851 | INFO     | __main__:<module>:316 - round:27, client:0, loss:296.59744, ce loss:0.58454, intra cl loss: 1480.06446, hr_5:0.24639, ndcg_5:0.17210,mrr_5:0.14772,hr_10:0.36182, ndcg_10:0.20933,mrr_10:0.16303
2024-10-30 15:42:02.160 | INFO     | __main__:<module>:316 - round:27, client:1, loss:369.90659, ce loss:0.36466, intra cl loss: 1847.70963, hr_5:0.62930, ndcg_5:0.46740,mrr_5:0.41369,hr_10:0.78468, ndcg_10:0.51706,mrr_10:0.43384
2024-10-30 15:43:24.598 | INFO     | __main__:<module>:316 - round:27, client:2, loss:283.25791, ce loss:0.61490, intra cl loss: 1413.21504, hr_5:0.19090, ndcg_5:0.12428,mrr_5:0.10224,hr_10:0.32408, ndcg_10:0.16689,mrr_10:0.11955
2024-10-30 15:44:32.088 | INFO     | __main__:<module>:316 - round:28, client:0, loss:296.51966, ce loss:0.58416, intra cl loss: 1479.67747, hr_5:0.25194, ndcg_5:0.17497,mrr_5:0.14963,hr_10:0.35849, ndcg_10:0.20885,mrr_10:0.16328
2024-10-30 15:56:57.886 | INFO     | __main__:<module>:316 - round:28, client:1, loss:369.89624, ce loss:0.36412, intra cl loss: 1847.66060, hr_5:0.63041, ndcg_5:0.46960,mrr_5:0.41637,hr_10:0.76693, ndcg_10:0.51366,mrr_10:0.43451
2024-10-30 15:58:01.554 | INFO     | __main__:<module>:316 - round:28, client:2, loss:283.10707, ce loss:0.61524, intra cl loss: 1412.45912, hr_5:0.20977, ndcg_5:0.13722,mrr_5:0.11337,hr_10:0.30300, ndcg_10:0.16704,mrr_10:0.12550
2024-10-30 15:59:27.933 | INFO     | __main__:<module>:316 - round:29, client:0, loss:296.37579, ce loss:0.58330, intra cl loss: 1478.96243, hr_5:0.25194, ndcg_5:0.17408,mrr_5:0.14835,hr_10:0.37292, ndcg_10:0.21282,mrr_10:0.16412
2024-10-30 16:11:42.665 | INFO     | __main__:<module>:316 - round:29, client:1, loss:369.88423, ce loss:0.36329, intra cl loss: 1847.60470, hr_5:0.63263, ndcg_5:0.46430,mrr_5:0.40862,hr_10:0.77469, ndcg_10:0.51053,mrr_10:0.42786
2024-10-30 16:12:43.598 | INFO     | __main__:<module>:316 - round:29, client:2, loss:282.92355, ce loss:0.61238, intra cl loss: 1411.55580, hr_5:0.21199, ndcg_5:0.14083,mrr_5:0.11748,hr_10:0.33185, ndcg_10:0.17947,mrr_10:0.13336
2024-10-30 16:13:39.536 | INFO     | __main__:<module>:316 - round:30, client:0, loss:296.31249, ce loss:0.57810, intra cl loss: 1478.67194, hr_5:0.26637, ndcg_5:0.18282,mrr_5:0.15559,hr_10:0.38291, ndcg_10:0.22053,mrr_10:0.17116
2024-10-30 16:26:30.289 | INFO     | __main__:<module>:316 - round:30, client:1, loss:369.85480, ce loss:0.36244, intra cl loss: 1847.46178, hr_5:0.63707, ndcg_5:0.47374,mrr_5:0.41968,hr_10:0.78135, ndcg_10:0.52083,mrr_10:0.43937
2024-10-30 16:27:21.310 | INFO     | __main__:<module>:316 - round:30, client:2, loss:282.87879, ce loss:0.61143, intra cl loss: 1411.33678, hr_5:0.20644, ndcg_5:0.12957,mrr_5:0.10435,hr_10:0.32186, ndcg_10:0.16676,mrr_10:0.11963
2024-10-30 16:28:29.402 | INFO     | __main__:<module>:316 - round:31, client:0, loss:296.26044, ce loss:0.57654, intra cl loss: 1478.41951, hr_5:0.24750, ndcg_5:0.17543,mrr_5:0.15170,hr_10:0.36737, ndcg_10:0.21435,mrr_10:0.16785
2024-10-30 16:41:10.831 | INFO     | __main__:<module>:316 - round:31, client:1, loss:369.89010, ce loss:0.36277, intra cl loss: 1847.63661, hr_5:0.66149, ndcg_5:0.49748,mrr_5:0.44325,hr_10:0.80799, ndcg_10:0.54484,mrr_10:0.46279
2024-10-30 16:42:10.502 | INFO     | __main__:<module>:316 - round:31, client:2, loss:282.80625, ce loss:0.60849, intra cl loss: 1410.98878, hr_5:0.18868, ndcg_5:0.12572,mrr_5:0.10501,hr_10:0.31521, ndcg_10:0.16604,mrr_10:0.12130
2024-10-30 16:43:17.982 | INFO     | __main__:<module>:316 - round:32, client:0, loss:296.23403, ce loss:0.57443, intra cl loss: 1478.29795, hr_5:0.26637, ndcg_5:0.18375,mrr_5:0.15673,hr_10:0.38291, ndcg_10:0.22140,mrr_10:0.17225
2024-10-30 16:56:20.024 | INFO     | __main__:<module>:316 - round:32, client:1, loss:369.89480, ce loss:0.36207, intra cl loss: 1847.66360, hr_5:0.64706, ndcg_5:0.48668,mrr_5:0.43359,hr_10:0.79023, ndcg_10:0.53321,mrr_10:0.45293
2024-10-30 16:57:15.816 | INFO     | __main__:<module>:316 - round:32, client:2, loss:282.73911, ce loss:0.60968, intra cl loss: 1410.64710, hr_5:0.19534, ndcg_5:0.12811,mrr_5:0.10605,hr_10:0.30189, ndcg_10:0.16226,mrr_10:0.11997
2024-10-30 16:58:12.671 | INFO     | __main__:<module>:316 - round:33, client:0, loss:296.15382, ce loss:0.57257, intra cl loss: 1477.90623, hr_5:0.26415, ndcg_5:0.18238,mrr_5:0.15533,hr_10:0.38846, ndcg_10:0.22187,mrr_10:0.17123
2024-10-30 17:10:58.324 | INFO     | __main__:<module>:316 - round:33, client:1, loss:369.85933, ce loss:0.36211, intra cl loss: 1847.48604, hr_5:0.65372, ndcg_5:0.49013,mrr_5:0.43613,hr_10:0.79023, ndcg_10:0.53467,mrr_10:0.45473
2024-10-30 17:11:49.535 | INFO     | __main__:<module>:316 - round:33, client:2, loss:282.71348, ce loss:0.60598, intra cl loss: 1410.53745, hr_5:0.20422, ndcg_5:0.13578,mrr_5:0.11323,hr_10:0.31632, ndcg_10:0.17208,mrr_10:0.12825
2024-10-30 17:12:53.479 | INFO     | __main__:<module>:316 - round:34, client:0, loss:296.13910, ce loss:0.57012, intra cl loss: 1477.84484, hr_5:0.25083, ndcg_5:0.17074,mrr_5:0.14454,hr_10:0.37070, ndcg_10:0.20902,mrr_10:0.16006
2024-10-30 17:25:31.257 | INFO     | __main__:<module>:316 - round:34, client:1, loss:369.88654, ce loss:0.36088, intra cl loss: 1847.62824, hr_5:0.65816, ndcg_5:0.48319,mrr_5:0.42523,hr_10:0.78135, ndcg_10:0.52302,mrr_10:0.44166
2024-10-30 17:26:33.043 | INFO     | __main__:<module>:316 - round:34, client:2, loss:282.57912, ce loss:0.60493, intra cl loss: 1409.87091, hr_5:0.20422, ndcg_5:0.13300,mrr_5:0.10977,hr_10:0.32075, ndcg_10:0.16992,mrr_10:0.12456
2024-10-30 17:27:41.160 | INFO     | __main__:<module>:316 - round:35, client:0, loss:296.09437, ce loss:0.56577, intra cl loss: 1477.64298, hr_5:0.27192, ndcg_5:0.18575,mrr_5:0.15766,hr_10:0.37736, ndcg_10:0.21964,mrr_10:0.17151
2024-10-30 17:40:14.479 | INFO     | __main__:<module>:316 - round:35, client:1, loss:369.90580, ce loss:0.36037, intra cl loss: 1847.72712, hr_5:0.63374, ndcg_5:0.47903,mrr_5:0.42782,hr_10:0.76693, ndcg_10:0.52225,mrr_10:0.44575
2024-10-30 17:41:14.228 | INFO     | __main__:<module>:316 - round:35, client:2, loss:282.54651, ce loss:0.60319, intra cl loss: 1409.71659, hr_5:0.18646, ndcg_5:0.12592,mrr_5:0.10614,hr_10:0.31410, ndcg_10:0.16688,mrr_10:0.12286
2024-10-30 17:42:20.307 | INFO     | __main__:<module>:316 - round:36, client:0, loss:296.10487, ce loss:0.56454, intra cl loss: 1477.70165, hr_5:0.26304, ndcg_5:0.18093,mrr_5:0.15383,hr_10:0.38180, ndcg_10:0.21890,mrr_10:0.16925
2024-10-30 17:54:37.667 | INFO     | __main__:<module>:316 - round:36, client:1, loss:369.89199, ce loss:0.36133, intra cl loss: 1847.65326, hr_5:0.64262, ndcg_5:0.47668,mrr_5:0.42222,hr_10:0.78135, ndcg_10:0.52226,mrr_10:0.44145
2024-10-30 17:55:50.794 | INFO     | __main__:<module>:316 - round:36, client:2, loss:282.48894, ce loss:0.60197, intra cl loss: 1409.43479, hr_5:0.19645, ndcg_5:0.13234,mrr_5:0.11145,hr_10:0.30078, ndcg_10:0.16546,mrr_10:0.12475
2024-10-30 17:56:43.177 | INFO     | __main__:<module>:316 - round:37, client:0, loss:296.08477, ce loss:0.56219, intra cl loss: 1477.61291, hr_5:0.26526, ndcg_5:0.18316,mrr_5:0.15640,hr_10:0.37736, ndcg_10:0.21948,mrr_10:0.17143
2024-10-30 18:08:52.087 | INFO     | __main__:<module>:316 - round:37, client:1, loss:369.89919, ce loss:0.36048, intra cl loss: 1847.69351, hr_5:0.64373, ndcg_5:0.48629,mrr_5:0.43420,hr_10:0.77802, ndcg_10:0.52999,mrr_10:0.45240
2024-10-30 18:09:50.193 | INFO     | __main__:<module>:316 - round:37, client:2, loss:282.48307, ce loss:0.60088, intra cl loss: 1409.41094, hr_5:0.21421, ndcg_5:0.13675,mrr_5:0.11143,hr_10:0.34850, ndcg_10:0.18005,mrr_10:0.12924
2024-10-30 18:11:20.845 | INFO     | __main__:<module>:316 - round:38, client:0, loss:296.06638, ce loss:0.55979, intra cl loss: 1477.53293, hr_5:0.28635, ndcg_5:0.19633,mrr_5:0.16685,hr_10:0.39401, ndcg_10:0.23103,mrr_10:0.18110
2024-10-30 18:23:12.084 | INFO     | __main__:<module>:316 - round:38, client:1, loss:369.88681, ce loss:0.35886, intra cl loss: 1847.63976, hr_5:0.62375, ndcg_5:0.47320,mrr_5:0.42325,hr_10:0.78468, ndcg_10:0.52565,mrr_10:0.44514
2024-10-30 18:24:11.044 | INFO     | __main__:<module>:316 - round:38, client:2, loss:282.44564, ce loss:0.59922, intra cl loss: 1409.23205, hr_5:0.21310, ndcg_5:0.14250,mrr_5:0.11927,hr_10:0.31853, ndcg_10:0.17639,mrr_10:0.13313
2024-10-30 18:25:43.265 | INFO     | __main__:<module>:316 - round:39, client:0, loss:295.99285, ce loss:0.55856, intra cl loss: 1477.17142, hr_5:0.27525, ndcg_5:0.19047,mrr_5:0.16263,hr_10:0.39401, ndcg_10:0.22880,mrr_10:0.17842
2024-10-30 18:37:13.642 | INFO     | __main__:<module>:316 - round:39, client:1, loss:369.87155, ce loss:0.35944, intra cl loss: 1847.56049, hr_5:0.62708, ndcg_5:0.46555,mrr_5:0.41195,hr_10:0.77137, ndcg_10:0.51244,mrr_10:0.43144
2024-10-30 18:37:53.547 | INFO     | __main__:<module>:316 - round:39, client:2, loss:282.38473, ce loss:0.59792, intra cl loss: 1408.93400, hr_5:0.21199, ndcg_5:0.13579,mrr_5:0.11078,hr_10:0.33962, ndcg_10:0.17675,mrr_10:0.12752
2024-10-30 18:38:37.219 | INFO     | __main__:<module>:316 - round:40, client:0, loss:295.99353, ce loss:0.55368, intra cl loss: 1477.19923, hr_5:0.28302, ndcg_5:0.19630,mrr_5:0.16767,hr_10:0.40178, ndcg_10:0.23437,mrr_10:0.18318
2024-10-30 18:49:03.827 | INFO     | __main__:<module>:316 - round:40, client:1, loss:369.87988, ce loss:0.35844, intra cl loss: 1847.60717, hr_5:0.63374, ndcg_5:0.48183,mrr_5:0.43141,hr_10:0.80577, ndcg_10:0.53759,mrr_10:0.45451
2024-10-30 18:49:43.532 | INFO     | __main__:<module>:316 - round:40, client:2, loss:282.30478, ce loss:0.59596, intra cl loss: 1408.54408, hr_5:0.20644, ndcg_5:0.13464,mrr_5:0.11112,hr_10:0.31964, ndcg_10:0.17177,mrr_10:0.12675
2024-10-30 18:50:27.039 | INFO     | __main__:<module>:316 - round:41, client:0, loss:295.94965, ce loss:0.55412, intra cl loss: 1476.97760, hr_5:0.26970, ndcg_5:0.18864,mrr_5:0.16202,hr_10:0.38624, ndcg_10:0.22557,mrr_10:0.17683
2024-10-30 19:00:47.171 | INFO     | __main__:<module>:316 - round:41, client:1, loss:369.87250, ce loss:0.35938, intra cl loss: 1847.56554, hr_5:0.64484, ndcg_5:0.49710,mrr_5:0.44785,hr_10:0.78801, ndcg_10:0.54335,mrr_10:0.46690
2024-10-30 19:01:26.965 | INFO     | __main__:<module>:316 - round:41, client:2, loss:282.33817, ce loss:0.59295, intra cl loss: 1408.72606, hr_5:0.19978, ndcg_5:0.13276,mrr_5:0.11080,hr_10:0.32741, ndcg_10:0.17339,mrr_10:0.12720
2024-10-30 19:02:10.306 | INFO     | __main__:<module>:316 - round:42, client:0, loss:295.89265, ce loss:0.55294, intra cl loss: 1476.69850, hr_5:0.27636, ndcg_5:0.19542,mrr_5:0.16896,hr_10:0.40844, ndcg_10:0.23795,mrr_10:0.18641
2024-10-30 19:12:28.593 | INFO     | __main__:<module>:316 - round:42, client:1, loss:369.86852, ce loss:0.35914, intra cl loss: 1847.54688, hr_5:0.65594, ndcg_5:0.49758,mrr_5:0.44495,hr_10:0.79245, ndcg_10:0.54183,mrr_10:0.46327
2024-10-30 19:13:07.846 | INFO     | __main__:<module>:316 - round:42, client:2, loss:282.29636, ce loss:0.59219, intra cl loss: 1408.52083, hr_5:0.19312, ndcg_5:0.13129,mrr_5:0.11104,hr_10:0.31743, ndcg_10:0.17165,mrr_10:0.12780
2024-10-30 19:13:51.548 | INFO     | __main__:<module>:316 - round:43, client:0, loss:295.96523, ce loss:0.55065, intra cl loss: 1477.07284, hr_5:0.25971, ndcg_5:0.18110,mrr_5:0.15527,hr_10:0.39623, ndcg_10:0.22535,mrr_10:0.17362
2024-10-30 19:24:23.656 | INFO     | __main__:<module>:316 - round:43, client:1, loss:369.87710, ce loss:0.35898, intra cl loss: 1847.59055, hr_5:0.66038, ndcg_5:0.48811,mrr_5:0.43091,hr_10:0.79134, ndcg_10:0.53050,mrr_10:0.44843
2024-10-30 19:25:03.478 | INFO     | __main__:<module>:316 - round:43, client:2, loss:282.29932, ce loss:0.58923, intra cl loss: 1408.55046, hr_5:0.20866, ndcg_5:0.13900,mrr_5:0.11611,hr_10:0.32741, ndcg_10:0.17702,mrr_10:0.13156
2024-10-30 19:25:47.547 | INFO     | __main__:<module>:316 - round:44, client:0, loss:295.93955, ce loss:0.54842, intra cl loss: 1476.95559, hr_5:0.28191, ndcg_5:0.19623,mrr_5:0.16804,hr_10:0.39956, ndcg_10:0.23430,mrr_10:0.18376
2024-10-30 19:36:12.428 | INFO     | __main__:<module>:316 - round:44, client:1, loss:369.86421, ce loss:0.35829, intra cl loss: 1847.52955, hr_5:0.64040, ndcg_5:0.48587,mrr_5:0.43476,hr_10:0.77469, ndcg_10:0.52959,mrr_10:0.45297
2024-10-30 19:36:53.289 | INFO     | __main__:<module>:316 - round:44, client:2, loss:282.29538, ce loss:0.58974, intra cl loss: 1408.52816, hr_5:0.19978, ndcg_5:0.13206,mrr_5:0.10982,hr_10:0.32963, ndcg_10:0.17408,mrr_10:0.12718
2024-10-30 19:37:38.177 | INFO     | __main__:<module>:316 - round:45, client:0, loss:295.92133, ce loss:0.54519, intra cl loss: 1476.88067, hr_5:0.28302, ndcg_5:0.19065,mrr_5:0.16053,hr_10:0.39512, ndcg_10:0.22658,mrr_10:0.17516
2024-10-30 19:48:24.111 | INFO     | __main__:<module>:316 - round:45, client:1, loss:369.87172, ce loss:0.35777, intra cl loss: 1847.56972, hr_5:0.63263, ndcg_5:0.48849,mrr_5:0.44058,hr_10:0.76804, ndcg_10:0.53265,mrr_10:0.45903
2024-10-30 19:49:04.789 | INFO     | __main__:<module>:316 - round:45, client:2, loss:282.25984, ce loss:0.58844, intra cl loss: 1408.35696, hr_5:0.21643, ndcg_5:0.14028,mrr_5:0.11535,hr_10:0.34739, ndcg_10:0.18252,mrr_10:0.13271
2024-10-30 19:49:48.971 | INFO     | __main__:<module>:316 - round:46, client:0, loss:295.87717, ce loss:0.54528, intra cl loss: 1476.65944, hr_5:0.27747, ndcg_5:0.19394,mrr_5:0.16652,hr_10:0.40178, ndcg_10:0.23485,mrr_10:0.18383
2024-10-30 19:59:53.762 | INFO     | __main__:<module>:316 - round:46, client:1, loss:369.82326, ce loss:0.35864, intra cl loss: 1847.32311, hr_5:0.62708, ndcg_5:0.48814,mrr_5:0.44205,hr_10:0.76249, ndcg_10:0.53199,mrr_10:0.46018
2024-10-30 20:00:58.442 | INFO     | __main__:<module>:316 - round:46, client:2, loss:282.24044, ce loss:0.58720, intra cl loss: 1408.26616, hr_5:0.21532, ndcg_5:0.14435,mrr_5:0.12100,hr_10:0.34184, ndcg_10:0.18540,mrr_10:0.13801
2024-10-30 20:00:58.732 | INFO     | __main__:<module>:285 - End
2024-10-30 20:00:58.732 | INFO     | __main__:<module>:286 - best hr: 0.5090640029596744, best ndcg : 0.31457662010989723,best mrr : 0.25481108585992046
