2024-10-30 08:55:13.259 | INFO     | __main__:<module>:184 - parameter settings: batch_size:128,lr:0.001,embed_id_dim:256,alpha:0.01,gamma:0.2, beta:0.4,noise:0.2,client_num:3,client_names:['douban_book_movie_music_book', 'douban_book_movie_music_movie', 'douban_book_movie_music_music'],top_k:10,local epochs:1
2024-10-30 08:55:13.293 | INFO     | __main__:<module>:226 - initialize local data and local model:['douban_book_movie_music_book', 'douban_book_movie_music_movie', 'douban_book_movie_music_music']
2024-10-30 08:55:13.294 | INFO     | utils.load_data:__init__:46 - load datasets
2024-10-30 08:55:15.225 | INFO     | utils.load_data:__init__:49 - calculate user neighbors
2024-10-30 08:55:15.328 | INFO     | utils.load_data:__init__:51 - create data loader
2024-10-30 08:55:15.354 | INFO     | utils.load_data:__init__:54 - read test samples
2024-10-30 08:56:18.490 | INFO     | utils.load_data:__init__:46 - load datasets
2024-10-30 08:59:27.179 | INFO     | utils.load_data:__init__:49 - calculate user neighbors
2024-10-30 08:59:28.409 | INFO     | utils.load_data:__init__:51 - create data loader
2024-10-30 08:59:28.514 | INFO     | utils.load_data:__init__:54 - read test samples
2024-10-30 08:59:48.592 | INFO     | utils.load_data:__init__:46 - load datasets
2024-10-30 09:00:11.882 | INFO     | utils.load_data:__init__:49 - calculate user neighbors
2024-10-30 09:00:11.959 | INFO     | utils.load_data:__init__:51 - create data loader
2024-10-30 09:00:11.967 | INFO     | utils.load_data:__init__:54 - read test samples
2024-10-30 09:02:50.459 | INFO     | __main__:<module>:314 - round:0, client:0, loss:6.87253, ce loss:0.65941,proto loss: 621.31261, hr_5:0.21976, ndcg_5:0.15517,mrr_5:0.13398,hr_10:0.31410, ndcg_10:0.18544,mrr_10:0.14634
2024-10-30 09:09:52.063 | INFO     | __main__:<module>:314 - round:0, client:1, loss:4.40897, ce loss:0.52302,proto loss: 388.59571, hr_5:0.45505, ndcg_5:0.32810,mrr_5:0.28627,hr_10:0.59822, ndcg_10:0.37486,mrr_10:0.30585
2024-10-30 09:10:14.218 | INFO     | __main__:<module>:314 - round:0, client:2, loss:7.19014, ce loss:0.67956,proto loss: 651.05787, hr_5:0.14428, ndcg_5:0.09637,mrr_5:0.08061,hr_10:0.23751, ndcg_10:0.12644,mrr_10:0.09298
2024-10-30 09:10:38.418 | INFO     | __main__:<module>:314 - round:1, client:0, loss:5.70283, ce loss:0.63311,proto loss: 506.97227, hr_5:0.22531, ndcg_5:0.15904,mrr_5:0.13731,hr_10:0.32297, ndcg_10:0.19047,mrr_10:0.15019
2024-10-30 09:17:35.114 | INFO     | __main__:<module>:314 - round:1, client:1, loss:4.23058, ce loss:0.48652,proto loss: 374.40577, hr_5:0.46171, ndcg_5:0.33295,mrr_5:0.29040,hr_10:0.62819, ndcg_10:0.38702,mrr_10:0.31284
2024-10-30 09:17:57.167 | INFO     | __main__:<module>:314 - round:1, client:2, loss:6.02808, ce loss:0.66022,proto loss: 536.78588, hr_5:0.16870, ndcg_5:0.10394,mrr_5:0.08287,hr_10:0.26082, ndcg_10:0.13330,mrr_10:0.09473
2024-10-30 09:18:21.201 | INFO     | __main__:<module>:314 - round:2, client:0, loss:5.81405, ce loss:0.62578,proto loss: 518.82669, hr_5:0.23640, ndcg_5:0.16416,mrr_5:0.14047,hr_10:0.32741, ndcg_10:0.19333,mrr_10:0.15237
2024-10-30 09:25:19.173 | INFO     | __main__:<module>:314 - round:2, client:1, loss:4.22076, ce loss:0.46663,proto loss: 375.41297, hr_5:0.50277, ndcg_5:0.35511,mrr_5:0.30646,hr_10:0.64706, ndcg_10:0.40212,mrr_10:0.32605
2024-10-30 09:25:41.511 | INFO     | __main__:<module>:314 - round:2, client:2, loss:6.14178, ce loss:0.64855,proto loss: 549.32294, hr_5:0.18424, ndcg_5:0.11703,mrr_5:0.09510,hr_10:0.26748, ndcg_10:0.14354,mrr_10:0.10581
2024-10-30 09:26:05.826 | INFO     | __main__:<module>:314 - round:3, client:0, loss:6.01175, ce loss:0.61415,proto loss: 539.75974, hr_5:0.25083, ndcg_5:0.16903,mrr_5:0.14221,hr_10:0.35960, ndcg_10:0.20392,mrr_10:0.15645
2024-10-30 09:33:02.159 | INFO     | __main__:<module>:314 - round:3, client:1, loss:4.21203, ce loss:0.45371,proto loss: 375.83164, hr_5:0.52164, ndcg_5:0.36652,mrr_5:0.31522,hr_10:0.68257, ndcg_10:0.41882,mrr_10:0.33695
2024-10-30 09:33:24.208 | INFO     | __main__:<module>:314 - round:3, client:2, loss:6.37785, ce loss:0.62949,proto loss: 574.83616, hr_5:0.18535, ndcg_5:0.12496,mrr_5:0.10499,hr_10:0.27525, ndcg_10:0.15424,mrr_10:0.11719
2024-10-30 09:33:48.456 | INFO     | __main__:<module>:314 - round:4, client:0, loss:6.22942, ce loss:0.60187,proto loss: 562.75477, hr_5:0.24861, ndcg_5:0.17263,mrr_5:0.14761,hr_10:0.34628, ndcg_10:0.20403,mrr_10:0.16046
2024-10-30 09:40:30.461 | INFO     | __main__:<module>:314 - round:4, client:1, loss:4.20348, ce loss:0.44178,proto loss: 376.16959, hr_5:0.53052, ndcg_5:0.38267,mrr_5:0.33385,hr_10:0.69367, ndcg_10:0.43522,mrr_10:0.35542
2024-10-30 09:41:05.979 | INFO     | __main__:<module>:314 - round:4, client:2, loss:6.62271, ce loss:0.61080,proto loss: 601.19164, hr_5:0.18979, ndcg_5:0.12388,mrr_5:0.10240,hr_10:0.28302, ndcg_10:0.15365,mrr_10:0.11446
2024-10-30 09:41:31.060 | INFO     | __main__:<module>:314 - round:5, client:0, loss:6.44631, ce loss:0.59175,proto loss: 585.45546, hr_5:0.23640, ndcg_5:0.15865,mrr_5:0.13300,hr_10:0.34850, ndcg_10:0.19508,mrr_10:0.14813
2024-10-30 09:48:13.400 | INFO     | __main__:<module>:314 - round:5, client:1, loss:4.19152, ce loss:0.43009,proto loss: 376.14293, hr_5:0.55272, ndcg_5:0.40499,mrr_5:0.35599,hr_10:0.69811, ndcg_10:0.45216,mrr_10:0.37554
2024-10-30 09:48:35.549 | INFO     | __main__:<module>:314 - round:5, client:2, loss:6.87666, ce loss:0.59373,proto loss: 628.29372, hr_5:0.19756, ndcg_5:0.12742,mrr_5:0.10464,hr_10:0.29634, ndcg_10:0.15871,mrr_10:0.11718
2024-10-30 09:49:13.366 | INFO     | __main__:<module>:314 - round:6, client:0, loss:6.65418, ce loss:0.57940,proto loss: 607.47893, hr_5:0.26748, ndcg_5:0.18356,mrr_5:0.15603,hr_10:0.36293, ndcg_10:0.21431,mrr_10:0.16864
2024-10-30 09:55:57.962 | INFO     | __main__:<module>:314 - round:6, client:1, loss:4.18362, ce loss:0.42160,proto loss: 376.20172, hr_5:0.57159, ndcg_5:0.42456,mrr_5:0.37599,hr_10:0.74029, ndcg_10:0.47909,mrr_10:0.39850
2024-10-30 09:56:20.231 | INFO     | __main__:<module>:314 - round:6, client:2, loss:7.11953, ce loss:0.58094,proto loss: 653.85914, hr_5:0.20755, ndcg_5:0.13638,mrr_5:0.11299,hr_10:0.32408, ndcg_10:0.17354,mrr_10:0.12800
2024-10-30 09:56:44.371 | INFO     | __main__:<module>:314 - round:7, client:0, loss:6.83474, ce loss:0.56961,proto loss: 626.51300, hr_5:0.26082, ndcg_5:0.17939,mrr_5:0.15270,hr_10:0.38846, ndcg_10:0.22080,mrr_10:0.16986
2024-10-30 10:03:43.186 | INFO     | __main__:<module>:314 - round:7, client:1, loss:4.17784, ce loss:0.41468,proto loss: 376.31607, hr_5:0.58935, ndcg_5:0.42416,mrr_5:0.36983,hr_10:0.73252, ndcg_10:0.47083,mrr_10:0.38931
2024-10-30 10:04:05.619 | INFO     | __main__:<module>:314 - round:7, client:2, loss:7.32855, ce loss:0.56947,proto loss: 675.90881, hr_5:0.19312, ndcg_5:0.12963,mrr_5:0.10905,hr_10:0.28968, ndcg_10:0.16122,mrr_10:0.12230
2024-10-30 10:04:29.806 | INFO     | __main__:<module>:314 - round:8, client:0, loss:7.02218, ce loss:0.56236,proto loss: 645.98180, hr_5:0.24972, ndcg_5:0.17440,mrr_5:0.14965,hr_10:0.37070, ndcg_10:0.21322,mrr_10:0.16549
2024-10-30 10:11:26.521 | INFO     | __main__:<module>:314 - round:8, client:1, loss:4.17469, ce loss:0.40976,proto loss: 376.49345, hr_5:0.56493, ndcg_5:0.40888,mrr_5:0.35734,hr_10:0.72031, ndcg_10:0.45943,mrr_10:0.37838
2024-10-30 10:11:49.102 | INFO     | __main__:<module>:314 - round:8, client:2, loss:7.57814, ce loss:0.55937,proto loss: 701.87636, hr_5:0.20200, ndcg_5:0.13559,mrr_5:0.11387,hr_10:0.31964, ndcg_10:0.17375,mrr_10:0.12970
2024-10-30 10:12:13.452 | INFO     | __main__:<module>:314 - round:9, client:0, loss:7.20214, ce loss:0.55087,proto loss: 665.12719, hr_5:0.26526, ndcg_5:0.18533,mrr_5:0.15908,hr_10:0.37292, ndcg_10:0.21985,mrr_10:0.17316
2024-10-30 10:19:10.594 | INFO     | __main__:<module>:314 - round:9, client:1, loss:4.16972, ce loss:0.40546,proto loss: 376.42604, hr_5:0.58158, ndcg_5:0.41953,mrr_5:0.36589,hr_10:0.74806, ndcg_10:0.47324,mrr_10:0.38797
2024-10-30 10:19:32.885 | INFO     | __main__:<module>:314 - round:9, client:2, loss:7.73244, ce loss:0.55046,proto loss: 718.19813, hr_5:0.20977, ndcg_5:0.13420,mrr_5:0.10966,hr_10:0.31077, ndcg_10:0.16685,mrr_10:0.12313
2024-10-30 10:19:56.905 | INFO     | __main__:<module>:314 - round:10, client:0, loss:7.36713, ce loss:0.54665,proto loss: 682.04767, hr_5:0.26415, ndcg_5:0.18890,mrr_5:0.16411,hr_10:0.38846, ndcg_10:0.22898,mrr_10:0.18059
2024-10-30 10:26:41.050 | INFO     | __main__:<module>:314 - round:10, client:1, loss:4.16751, ce loss:0.40222,proto loss: 376.52831, hr_5:0.60599, ndcg_5:0.45093,mrr_5:0.39948,hr_10:0.73030, ndcg_10:0.49119,mrr_10:0.41613
2024-10-30 10:27:17.473 | INFO     | __main__:<module>:314 - round:10, client:2, loss:7.93728, ce loss:0.54307,proto loss: 739.42129, hr_5:0.18757, ndcg_5:0.12076,mrr_5:0.09906,hr_10:0.31521, ndcg_10:0.16212,mrr_10:0.11617
2024-10-30 10:27:41.782 | INFO     | __main__:<module>:314 - round:11, client:0, loss:7.48450, ce loss:0.54058,proto loss: 694.39174, hr_5:0.26193, ndcg_5:0.18235,mrr_5:0.15631,hr_10:0.39290, ndcg_10:0.22462,mrr_10:0.17371
2024-10-30 10:34:25.066 | INFO     | __main__:<module>:314 - round:11, client:1, loss:4.16285, ce loss:0.39935,proto loss: 376.34934, hr_5:0.58491, ndcg_5:0.43240,mrr_5:0.38217,hr_10:0.74917, ndcg_10:0.48560,mrr_10:0.40417
2024-10-30 10:34:47.157 | INFO     | __main__:<module>:314 - round:11, client:2, loss:8.08179, ce loss:0.53980,proto loss: 754.19958, hr_5:0.22531, ndcg_5:0.14672,mrr_5:0.12092,hr_10:0.34184, ndcg_10:0.18410,mrr_10:0.13618
2024-10-30 10:35:26.097 | INFO     | __main__:<module>:314 - round:12, client:0, loss:7.64615, ce loss:0.53613,proto loss: 711.00183, hr_5:0.25749, ndcg_5:0.17916,mrr_5:0.15346,hr_10:0.40067, ndcg_10:0.22515,mrr_10:0.17226
2024-10-30 10:42:10.839 | INFO     | __main__:<module>:314 - round:12, client:1, loss:4.16388, ce loss:0.39779,proto loss: 376.60936, hr_5:0.56382, ndcg_5:0.42207,mrr_5:0.37499,hr_10:0.71698, ndcg_10:0.47155,mrr_10:0.39540
2024-10-30 10:42:33.038 | INFO     | __main__:<module>:314 - round:12, client:2, loss:8.27859, ce loss:0.53005,proto loss: 774.85479, hr_5:0.21310, ndcg_5:0.13664,mrr_5:0.11156,hr_10:0.31410, ndcg_10:0.16902,mrr_10:0.12477
2024-10-30 10:42:57.492 | INFO     | __main__:<module>:314 - round:13, client:0, loss:7.74317, ce loss:0.52921,proto loss: 721.39576, hr_5:0.27636, ndcg_5:0.18275,mrr_5:0.15200,hr_10:0.40954, ndcg_10:0.22541,mrr_10:0.16936
2024-10-30 10:49:57.945 | INFO     | __main__:<module>:314 - round:13, client:1, loss:4.16025, ce loss:0.39456,proto loss: 376.56950, hr_5:0.60377, ndcg_5:0.45174,mrr_5:0.40157,hr_10:0.73585, ndcg_10:0.49466,mrr_10:0.41941
2024-10-30 10:50:20.691 | INFO     | __main__:<module>:314 - round:13, client:2, loss:8.39397, ce loss:0.52293,proto loss: 787.10404, hr_5:0.20977, ndcg_5:0.14213,mrr_5:0.11998,hr_10:0.33629, ndcg_10:0.18278,mrr_10:0.13658
2024-10-30 10:50:45.237 | INFO     | __main__:<module>:314 - round:14, client:0, loss:7.81486, ce loss:0.52246,proto loss: 729.24058, hr_5:0.28302, ndcg_5:0.19077,mrr_5:0.16051,hr_10:0.39401, ndcg_10:0.22616,mrr_10:0.17483
2024-10-30 11:06:20.707 | INFO     | __main__:<module>:314 - round:14, client:1, loss:4.15661, ce loss:0.39126,proto loss: 376.53486, hr_5:0.59933, ndcg_5:0.43877,mrr_5:0.38585,hr_10:0.74584, ndcg_10:0.48568,mrr_10:0.40494
2024-10-30 11:06:43.624 | INFO     | __main__:<module>:314 - round:14, client:2, loss:8.50371, ce loss:0.51777,proto loss: 798.59340, hr_5:0.22309, ndcg_5:0.14433,mrr_5:0.11841,hr_10:0.33851, ndcg_10:0.18105,mrr_10:0.13321
2024-10-30 11:07:09.196 | INFO     | __main__:<module>:314 - round:15, client:0, loss:7.94562, ce loss:0.51859,proto loss: 742.70320, hr_5:0.27969, ndcg_5:0.19540,mrr_5:0.16750,hr_10:0.40733, ndcg_10:0.23672,mrr_10:0.18457
2024-10-30 11:22:44.826 | INFO     | __main__:<module>:314 - round:15, client:1, loss:4.15431, ce loss:0.38826,proto loss: 376.60493, hr_5:0.62042, ndcg_5:0.44915,mrr_5:0.39251,hr_10:0.75472, ndcg_10:0.49265,mrr_10:0.41049
2024-10-30 11:23:07.735 | INFO     | __main__:<module>:314 - round:15, client:2, loss:8.63984, ce loss:0.51287,proto loss: 812.69729, hr_5:0.23307, ndcg_5:0.15064,mrr_5:0.12377,hr_10:0.33962, ndcg_10:0.18512,mrr_10:0.13801
2024-10-30 11:23:32.254 | INFO     | __main__:<module>:314 - round:16, client:0, loss:8.02744, ce loss:0.51620,proto loss: 751.12400, hr_5:0.28413, ndcg_5:0.19754,mrr_5:0.16905,hr_10:0.41398, ndcg_10:0.23920,mrr_10:0.18603
2024-10-30 11:30:15.932 | INFO     | __main__:<module>:314 - round:16, client:1, loss:4.15409, ce loss:0.38655,proto loss: 376.75332, hr_5:0.60155, ndcg_5:0.44054,mrr_5:0.38696,hr_10:0.74362, ndcg_10:0.48638,mrr_10:0.40581
2024-10-30 11:30:52.389 | INFO     | __main__:<module>:314 - round:16, client:2, loss:8.74165, ce loss:0.50468,proto loss: 823.69760, hr_5:0.22198, ndcg_5:0.14849,mrr_5:0.12432,hr_10:0.36515, ndcg_10:0.19424,mrr_10:0.14289
2024-10-30 11:31:16.870 | INFO     | __main__:<module>:314 - round:17, client:0, loss:8.11540, ce loss:0.51251,proto loss: 760.28842, hr_5:0.27969, ndcg_5:0.18748,mrr_5:0.15745,hr_10:0.40844, ndcg_10:0.22877,mrr_10:0.17429
2024-10-30 11:38:01.224 | INFO     | __main__:<module>:314 - round:17, client:1, loss:4.15255, ce loss:0.38522,proto loss: 376.73333, hr_5:0.60932, ndcg_5:0.45051,mrr_5:0.39802,hr_10:0.76249, ndcg_10:0.50036,mrr_10:0.41877
2024-10-30 11:38:23.486 | INFO     | __main__:<module>:314 - round:17, client:2, loss:8.86036, ce loss:0.50255,proto loss: 835.78137, hr_5:0.22309, ndcg_5:0.14905,mrr_5:0.12482,hr_10:0.33518, ndcg_10:0.18505,mrr_10:0.13954
2024-10-30 11:39:01.637 | INFO     | __main__:<module>:314 - round:18, client:0, loss:8.19782, ce loss:0.50638,proto loss: 769.14379, hr_5:0.29745, ndcg_5:0.20097,mrr_5:0.16924,hr_10:0.42508, ndcg_10:0.24165,mrr_10:0.18568
2024-10-30 11:46:33.732 | INFO     | __main__:<module>:314 - round:18, client:1, loss:4.15044, ce loss:0.38379,proto loss: 376.66452, hr_5:0.59822, ndcg_5:0.44670,mrr_5:0.39650,hr_10:0.76027, ndcg_10:0.49876,mrr_10:0.41781
2024-10-30 11:47:39.853 | INFO     | __main__:<module>:314 - round:18, client:2, loss:8.92424, ce loss:0.49730,proto loss: 842.69311, hr_5:0.21310, ndcg_5:0.13990,mrr_5:0.11600,hr_10:0.34295, ndcg_10:0.18172,mrr_10:0.13315
2024-10-30 11:49:01.962 | INFO     | __main__:<module>:314 - round:19, client:0, loss:8.24027, ce loss:0.50553,proto loss: 773.47380, hr_5:0.29634, ndcg_5:0.20417,mrr_5:0.17423,hr_10:0.42730, ndcg_10:0.24713,mrr_10:0.19232
2024-10-30 12:06:08.276 | INFO     | __main__:<module>:314 - round:19, client:1, loss:4.15286, ce loss:0.38342,proto loss: 376.94456, hr_5:0.61043, ndcg_5:0.46356,mrr_5:0.41504,hr_10:0.76693, ndcg_10:0.51485,mrr_10:0.43660
2024-10-30 12:07:27.229 | INFO     | __main__:<module>:314 - round:19, client:2, loss:8.98202, ce loss:0.49155,proto loss: 849.04745, hr_5:0.23640, ndcg_5:0.15186,mrr_5:0.12423,hr_10:0.36293, ndcg_10:0.19271,mrr_10:0.14105
2024-10-30 12:08:55.211 | INFO     | __main__:<module>:314 - round:20, client:0, loss:8.33487, ce loss:0.49893,proto loss: 783.59374, hr_5:0.29523, ndcg_5:0.20548,mrr_5:0.17582,hr_10:0.41842, ndcg_10:0.24458,mrr_10:0.19153
2024-10-30 12:26:33.485 | INFO     | __main__:<module>:314 - round:20, client:1, loss:4.15212, ce loss:0.38347,proto loss: 376.86541, hr_5:0.60266, ndcg_5:0.45091,mrr_5:0.40068,hr_10:0.75583, ndcg_10:0.50076,mrr_10:0.42144
2024-10-30 12:27:39.781 | INFO     | __main__:<module>:314 - round:20, client:2, loss:9.12613, ce loss:0.49104,proto loss: 863.50907, hr_5:0.24528, ndcg_5:0.15869,mrr_5:0.13030,hr_10:0.33518, ndcg_10:0.18751,mrr_10:0.14205
2024-10-30 12:28:59.302 | INFO     | __main__:<module>:314 - round:21, client:0, loss:8.39381, ce loss:0.49573,proto loss: 789.80807, hr_5:0.30633, ndcg_5:0.21254,mrr_5:0.18172,hr_10:0.43174, ndcg_10:0.25297,mrr_10:0.19832
2024-10-30 12:45:30.784 | INFO     | __main__:<module>:314 - round:21, client:1, loss:4.14907, ce loss:0.38231,proto loss: 376.67615, hr_5:0.61154, ndcg_5:0.45563,mrr_5:0.40431,hr_10:0.73918, ndcg_10:0.49713,mrr_10:0.42156
2024-10-30 12:46:52.194 | INFO     | __main__:<module>:314 - round:21, client:2, loss:9.21042, ce loss:0.49137,proto loss: 871.90515, hr_5:0.24195, ndcg_5:0.15778,mrr_5:0.13023,hr_10:0.36626, ndcg_10:0.19837,mrr_10:0.14720
2024-10-30 12:48:16.575 | INFO     | __main__:<module>:314 - round:22, client:0, loss:8.42703, ce loss:0.48879,proto loss: 793.82466, hr_5:0.29523, ndcg_5:0.20479,mrr_5:0.17508,hr_10:0.42952, ndcg_10:0.24794,mrr_10:0.19272
2024-10-30 13:05:19.500 | INFO     | __main__:<module>:314 - round:22, client:1, loss:4.14537, ce loss:0.38218,proto loss: 376.31859, hr_5:0.62042, ndcg_5:0.45746,mrr_5:0.40372,hr_10:0.76249, ndcg_10:0.50379,mrr_10:0.42307
2024-10-30 13:07:02.346 | INFO     | __main__:<module>:314 - round:22, client:2, loss:9.21968, ce loss:0.48796,proto loss: 873.17178, hr_5:0.22198, ndcg_5:0.14756,mrr_5:0.12325,hr_10:0.34406, ndcg_10:0.18752,mrr_10:0.14002
2024-10-30 13:08:33.475 | INFO     | __main__:<module>:314 - round:23, client:0, loss:8.46478, ce loss:0.48883,proto loss: 797.59574, hr_5:0.29634, ndcg_5:0.21370,mrr_5:0.18650,hr_10:0.45394, ndcg_10:0.26447,mrr_10:0.20735
2024-10-30 13:15:27.522 | INFO     | __main__:<module>:314 - round:23, client:1, loss:4.14341, ce loss:0.38162,proto loss: 376.17847, hr_5:0.61820, ndcg_5:0.44694,mrr_5:0.39009,hr_10:0.75250, ndcg_10:0.48999,mrr_10:0.40763
2024-10-30 13:15:49.692 | INFO     | __main__:<module>:314 - round:23, client:2, loss:9.32352, ce loss:0.48270,proto loss: 884.08182, hr_5:0.24195, ndcg_5:0.16099,mrr_5:0.13435,hr_10:0.36626, ndcg_10:0.20082,mrr_10:0.15056
2024-10-30 13:16:26.890 | INFO     | __main__:<module>:314 - round:24, client:0, loss:8.53321, ce loss:0.48441,proto loss: 804.88039, hr_5:0.29745, ndcg_5:0.21004,mrr_5:0.18139,hr_10:0.43729, ndcg_10:0.25533,mrr_10:0.20011
2024-10-30 13:23:11.577 | INFO     | __main__:<module>:314 - round:24, client:1, loss:4.14819, ce loss:0.38167,proto loss: 376.65203, hr_5:0.61487, ndcg_5:0.45784,mrr_5:0.40588,hr_10:0.74917, ndcg_10:0.50119,mrr_10:0.42373
2024-10-30 13:23:33.778 | INFO     | __main__:<module>:314 - round:24, client:2, loss:9.34946, ce loss:0.47980,proto loss: 886.96662, hr_5:0.24084, ndcg_5:0.15869,mrr_5:0.13171,hr_10:0.37403, ndcg_10:0.20201,mrr_10:0.14975
2024-10-30 13:23:57.929 | INFO     | __main__:<module>:314 - round:25, client:0, loss:8.58937, ce loss:0.48300,proto loss: 810.63696, hr_5:0.31299, ndcg_5:0.21476,mrr_5:0.18241,hr_10:0.43063, ndcg_10:0.25205,mrr_10:0.19736
2024-10-30 13:30:55.932 | INFO     | __main__:<module>:314 - round:25, client:1, loss:4.14630, ce loss:0.38141,proto loss: 376.48960, hr_5:0.62375, ndcg_5:0.45301,mrr_5:0.39652,hr_10:0.76582, ndcg_10:0.49928,mrr_10:0.41581
2024-10-30 13:31:18.170 | INFO     | __main__:<module>:314 - round:25, client:2, loss:9.43801, ce loss:0.47851,proto loss: 895.95094, hr_5:0.22863, ndcg_5:0.15113,mrr_5:0.12560,hr_10:0.35072, ndcg_10:0.19047,mrr_10:0.14175
2024-10-30 13:31:42.377 | INFO     | __main__:<module>:314 - round:26, client:0, loss:8.60008, ce loss:0.48353,proto loss: 811.65469, hr_5:0.31964, ndcg_5:0.22108,mrr_5:0.18864,hr_10:0.44395, ndcg_10:0.26101,mrr_10:0.20497
2024-10-30 13:38:41.504 | INFO     | __main__:<module>:314 - round:26, client:1, loss:4.14672, ce loss:0.38152,proto loss: 376.52014, hr_5:0.60044, ndcg_5:0.44344,mrr_5:0.39114,hr_10:0.74473, ndcg_10:0.48969,mrr_10:0.40998
2024-10-30 13:39:03.585 | INFO     | __main__:<module>:314 - round:26, client:2, loss:9.49392, ce loss:0.47124,proto loss: 902.26844, hr_5:0.24417, ndcg_5:0.15951,mrr_5:0.13187,hr_10:0.36182, ndcg_10:0.19754,mrr_10:0.14755
2024-10-30 13:39:27.655 | INFO     | __main__:<module>:314 - round:27, client:0, loss:8.70061, ce loss:0.47951,proto loss: 822.10982, hr_5:0.32963, ndcg_5:0.22280,mrr_5:0.18788,hr_10:0.45949, ndcg_10:0.26425,mrr_10:0.20468
2024-10-30 13:46:25.108 | INFO     | __main__:<module>:314 - round:27, client:1, loss:4.14639, ce loss:0.38066,proto loss: 376.57342, hr_5:0.61154, ndcg_5:0.45605,mrr_5:0.40453,hr_10:0.76915, ndcg_10:0.50817,mrr_10:0.42673
2024-10-30 13:46:48.502 | INFO     | __main__:<module>:314 - round:27, client:2, loss:9.55071, ce loss:0.46888,proto loss: 908.18347, hr_5:0.23307, ndcg_5:0.15102,mrr_5:0.12434,hr_10:0.35849, ndcg_10:0.19140,mrr_10:0.14090
2024-10-30 13:47:12.761 | INFO     | __main__:<module>:314 - round:28, client:0, loss:8.68701, ce loss:0.47950,proto loss: 820.75079, hr_5:0.30522, ndcg_5:0.21209,mrr_5:0.18161,hr_10:0.44173, ndcg_10:0.25617,mrr_10:0.19978
2024-10-30 13:56:44.210 | INFO     | __main__:<module>:314 - round:28, client:1, loss:4.14670, ce loss:0.38095,proto loss: 376.57540, hr_5:0.60710, ndcg_5:0.44310,mrr_5:0.38899,hr_10:0.75028, ndcg_10:0.48924,mrr_10:0.40795
2024-10-30 13:57:54.130 | INFO     | __main__:<module>:314 - round:28, client:2, loss:9.64085, ce loss:0.46946,proto loss: 917.13915, hr_5:0.24417, ndcg_5:0.16377,mrr_5:0.13751,hr_10:0.36293, ndcg_10:0.20204,mrr_10:0.15323
2024-10-30 13:59:37.067 | INFO     | __main__:<module>:314 - round:29, client:0, loss:8.72274, ce loss:0.47827,proto loss: 824.44665, hr_5:0.31743, ndcg_5:0.21954,mrr_5:0.18731,hr_10:0.45283, ndcg_10:0.26272,mrr_10:0.20477
2024-10-30 14:16:03.874 | INFO     | __main__:<module>:314 - round:29, client:1, loss:4.14719, ce loss:0.37947,proto loss: 376.77194, hr_5:0.62042, ndcg_5:0.46886,mrr_5:0.41866,hr_10:0.75916, ndcg_10:0.51305,mrr_10:0.43650
2024-10-30 14:17:11.858 | INFO     | __main__:<module>:314 - round:29, client:2, loss:9.60317, ce loss:0.46535,proto loss: 913.78137, hr_5:0.22863, ndcg_5:0.15405,mrr_5:0.12967,hr_10:0.36959, ndcg_10:0.19926,mrr_10:0.14811
2024-10-30 14:18:55.121 | INFO     | __main__:<module>:314 - round:30, client:0, loss:8.77834, ce loss:0.47603,proto loss: 830.23101, hr_5:0.32741, ndcg_5:0.22296,mrr_5:0.18868,hr_10:0.46393, ndcg_10:0.26699,mrr_10:0.20679
2024-10-30 14:35:16.055 | INFO     | __main__:<module>:314 - round:30, client:1, loss:4.14734, ce loss:0.37926,proto loss: 376.80810, hr_5:0.62042, ndcg_5:0.45442,mrr_5:0.39922,hr_10:0.75694, ndcg_10:0.49873,mrr_10:0.41762
2024-10-30 14:36:41.714 | INFO     | __main__:<module>:314 - round:30, client:2, loss:9.69728, ce loss:0.46705,proto loss: 923.02238, hr_5:0.23640, ndcg_5:0.15911,mrr_5:0.13367,hr_10:0.35294, ndcg_10:0.19677,mrr_10:0.14920
2024-10-30 14:37:52.351 | INFO     | __main__:<module>:314 - round:31, client:0, loss:8.80348, ce loss:0.47249,proto loss: 833.09977, hr_5:0.32075, ndcg_5:0.21990,mrr_5:0.18670,hr_10:0.44395, ndcg_10:0.25963,mrr_10:0.20303
2024-10-30 14:54:50.987 | INFO     | __main__:<module>:314 - round:31, client:1, loss:4.14665, ce loss:0.37855,proto loss: 376.80950, hr_5:0.60377, ndcg_5:0.44023,mrr_5:0.38572,hr_10:0.75805, ndcg_10:0.49033,mrr_10:0.40652
2024-10-30 14:56:10.349 | INFO     | __main__:<module>:314 - round:31, client:2, loss:9.72151, ce loss:0.46563,proto loss: 925.58782, hr_5:0.22752, ndcg_5:0.14907,mrr_5:0.12353,hr_10:0.35072, ndcg_10:0.18912,mrr_10:0.14018
2024-10-30 14:57:18.542 | INFO     | __main__:<module>:314 - round:32, client:0, loss:8.87460, ce loss:0.46886,proto loss: 840.57392, hr_5:0.32630, ndcg_5:0.22998,mrr_5:0.19839,hr_10:0.46282, ndcg_10:0.27412,mrr_10:0.21661
2024-10-30 15:14:19.972 | INFO     | __main__:<module>:314 - round:32, client:1, loss:4.14615, ce loss:0.37726,proto loss: 376.88826, hr_5:0.59711, ndcg_5:0.44396,mrr_5:0.39308,hr_10:0.76249, ndcg_10:0.49719,mrr_10:0.41491
2024-10-30 15:15:07.050 | INFO     | __main__:<module>:314 - round:32, client:2, loss:9.81029, ce loss:0.46431,proto loss: 934.59794, hr_5:0.23640, ndcg_5:0.15268,mrr_5:0.12536,hr_10:0.38291, ndcg_10:0.20044,mrr_10:0.14530
2024-10-30 15:16:37.426 | INFO     | __main__:<module>:314 - round:33, client:0, loss:8.84817, ce loss:0.46458,proto loss: 838.35828, hr_5:0.31521, ndcg_5:0.21151,mrr_5:0.17738,hr_10:0.44728, ndcg_10:0.25396,mrr_10:0.19475
2024-10-30 15:33:12.488 | INFO     | __main__:<module>:314 - round:33, client:1, loss:4.14951, ce loss:0.37855,proto loss: 377.09603, hr_5:0.59489, ndcg_5:0.44486,mrr_5:0.39532,hr_10:0.72586, ndcg_10:0.48795,mrr_10:0.41354
2024-10-30 15:34:15.546 | INFO     | __main__:<module>:314 - round:33, client:2, loss:9.79636, ce loss:0.46245,proto loss: 933.39040, hr_5:0.25416, ndcg_5:0.16477,mrr_5:0.13546,hr_10:0.36626, ndcg_10:0.20092,mrr_10:0.15032
2024-10-30 15:35:47.682 | INFO     | __main__:<module>:314 - round:34, client:0, loss:8.88602, ce loss:0.46469,proto loss: 842.13323, hr_5:0.29079, ndcg_5:0.20608,mrr_5:0.17826,hr_10:0.44728, ndcg_10:0.25640,mrr_10:0.19886
2024-10-30 15:52:03.875 | INFO     | __main__:<module>:314 - round:34, client:1, loss:4.14612, ce loss:0.37782,proto loss: 376.82954, hr_5:0.60377, ndcg_5:0.45625,mrr_5:0.40721,hr_10:0.76249, ndcg_10:0.50730,mrr_10:0.42813
2024-10-30 15:53:34.692 | INFO     | __main__:<module>:314 - round:34, client:2, loss:9.85750, ce loss:0.46278,proto loss: 939.47279, hr_5:0.23973, ndcg_5:0.15528,mrr_5:0.12756,hr_10:0.36737, ndcg_10:0.19637,mrr_10:0.14440
2024-10-30 15:54:54.021 | INFO     | __main__:<module>:314 - round:35, client:0, loss:8.87274, ce loss:0.46427,proto loss: 840.84703, hr_5:0.32741, ndcg_5:0.23176,mrr_5:0.20055,hr_10:0.42841, ndcg_10:0.26432,mrr_10:0.21392
2024-10-30 16:11:16.214 | INFO     | __main__:<module>:314 - round:35, client:1, loss:4.14423, ce loss:0.37730,proto loss: 376.69211, hr_5:0.62708, ndcg_5:0.46394,mrr_5:0.41004,hr_10:0.76249, ndcg_10:0.50766,mrr_10:0.42805
2024-10-30 16:12:40.061 | INFO     | __main__:<module>:314 - round:35, client:2, loss:9.80661, ce loss:0.45737,proto loss: 934.92412, hr_5:0.21976, ndcg_5:0.14453,mrr_5:0.12009,hr_10:0.35516, ndcg_10:0.18752,mrr_10:0.13737
2024-10-30 16:14:11.537 | INFO     | __main__:<module>:314 - round:36, client:0, loss:8.94449, ce loss:0.46907,proto loss: 847.54176, hr_5:0.32408, ndcg_5:0.22903,mrr_5:0.19778,hr_10:0.45838, ndcg_10:0.27215,mrr_10:0.21540
2024-10-30 16:27:59.243 | INFO     | __main__:<module>:314 - round:36, client:1, loss:4.14625, ce loss:0.37770,proto loss: 376.85490, hr_5:0.61709, ndcg_5:0.46254,mrr_5:0.41147,hr_10:0.76915, ndcg_10:0.51239,mrr_10:0.43243
2024-10-30 16:28:21.506 | INFO     | __main__:<module>:314 - round:36, client:2, loss:9.88788, ce loss:0.45348,proto loss: 943.43940, hr_5:0.24084, ndcg_5:0.15523,mrr_5:0.12728,hr_10:0.36959, ndcg_10:0.19639,mrr_10:0.14399
2024-10-30 16:28:45.738 | INFO     | __main__:<module>:314 - round:37, client:0, loss:9.00191, ce loss:0.46748,proto loss: 853.44304, hr_5:0.32075, ndcg_5:0.22724,mrr_5:0.19671,hr_10:0.45727, ndcg_10:0.27104,mrr_10:0.21458
2024-10-30 16:35:42.202 | INFO     | __main__:<module>:314 - round:37, client:1, loss:4.14225, ce loss:0.37654,proto loss: 376.57034, hr_5:0.62486, ndcg_5:0.45566,mrr_5:0.39965,hr_10:0.76027, ndcg_10:0.49938,mrr_10:0.41765
2024-10-30 16:36:04.211 | INFO     | __main__:<module>:314 - round:37, client:2, loss:9.88123, ce loss:0.45075,proto loss: 943.04821, hr_5:0.23751, ndcg_5:0.16157,mrr_5:0.13653,hr_10:0.37847, ndcg_10:0.20663,mrr_10:0.15483
2024-10-30 16:36:28.419 | INFO     | __main__:<module>:314 - round:38, client:0, loss:9.02347, ce loss:0.47037,proto loss: 855.30988, hr_5:0.32297, ndcg_5:0.22842,mrr_5:0.19743,hr_10:0.45172, ndcg_10:0.26965,mrr_10:0.21421
2024-10-30 16:43:25.976 | INFO     | __main__:<module>:314 - round:38, client:1, loss:4.14303, ce loss:0.37720,proto loss: 376.58302, hr_5:0.62708, ndcg_5:0.47895,mrr_5:0.42989,hr_10:0.75361, ndcg_10:0.52017,mrr_10:0.44708
2024-10-30 16:43:48.211 | INFO     | __main__:<module>:314 - round:38, client:2, loss:9.92649, ce loss:0.46027,proto loss: 946.62223, hr_5:0.26637, ndcg_5:0.17664,mrr_5:0.14715,hr_10:0.40844, ndcg_10:0.22189,mrr_10:0.16542
2024-10-30 16:44:12.499 | INFO     | __main__:<module>:314 - round:39, client:0, loss:8.96770, ce loss:0.46564,proto loss: 850.20688, hr_5:0.33740, ndcg_5:0.22690,mrr_5:0.19094,hr_10:0.49057, ndcg_10:0.27686,mrr_10:0.21181
2024-10-30 16:51:11.137 | INFO     | __main__:<module>:314 - round:39, client:1, loss:4.14259, ce loss:0.37657,proto loss: 376.60148, hr_5:0.61931, ndcg_5:0.45248,mrr_5:0.39706,hr_10:0.74362, ndcg_10:0.49280,mrr_10:0.41377
2024-10-30 16:51:33.211 | INFO     | __main__:<module>:314 - round:39, client:2, loss:9.92345, ce loss:0.45764,proto loss: 946.58118, hr_5:0.24195, ndcg_5:0.15755,mrr_5:0.12987,hr_10:0.37514, ndcg_10:0.20006,mrr_10:0.14708
2024-10-30 16:51:57.505 | INFO     | __main__:<module>:314 - round:40, client:0, loss:9.00658, ce loss:0.46480,proto loss: 854.17871, hr_5:0.32852, ndcg_5:0.22975,mrr_5:0.19723,hr_10:0.45616, ndcg_10:0.27083,mrr_10:0.21406
2024-10-30 17:07:56.053 | INFO     | __main__:<module>:314 - round:40, client:1, loss:4.14178, ce loss:0.37626,proto loss: 376.55223, hr_5:0.62042, ndcg_5:0.45843,mrr_5:0.40475,hr_10:0.76138, ndcg_10:0.50419,mrr_10:0.42375
2024-10-30 17:09:24.134 | INFO     | __main__:<module>:314 - round:40, client:2, loss:9.97722, ce loss:0.45435,proto loss: 952.28731, hr_5:0.24639, ndcg_5:0.16069,mrr_5:0.13263,hr_10:0.36848, ndcg_10:0.20003,mrr_10:0.14879
2024-10-30 17:10:44.475 | INFO     | __main__:<module>:314 - round:41, client:0, loss:9.02758, ce loss:0.45858,proto loss: 856.89976, hr_5:0.33074, ndcg_5:0.22679,mrr_5:0.19262,hr_10:0.47281, ndcg_10:0.27258,mrr_10:0.21143
2024-10-30 17:26:46.421 | INFO     | __main__:<module>:314 - round:41, client:1, loss:4.14006, ce loss:0.37653,proto loss: 376.35259, hr_5:0.61043, ndcg_5:0.44840,mrr_5:0.39495,hr_10:0.77026, ndcg_10:0.49989,mrr_10:0.41609
2024-10-30 17:28:13.292 | INFO     | __main__:<module>:314 - round:41, client:2, loss:10.03238, ce loss:0.44960,proto loss: 958.27772, hr_5:0.22198, ndcg_5:0.14825,mrr_5:0.12418,hr_10:0.34850, ndcg_10:0.18851,mrr_10:0.14041
2024-10-30 17:29:37.179 | INFO     | __main__:<module>:314 - round:42, client:0, loss:9.01126, ce loss:0.45728,proto loss: 855.39804, hr_5:0.31853, ndcg_5:0.22481,mrr_5:0.19401,hr_10:0.48391, ndcg_10:0.27836,mrr_10:0.21616
2024-10-30 17:46:21.584 | INFO     | __main__:<module>:314 - round:42, client:1, loss:4.14236, ce loss:0.37559,proto loss: 376.67635, hr_5:0.61154, ndcg_5:0.44994,mrr_5:0.39647,hr_10:0.73918, ndcg_10:0.49126,mrr_10:0.41354
2024-10-30 17:47:50.199 | INFO     | __main__:<module>:314 - round:42, client:2, loss:10.05108, ce loss:0.44626,proto loss: 960.48164, hr_5:0.23751, ndcg_5:0.15830,mrr_5:0.13215,hr_10:0.36404, ndcg_10:0.19915,mrr_10:0.14897
2024-10-30 17:48:48.709 | INFO     | __main__:<module>:314 - round:43, client:0, loss:9.06569, ce loss:0.45718,proto loss: 860.85079, hr_5:0.32630, ndcg_5:0.21461,mrr_5:0.17825,hr_10:0.47281, ndcg_10:0.26170,mrr_10:0.19753
2024-10-30 18:05:49.382 | INFO     | __main__:<module>:314 - round:43, client:1, loss:4.14325, ce loss:0.37572,proto loss: 376.75263, hr_5:0.62153, ndcg_5:0.46357,mrr_5:0.41123,hr_10:0.75583, ndcg_10:0.50685,mrr_10:0.42901
2024-10-30 18:06:35.887 | INFO     | __main__:<module>:314 - round:43, client:2, loss:10.12746, ce loss:0.44075,proto loss: 968.67129, hr_5:0.23307, ndcg_5:0.15546,mrr_5:0.12993,hr_10:0.36515, ndcg_10:0.19838,mrr_10:0.14777
2024-10-30 18:08:05.987 | INFO     | __main__:<module>:314 - round:44, client:0, loss:8.99480, ce loss:0.45721,proto loss: 853.75940, hr_5:0.34295, ndcg_5:0.24167,mrr_5:0.20827,hr_10:0.46282, ndcg_10:0.28021,mrr_10:0.22405
2024-10-30 18:25:17.364 | INFO     | __main__:<module>:314 - round:44, client:1, loss:4.14365, ce loss:0.37587,proto loss: 376.77805, hr_5:0.62930, ndcg_5:0.46771,mrr_5:0.41406,hr_10:0.76027, ndcg_10:0.51041,mrr_10:0.43190
2024-10-30 18:26:45.362 | INFO     | __main__:<module>:314 - round:44, client:2, loss:10.04330, ce loss:0.43728,proto loss: 960.60225, hr_5:0.23196, ndcg_5:0.15389,mrr_5:0.12826,hr_10:0.36515, ndcg_10:0.19654,mrr_10:0.14561
2024-10-30 18:26:45.525 | INFO     | __main__:<module>:283 - End
2024-10-30 18:26:45.526 | INFO     | __main__:<module>:284 - best hr: 0.5379208287088421, best ndcg : 0.33723554983171083,best mrr : 0.2755703539277346
