2024-10-29 22:01:12.871 | INFO     | __main__:<module>:184 - parameter settings: batch_size:128,lr:0.001,embed_id_dim:256,alpha:0.01,gamma:0.2, beta:0.4,noise:0.2,client_num:2,client_names:['douban_book_music_book', 'douban_book_music_music'],top_k:10,local epochs:1
2024-10-29 22:01:12.911 | INFO     | __main__:<module>:226 - initialize local data and local model:['douban_book_music_book', 'douban_book_music_music']
2024-10-29 22:01:12.911 | INFO     | utils.load_data:__init__:46 - load datasets
2024-10-29 22:01:14.573 | INFO     | utils.load_data:__init__:49 - calculate user neighbors
2024-10-29 22:01:14.660 | INFO     | utils.load_data:__init__:51 - create data loader
2024-10-29 22:01:14.669 | INFO     | utils.load_data:__init__:54 - read test samples
2024-10-29 22:01:19.587 | INFO     | utils.load_data:__init__:46 - load datasets
2024-10-29 22:01:20.971 | INFO     | utils.load_data:__init__:49 - calculate user neighbors
2024-10-29 22:01:21.663 | INFO     | utils.load_data:__init__:51 - create data loader
2024-10-29 22:01:21.671 | INFO     | utils.load_data:__init__:54 - read test samples
2024-10-29 22:01:47.939 | INFO     | __main__:<module>:314 - round:0, client:0, loss:6.81834, ce loss:0.65054,proto loss: 616.78057, hr_5:0.21672, ndcg_5:0.14843,mrr_5:0.12611,hr_10:0.30473, ndcg_10:0.17641,mrr_10:0.13737
2024-10-29 22:02:07.730 | INFO     | __main__:<module>:314 - round:0, client:1, loss:7.11454, ce loss:0.64204,proto loss: 647.25010, hr_5:0.13091, ndcg_5:0.07936,mrr_5:0.06263,hr_10:0.21012, ndcg_10:0.10457,mrr_10:0.07280
2024-10-29 22:02:30.785 | INFO     | __main__:<module>:314 - round:1, client:0, loss:5.67343, ce loss:0.62348,proto loss: 504.99452, hr_5:0.21892, ndcg_5:0.15372,mrr_5:0.13220,hr_10:0.31573, ndcg_10:0.18494,mrr_10:0.14505
2024-10-29 22:02:53.792 | INFO     | __main__:<module>:314 - round:1, client:1, loss:5.96009, ce loss:0.60471,proto loss: 535.53889, hr_5:0.11991, ndcg_5:0.08068,mrr_5:0.06773,hr_10:0.20132, ndcg_10:0.10708,mrr_10:0.07867
2024-10-29 22:03:18.823 | INFO     | __main__:<module>:314 - round:2, client:0, loss:5.79024, ce loss:0.61638,proto loss: 517.38613, hr_5:0.22662, ndcg_5:0.15395,mrr_5:0.13001,hr_10:0.31683, ndcg_10:0.18320,mrr_10:0.14214
2024-10-29 22:03:42.604 | INFO     | __main__:<module>:314 - round:2, client:1, loss:6.10157, ce loss:0.58704,proto loss: 551.45266, hr_5:0.13421, ndcg_5:0.08098,mrr_5:0.06357,hr_10:0.22442, ndcg_10:0.10999,mrr_10:0.07544
2024-10-29 22:04:10.274 | INFO     | __main__:<module>:314 - round:3, client:0, loss:5.98511, ce loss:0.60448,proto loss: 538.06319, hr_5:0.20682, ndcg_5:0.14742,mrr_5:0.12774,hr_10:0.32453, ndcg_10:0.18544,mrr_10:0.14340
2024-10-29 22:04:33.493 | INFO     | __main__:<module>:314 - round:3, client:1, loss:6.32725, ce loss:0.57034,proto loss: 575.69090, hr_5:0.13751, ndcg_5:0.08616,mrr_5:0.06944,hr_10:0.24642, ndcg_10:0.12067,mrr_10:0.08327
2024-10-29 22:04:59.557 | INFO     | __main__:<module>:314 - round:4, client:0, loss:6.18657, ce loss:0.59227,proto loss: 559.43009, hr_5:0.24422, ndcg_5:0.17506,mrr_5:0.15211,hr_10:0.33883, ndcg_10:0.20570,mrr_10:0.16479
2024-10-29 22:05:22.583 | INFO     | __main__:<module>:314 - round:4, client:1, loss:6.56142, ce loss:0.55772,proto loss: 600.36984, hr_5:0.14081, ndcg_5:0.08699,mrr_5:0.06944,hr_10:0.25083, ndcg_10:0.12216,mrr_10:0.08370
2024-10-29 22:05:48.224 | INFO     | __main__:<module>:314 - round:5, client:0, loss:6.40696, ce loss:0.57988,proto loss: 582.70781, hr_5:0.24972, ndcg_5:0.17206,mrr_5:0.14666,hr_10:0.35644, ndcg_10:0.20618,mrr_10:0.16053
2024-10-29 22:06:11.986 | INFO     | __main__:<module>:314 - round:5, client:1, loss:6.83236, ce loss:0.54357,proto loss: 628.87902, hr_5:0.15402, ndcg_5:0.09574,mrr_5:0.07677,hr_10:0.26293, ndcg_10:0.13109,mrr_10:0.09144
2024-10-29 22:06:36.920 | INFO     | __main__:<module>:314 - round:6, client:0, loss:6.60055, ce loss:0.56995,proto loss: 603.06077, hr_5:0.23652, ndcg_5:0.16447,mrr_5:0.14076,hr_10:0.35644, ndcg_10:0.20298,mrr_10:0.15650
2024-10-29 22:06:57.618 | INFO     | __main__:<module>:314 - round:6, client:1, loss:7.04952, ce loss:0.52872,proto loss: 652.08033, hr_5:0.14301, ndcg_5:0.08692,mrr_5:0.06865,hr_10:0.25963, ndcg_10:0.12409,mrr_10:0.08368
2024-10-29 22:07:19.739 | INFO     | __main__:<module>:314 - round:7, client:0, loss:6.78651, ce loss:0.55860,proto loss: 622.79179, hr_5:0.25303, ndcg_5:0.17465,mrr_5:0.14883,hr_10:0.37074, ndcg_10:0.21208,mrr_10:0.16390
2024-10-29 22:07:39.115 | INFO     | __main__:<module>:314 - round:7, client:1, loss:7.27071, ce loss:0.51998,proto loss: 675.07318, hr_5:0.15732, ndcg_5:0.10019,mrr_5:0.08170,hr_10:0.27063, ndcg_10:0.13685,mrr_10:0.09684
2024-10-29 22:08:00.474 | INFO     | __main__:<module>:314 - round:8, client:0, loss:6.97138, ce loss:0.55011,proto loss: 642.12650, hr_5:0.26513, ndcg_5:0.17177,mrr_5:0.14135,hr_10:0.40044, ndcg_10:0.21550,mrr_10:0.15937
2024-10-29 22:08:20.626 | INFO     | __main__:<module>:314 - round:8, client:1, loss:7.48246, ce loss:0.51208,proto loss: 697.03745, hr_5:0.15512, ndcg_5:0.10158,mrr_5:0.08394,hr_10:0.25633, ndcg_10:0.13422,mrr_10:0.09735
2024-10-29 22:08:41.992 | INFO     | __main__:<module>:314 - round:9, client:0, loss:7.13081, ce loss:0.53943,proto loss: 659.13818, hr_5:0.26293, ndcg_5:0.18607,mrr_5:0.16091,hr_10:0.38724, ndcg_10:0.22566,mrr_10:0.17690
2024-10-29 22:09:01.363 | INFO     | __main__:<module>:314 - round:9, client:1, loss:7.67875, ce loss:0.49981,proto loss: 717.89381, hr_5:0.17162, ndcg_5:0.10640,mrr_5:0.08526,hr_10:0.28713, ndcg_10:0.14321,mrr_10:0.10013
2024-10-29 22:09:23.208 | INFO     | __main__:<module>:314 - round:10, client:0, loss:7.28489, ce loss:0.53109,proto loss: 675.38018, hr_5:0.25743, ndcg_5:0.17517,mrr_5:0.14802,hr_10:0.39384, ndcg_10:0.21914,mrr_10:0.16609
2024-10-29 22:09:42.643 | INFO     | __main__:<module>:314 - round:10, client:1, loss:7.82766, ce loss:0.49468,proto loss: 733.29871, hr_5:0.15622, ndcg_5:0.09416,mrr_5:0.07393,hr_10:0.28493, ndcg_10:0.13491,mrr_10:0.09024
2024-10-29 22:10:04.499 | INFO     | __main__:<module>:314 - round:11, client:0, loss:7.45253, ce loss:0.52627,proto loss: 692.62630, hr_5:0.28823, ndcg_5:0.19120,mrr_5:0.15933,hr_10:0.39824, ndcg_10:0.22683,mrr_10:0.17406
2024-10-29 22:10:23.833 | INFO     | __main__:<module>:314 - round:11, client:1, loss:8.03002, ce loss:0.48638,proto loss: 754.36310, hr_5:0.17712, ndcg_5:0.11263,mrr_5:0.09162,hr_10:0.28273, ndcg_10:0.14673,mrr_10:0.10567
2024-10-29 22:10:45.320 | INFO     | __main__:<module>:314 - round:12, client:0, loss:7.54480, ce loss:0.51729,proto loss: 702.75097, hr_5:0.27393, ndcg_5:0.19059,mrr_5:0.16318,hr_10:0.38834, ndcg_10:0.22730,mrr_10:0.17816
2024-10-29 22:11:05.225 | INFO     | __main__:<module>:314 - round:12, client:1, loss:8.14398, ce loss:0.48124,proto loss: 766.27400, hr_5:0.18812, ndcg_5:0.11989,mrr_5:0.09741,hr_10:0.31243, ndcg_10:0.15973,mrr_10:0.11364
2024-10-29 22:11:26.486 | INFO     | __main__:<module>:314 - round:13, client:0, loss:7.66825, ce loss:0.50874,proto loss: 715.95115, hr_5:0.30473, ndcg_5:0.20895,mrr_5:0.17754,hr_10:0.42354, ndcg_10:0.24697,mrr_10:0.19299
2024-10-29 22:11:45.823 | INFO     | __main__:<module>:314 - round:13, client:1, loss:8.25143, ce loss:0.47792,proto loss: 777.35118, hr_5:0.17382, ndcg_5:0.11345,mrr_5:0.09380,hr_10:0.28383, ndcg_10:0.14905,mrr_10:0.10851
2024-10-29 22:12:07.644 | INFO     | __main__:<module>:314 - round:14, client:0, loss:7.76353, ce loss:0.50540,proto loss: 725.81352, hr_5:0.28823, ndcg_5:0.19810,mrr_5:0.16857,hr_10:0.41694, ndcg_10:0.23968,mrr_10:0.18571
2024-10-29 22:12:27.039 | INFO     | __main__:<module>:314 - round:14, client:1, loss:8.40915, ce loss:0.47251,proto loss: 793.66316, hr_5:0.19912, ndcg_5:0.12095,mrr_5:0.09543,hr_10:0.30693, ndcg_10:0.15544,mrr_10:0.10945
2024-10-29 22:12:48.304 | INFO     | __main__:<module>:314 - round:15, client:0, loss:7.87094, ce loss:0.49920,proto loss: 737.17448, hr_5:0.30143, ndcg_5:0.20381,mrr_5:0.17175,hr_10:0.40924, ndcg_10:0.23896,mrr_10:0.18643
2024-10-29 22:13:08.342 | INFO     | __main__:<module>:314 - round:15, client:1, loss:8.54266, ce loss:0.46565,proto loss: 807.70052, hr_5:0.19472, ndcg_5:0.12345,mrr_5:0.10024,hr_10:0.32343, ndcg_10:0.16464,mrr_10:0.11698
2024-10-29 22:13:29.765 | INFO     | __main__:<module>:314 - round:16, client:0, loss:7.94651, ce loss:0.49570,proto loss: 745.08044, hr_5:0.29153, ndcg_5:0.20671,mrr_5:0.17890,hr_10:0.42574, ndcg_10:0.25010,mrr_10:0.19679
2024-10-29 22:13:49.253 | INFO     | __main__:<module>:314 - round:16, client:1, loss:8.58327, ce loss:0.46032,proto loss: 812.29494, hr_5:0.18372, ndcg_5:0.11839,mrr_5:0.09714,hr_10:0.33003, ndcg_10:0.16499,mrr_10:0.11596
2024-10-29 22:14:11.425 | INFO     | __main__:<module>:314 - round:17, client:0, loss:8.07479, ce loss:0.49032,proto loss: 758.44704, hr_5:0.29813, ndcg_5:0.21380,mrr_5:0.18588,hr_10:0.43784, ndcg_10:0.25837,mrr_10:0.20391
2024-10-29 22:15:04.469 | INFO     | __main__:<module>:314 - round:17, client:1, loss:8.75683, ce loss:0.46264,proto loss: 829.41868, hr_5:0.18812, ndcg_5:0.11875,mrr_5:0.09622,hr_10:0.32893, ndcg_10:0.16373,mrr_10:0.11446
2024-10-29 22:16:35.858 | INFO     | __main__:<module>:314 - round:18, client:0, loss:8.10607, ce loss:0.49019,proto loss: 761.58770, hr_5:0.28713, ndcg_5:0.19963,mrr_5:0.17083,hr_10:0.42354, ndcg_10:0.24327,mrr_10:0.18857
2024-10-29 22:18:03.154 | INFO     | __main__:<module>:314 - round:18, client:1, loss:8.81751, ce loss:0.45649,proto loss: 836.10118, hr_5:0.20352, ndcg_5:0.12891,mrr_5:0.10464,hr_10:0.34323, ndcg_10:0.17410,mrr_10:0.12329
2024-10-29 22:19:34.191 | INFO     | __main__:<module>:314 - round:19, client:0, loss:8.23395, ce loss:0.48553,proto loss: 774.84248, hr_5:0.30253, ndcg_5:0.21751,mrr_5:0.18927,hr_10:0.44664, ndcg_10:0.26350,mrr_10:0.20790
2024-10-29 22:21:03.112 | INFO     | __main__:<module>:314 - round:19, client:1, loss:8.92641, ce loss:0.45339,proto loss: 847.30142, hr_5:0.21782, ndcg_5:0.13541,mrr_5:0.10849,hr_10:0.33443, ndcg_10:0.17249,mrr_10:0.12343
2024-10-29 22:22:46.768 | INFO     | __main__:<module>:314 - round:20, client:0, loss:8.27948, ce loss:0.48251,proto loss: 779.69753, hr_5:0.29483, ndcg_5:0.20961,mrr_5:0.18148,hr_10:0.43564, ndcg_10:0.25492,mrr_10:0.20005
2024-10-29 22:24:15.384 | INFO     | __main__:<module>:314 - round:20, client:1, loss:9.00118, ce loss:0.45160,proto loss: 854.95790, hr_5:0.19362, ndcg_5:0.12059,mrr_5:0.09677,hr_10:0.32783, ndcg_10:0.16371,mrr_10:0.11441
2024-10-29 22:25:55.063 | INFO     | __main__:<module>:314 - round:21, client:0, loss:8.32616, ce loss:0.47533,proto loss: 785.08286, hr_5:0.31463, ndcg_5:0.21372,mrr_5:0.18045,hr_10:0.44224, ndcg_10:0.25424,mrr_10:0.19674
2024-10-29 22:27:05.063 | INFO     | __main__:<module>:314 - round:21, client:1, loss:9.07350, ce loss:0.44926,proto loss: 862.42404, hr_5:0.20242, ndcg_5:0.12728,mrr_5:0.10268,hr_10:0.33223, ndcg_10:0.16889,mrr_10:0.11963
2024-10-29 22:28:24.716 | INFO     | __main__:<module>:314 - round:22, client:0, loss:8.36026, ce loss:0.47607,proto loss: 788.41826, hr_5:0.32673, ndcg_5:0.22871,mrr_5:0.19657,hr_10:0.44884, ndcg_10:0.26741,mrr_10:0.21209
2024-10-29 22:29:42.720 | INFO     | __main__:<module>:314 - round:22, client:1, loss:9.10908, ce loss:0.44599,proto loss: 866.30906, hr_5:0.21452, ndcg_5:0.13315,mrr_5:0.10677,hr_10:0.33883, ndcg_10:0.17334,mrr_10:0.12335
2024-10-29 22:31:13.429 | INFO     | __main__:<module>:314 - round:23, client:0, loss:8.40435, ce loss:0.47082,proto loss: 793.35235, hr_5:0.30143, ndcg_5:0.20849,mrr_5:0.17820,hr_10:0.43894, ndcg_10:0.25259,mrr_10:0.19618
2024-10-29 22:32:34.354 | INFO     | __main__:<module>:314 - round:23, client:1, loss:9.18956, ce loss:0.44512,proto loss: 874.44379, hr_5:0.19362, ndcg_5:0.12112,mrr_5:0.09734,hr_10:0.31683, ndcg_10:0.16095,mrr_10:0.11376
2024-10-29 22:34:02.698 | INFO     | __main__:<module>:314 - round:24, client:0, loss:8.44663, ce loss:0.46922,proto loss: 797.74068, hr_5:0.30363, ndcg_5:0.21486,mrr_5:0.18575,hr_10:0.44884, ndcg_10:0.26143,mrr_10:0.20475
2024-10-29 22:35:30.893 | INFO     | __main__:<module>:314 - round:24, client:1, loss:9.18794, ce loss:0.44215,proto loss: 874.57847, hr_5:0.21672, ndcg_5:0.13658,mrr_5:0.11049,hr_10:0.34763, ndcg_10:0.17853,mrr_10:0.12756
2024-10-29 22:37:01.904 | INFO     | __main__:<module>:314 - round:25, client:0, loss:8.51454, ce loss:0.46833,proto loss: 804.62075, hr_5:0.31793, ndcg_5:0.21721,mrr_5:0.18377,hr_10:0.45105, ndcg_10:0.25989,mrr_10:0.20118
2024-10-29 22:38:20.138 | INFO     | __main__:<module>:314 - round:25, client:1, loss:9.25357, ce loss:0.43714,proto loss: 881.64330, hr_5:0.22882, ndcg_5:0.13937,mrr_5:0.11027,hr_10:0.35424, ndcg_10:0.17943,mrr_10:0.12652
2024-10-29 22:39:51.134 | INFO     | __main__:<module>:314 - round:26, client:0, loss:8.51007, ce loss:0.46575,proto loss: 804.43212, hr_5:0.33663, ndcg_5:0.23841,mrr_5:0.20598,hr_10:0.45875, ndcg_10:0.27747,mrr_10:0.22185
2024-10-29 22:40:57.893 | INFO     | __main__:<module>:314 - round:26, client:1, loss:9.30487, ce loss:0.43531,proto loss: 886.95633, hr_5:0.21562, ndcg_5:0.13712,mrr_5:0.11157,hr_10:0.32343, ndcg_10:0.17148,mrr_10:0.12545
2024-10-29 22:42:28.466 | INFO     | __main__:<module>:314 - round:27, client:0, loss:8.55555, ce loss:0.46700,proto loss: 808.85495, hr_5:0.31023, ndcg_5:0.21828,mrr_5:0.18803,hr_10:0.45545, ndcg_10:0.26539,mrr_10:0.20756
2024-10-29 22:43:45.417 | INFO     | __main__:<module>:314 - round:27, client:1, loss:9.34850, ce loss:0.43033,proto loss: 891.81638, hr_5:0.21452, ndcg_5:0.13680,mrr_5:0.11133,hr_10:0.34983, ndcg_10:0.18020,mrr_10:0.12904
2024-10-29 22:45:04.954 | INFO     | __main__:<module>:314 - round:28, client:0, loss:8.61546, ce loss:0.46484,proto loss: 815.06241, hr_5:0.33773, ndcg_5:0.23502,mrr_5:0.20110,hr_10:0.48735, ndcg_10:0.28314,mrr_10:0.22079
2024-10-29 22:46:21.506 | INFO     | __main__:<module>:314 - round:28, client:1, loss:9.45493, ce loss:0.42924,proto loss: 902.56913, hr_5:0.22442, ndcg_5:0.13964,mrr_5:0.11194,hr_10:0.35204, ndcg_10:0.18050,mrr_10:0.12856
2024-10-29 22:47:45.534 | INFO     | __main__:<module>:314 - round:29, client:0, loss:8.64598, ce loss:0.45988,proto loss: 818.61064, hr_5:0.33773, ndcg_5:0.23067,mrr_5:0.19549,hr_10:0.47085, ndcg_10:0.27366,mrr_10:0.21319
2024-10-29 22:49:00.553 | INFO     | __main__:<module>:314 - round:29, client:1, loss:9.41793, ce loss:0.42947,proto loss: 898.84600, hr_5:0.21562, ndcg_5:0.13321,mrr_5:0.10631,hr_10:0.36304, ndcg_10:0.18024,mrr_10:0.12535
2024-10-29 22:50:26.306 | INFO     | __main__:<module>:314 - round:30, client:0, loss:8.70146, ce loss:0.45934,proto loss: 824.21209, hr_5:0.35754, ndcg_5:0.24996,mrr_5:0.21454,hr_10:0.47745, ndcg_10:0.28825,mrr_10:0.23006
2024-10-29 22:51:43.215 | INFO     | __main__:<module>:314 - round:30, client:1, loss:9.50120, ce loss:0.42658,proto loss: 907.46199, hr_5:0.20462, ndcg_5:0.12977,mrr_5:0.10535,hr_10:0.32343, ndcg_10:0.16811,mrr_10:0.12113
2024-10-29 22:53:02.797 | INFO     | __main__:<module>:314 - round:31, client:0, loss:8.69614, ce loss:0.45776,proto loss: 823.83784, hr_5:0.33333, ndcg_5:0.23710,mrr_5:0.20550,hr_10:0.47305, ndcg_10:0.28255,mrr_10:0.22443
2024-10-29 22:54:11.419 | INFO     | __main__:<module>:314 - round:31, client:1, loss:9.48512, ce loss:0.42926,proto loss: 905.58674, hr_5:0.19582, ndcg_5:0.12470,mrr_5:0.10127,hr_10:0.31793, ndcg_10:0.16370,mrr_10:0.11707
2024-10-29 22:55:46.028 | INFO     | __main__:<module>:314 - round:32, client:0, loss:8.78231, ce loss:0.45539,proto loss: 832.69195, hr_5:0.35424, ndcg_5:0.24699,mrr_5:0.21194,hr_10:0.48075, ndcg_10:0.28804,mrr_10:0.22895
2024-10-29 22:57:07.659 | INFO     | __main__:<module>:314 - round:32, client:1, loss:9.57940, ce loss:0.42454,proto loss: 915.48668, hr_5:0.20022, ndcg_5:0.12646,mrr_5:0.10227,hr_10:0.31793, ndcg_10:0.16440,mrr_10:0.11786
2024-10-29 22:58:38.280 | INFO     | __main__:<module>:314 - round:33, client:0, loss:8.78994, ce loss:0.45601,proto loss: 833.39270, hr_5:0.32013, ndcg_5:0.21969,mrr_5:0.18662,hr_10:0.46315, ndcg_10:0.26546,mrr_10:0.20523
2024-10-29 23:00:05.775 | INFO     | __main__:<module>:314 - round:33, client:1, loss:9.60204, ce loss:0.42551,proto loss: 917.65248, hr_5:0.20682, ndcg_5:0.13555,mrr_5:0.11243,hr_10:0.32673, ndcg_10:0.17392,mrr_10:0.12803
2024-10-29 23:01:40.036 | INFO     | __main__:<module>:314 - round:34, client:0, loss:8.83803, ce loss:0.45756,proto loss: 838.04699, hr_5:0.33663, ndcg_5:0.23567,mrr_5:0.20233,hr_10:0.47745, ndcg_10:0.28072,mrr_10:0.22063
2024-10-29 23:03:05.966 | INFO     | __main__:<module>:314 - round:34, client:1, loss:9.60892, ce loss:0.42390,proto loss: 918.50262, hr_5:0.20352, ndcg_5:0.12791,mrr_5:0.10321,hr_10:0.33333, ndcg_10:0.16939,mrr_10:0.12004
2024-10-29 23:03:06.087 | INFO     | __main__:<module>:283 - End
2024-10-29 23:03:06.087 | INFO     | __main__:<module>:284 - best hr: 0.4196919691969197, best ndcg : 0.23182002843309257,best mrr : 0.17467804320114552
