2024-10-30 09:03:47.321 | INFO     | __main__:<module>:102 - parameter settings: batch_size:128,lr:0.001,embed_id_dim:256,alpha:0.01,gamma:0.2, beta:0.4,client_num:3,client_names:['douban_book_movie_music_book', 'douban_book_movie_music_movie', 'douban_book_movie_music_music'],top_k:10,local epochs:1
2024-10-30 09:03:47.428 | INFO     | __main__:<module>:144 - initialize local data and local model:['douban_book_movie_music_book', 'douban_book_movie_music_movie', 'douban_book_movie_music_music']
2024-10-30 09:03:47.428 | INFO     | utils.load_data:__init__:46 - load datasets
2024-10-30 09:03:49.308 | INFO     | utils.load_data:__init__:49 - calculate user neighbors
2024-10-30 09:03:49.394 | INFO     | utils.load_data:__init__:51 - create data loader
2024-10-30 09:03:49.404 | INFO     | utils.load_data:__init__:54 - read test samples
2024-10-30 09:03:55.210 | INFO     | utils.load_data:__init__:46 - load datasets
2024-10-30 09:06:18.356 | INFO     | utils.load_data:__init__:49 - calculate user neighbors
2024-10-30 09:06:20.468 | INFO     | utils.load_data:__init__:51 - create data loader
2024-10-30 09:06:20.652 | INFO     | utils.load_data:__init__:54 - read test samples
2024-10-30 09:06:23.838 | INFO     | utils.load_data:__init__:46 - load datasets
2024-10-30 09:06:35.485 | INFO     | utils.load_data:__init__:49 - calculate user neighbors
2024-10-30 09:06:35.567 | INFO     | utils.load_data:__init__:51 - create data loader
2024-10-30 09:06:35.576 | INFO     | utils.load_data:__init__:54 - read test samples
2024-10-30 09:07:37.375 | INFO     | __main__:<module>:206 - round:0, client:0, loss:408.41483, ce loss:0.67719, intra cl loss:2038.68815,hr_5:0.19978, ndcg_5:0.13689,mrr_5:0.11652,hr_10:0.30300, ndcg_10:0.17011,mrr_10:0.13013
2024-10-30 09:13:58.860 | INFO     | __main__:<module>:206 - round:0, client:1, loss:387.55528, ce loss:0.45835, intra cl loss:1935.48461,hr_5:0.59489, ndcg_5:0.45011,mrr_5:0.40216,hr_10:0.77026, ndcg_10:0.50710,mrr_10:0.42583
2024-10-30 09:14:19.529 | INFO     | __main__:<module>:206 - round:0, client:2, loss:405.43930, ce loss:0.68966, intra cl loss:2023.74817,hr_5:0.13651, ndcg_5:0.09288,mrr_5:0.07862,hr_10:0.23418, ndcg_10:0.12400,mrr_10:0.09119
2024-10-30 09:14:41.839 | INFO     | __main__:<module>:206 - round:1, client:0, loss:301.59491, ce loss:0.61254, intra cl loss:1504.91182,hr_5:0.26637, ndcg_5:0.17865,mrr_5:0.14974,hr_10:0.38402, ndcg_10:0.21664,mrr_10:0.16538
2024-10-30 09:21:12.421 | INFO     | __main__:<module>:206 - round:1, client:1, loss:369.79374, ce loss:0.37189, intra cl loss:1847.10918,hr_5:0.62486, ndcg_5:0.46547,mrr_5:0.41260,hr_10:0.76249, ndcg_10:0.50960,mrr_10:0.43060
2024-10-30 09:21:32.966 | INFO     | __main__:<module>:206 - round:1, client:2, loss:288.74212, ce loss:0.65586, intra cl loss:1440.43127,hr_5:0.19312, ndcg_5:0.12463,mrr_5:0.10240,hr_10:0.26859, ndcg_10:0.14905,mrr_10:0.11249
2024-10-30 09:21:55.305 | INFO     | __main__:<module>:206 - round:2, client:0, loss:297.42796, ce loss:0.56684, intra cl loss:1484.30559,hr_5:0.29745, ndcg_5:0.20488,mrr_5:0.17451,hr_10:0.42730, ndcg_10:0.24671,mrr_10:0.19167
2024-10-30 09:28:28.687 | INFO     | __main__:<module>:206 - round:2, client:1, loss:368.68479, ce loss:0.35543, intra cl loss:1841.64677,hr_5:0.64151, ndcg_5:0.48699,mrr_5:0.43587,hr_10:0.78135, ndcg_10:0.53205,mrr_10:0.45438
2024-10-30 09:28:49.126 | INFO     | __main__:<module>:206 - round:2, client:2, loss:283.86721, ce loss:0.63282, intra cl loss:1416.17191,hr_5:0.18868, ndcg_5:0.12268,mrr_5:0.10100,hr_10:0.28524, ndcg_10:0.15383,mrr_10:0.11381
2024-10-30 09:29:11.337 | INFO     | __main__:<module>:206 - round:3, client:0, loss:295.45337, ce loss:0.54159, intra cl loss:1474.55886,hr_5:0.30078, ndcg_5:0.20641,mrr_5:0.17558,hr_10:0.43285, ndcg_10:0.24930,mrr_10:0.19339
2024-10-30 09:35:29.828 | INFO     | __main__:<module>:206 - round:3, client:1, loss:368.20946, ce loss:0.34822, intra cl loss:1839.30615,hr_5:0.64151, ndcg_5:0.48092,mrr_5:0.42782,hr_10:0.79578, ndcg_10:0.53115,mrr_10:0.44876
2024-10-30 09:35:50.455 | INFO     | __main__:<module>:206 - round:3, client:2, loss:281.81004, ce loss:0.61603, intra cl loss:1405.96999,hr_5:0.20311, ndcg_5:0.13439,mrr_5:0.11199,hr_10:0.29967, ndcg_10:0.16567,mrr_10:0.12492
2024-10-30 09:36:12.450 | INFO     | __main__:<module>:206 - round:4, client:0, loss:294.26673, ce loss:0.51761, intra cl loss:1468.74560,hr_5:0.30744, ndcg_5:0.21526,mrr_5:0.18502,hr_10:0.44284, ndcg_10:0.25895,mrr_10:0.20298
2024-10-30 09:42:43.634 | INFO     | __main__:<module>:206 - round:4, client:1, loss:367.95351, ce loss:0.34389, intra cl loss:1838.04805,hr_5:0.66260, ndcg_5:0.50735,mrr_5:0.45592,hr_10:0.78024, ndcg_10:0.54556,mrr_10:0.47178
2024-10-30 09:43:04.043 | INFO     | __main__:<module>:206 - round:4, client:2, loss:280.65154, ce loss:0.60104, intra cl loss:1400.25250,hr_5:0.19756, ndcg_5:0.13419,mrr_5:0.11336,hr_10:0.32408, ndcg_10:0.17480,mrr_10:0.12994
2024-10-30 09:43:26.940 | INFO     | __main__:<module>:206 - round:5, client:0, loss:293.53607, ce loss:0.50569, intra cl loss:1465.15185,hr_5:0.33074, ndcg_5:0.23566,mrr_5:0.20438,hr_10:0.47059, ndcg_10:0.28039,mrr_10:0.22254
2024-10-30 09:50:00.114 | INFO     | __main__:<module>:206 - round:5, client:1, loss:367.83614, ce loss:0.34022, intra cl loss:1837.47955,hr_5:0.66260, ndcg_5:0.50295,mrr_5:0.45013,hr_10:0.80466, ndcg_10:0.54891,mrr_10:0.46910
2024-10-30 09:50:20.748 | INFO     | __main__:<module>:206 - round:5, client:2, loss:279.86022, ce loss:0.59108, intra cl loss:1396.34567,hr_5:0.20200, ndcg_5:0.13485,mrr_5:0.11254,hr_10:0.31853, ndcg_10:0.17191,mrr_10:0.12748
2024-10-30 09:50:43.056 | INFO     | __main__:<module>:206 - round:6, client:0, loss:292.94145, ce loss:0.49007, intra cl loss:1462.25692,hr_5:0.32519, ndcg_5:0.22393,mrr_5:0.19060,hr_10:0.45727, ndcg_10:0.26618,mrr_10:0.20778
2024-10-30 09:57:04.006 | INFO     | __main__:<module>:206 - round:6, client:1, loss:367.78434, ce loss:0.33818, intra cl loss:1837.23077,hr_5:0.67259, ndcg_5:0.49936,mrr_5:0.44225,hr_10:0.80133, ndcg_10:0.54101,mrr_10:0.45945
2024-10-30 09:57:39.456 | INFO     | __main__:<module>:206 - round:6, client:2, loss:279.31661, ce loss:0.57909, intra cl loss:1393.68758,hr_5:0.20977, ndcg_5:0.13763,mrr_5:0.11402,hr_10:0.32852, ndcg_10:0.17582,mrr_10:0.12964
2024-10-30 09:58:03.657 | INFO     | __main__:<module>:206 - round:7, client:0, loss:292.55455, ce loss:0.48280, intra cl loss:1460.35872,hr_5:0.33185, ndcg_5:0.23574,mrr_5:0.20414,hr_10:0.47281, ndcg_10:0.28099,mrr_10:0.22263
2024-10-30 10:04:20.599 | INFO     | __main__:<module>:206 - round:7, client:1, loss:367.73840, ce loss:0.33765, intra cl loss:1837.00376,hr_5:0.66815, ndcg_5:0.49706,mrr_5:0.44046,hr_10:0.81021, ndcg_10:0.54361,mrr_10:0.46003
2024-10-30 10:04:42.070 | INFO     | __main__:<module>:206 - round:7, client:2, loss:278.87566, ce loss:0.56922, intra cl loss:1391.53216,hr_5:0.21865, ndcg_5:0.14266,mrr_5:0.11781,hr_10:0.31410, ndcg_10:0.17338,mrr_10:0.13040
2024-10-30 10:05:04.176 | INFO     | __main__:<module>:206 - round:8, client:0, loss:292.24568, ce loss:0.46942, intra cl loss:1458.88125,hr_5:0.32297, ndcg_5:0.22945,mrr_5:0.19822,hr_10:0.46171, ndcg_10:0.27406,mrr_10:0.21650
2024-10-30 10:11:35.301 | INFO     | __main__:<module>:206 - round:8, client:1, loss:367.73099, ce loss:0.33634, intra cl loss:1836.97320,hr_5:0.66482, ndcg_5:0.50537,mrr_5:0.45240,hr_10:0.80799, ndcg_10:0.55213,mrr_10:0.47197
2024-10-30 10:11:55.988 | INFO     | __main__:<module>:206 - round:8, client:2, loss:278.56707, ce loss:0.55808, intra cl loss:1390.04489,hr_5:0.19756, ndcg_5:0.12710,mrr_5:0.10409,hr_10:0.29523, ndcg_10:0.15834,mrr_10:0.11678
2024-10-30 10:12:18.413 | INFO     | __main__:<module>:206 - round:9, client:0, loss:292.00562, ce loss:0.46066, intra cl loss:1457.72473,hr_5:0.30744, ndcg_5:0.22157,mrr_5:0.19340,hr_10:0.43285, ndcg_10:0.26185,mrr_10:0.20986
2024-10-30 10:18:50.945 | INFO     | __main__:<module>:206 - round:9, client:1, loss:367.71232, ce loss:0.33435, intra cl loss:1836.88984,hr_5:0.65483, ndcg_5:0.50159,mrr_5:0.45061,hr_10:0.78801, ndcg_10:0.54495,mrr_10:0.46868
2024-10-30 10:19:11.722 | INFO     | __main__:<module>:206 - round:9, client:2, loss:278.33525, ce loss:0.54619, intra cl loss:1388.94526,hr_5:0.20089, ndcg_5:0.12590,mrr_5:0.10135,hr_10:0.30411, ndcg_10:0.15933,mrr_10:0.11518
2024-10-30 10:19:34.192 | INFO     | __main__:<module>:206 - round:10, client:0, loss:291.82003, ce loss:0.45664, intra cl loss:1456.81691,hr_5:0.34184, ndcg_5:0.23860,mrr_5:0.20444,hr_10:0.48391, ndcg_10:0.28414,mrr_10:0.22301
2024-10-30 10:25:51.683 | INFO     | __main__:<module>:206 - round:10, client:1, loss:367.68231, ce loss:0.33435, intra cl loss:1836.73977,hr_5:0.67925, ndcg_5:0.50754,mrr_5:0.45070,hr_10:0.81576, ndcg_10:0.55197,mrr_10:0.46921
2024-10-30 10:26:12.164 | INFO     | __main__:<module>:206 - round:10, client:2, loss:278.15129, ce loss:0.53974, intra cl loss:1388.05772,hr_5:0.20755, ndcg_5:0.13331,mrr_5:0.10890,hr_10:0.31299, ndcg_10:0.16749,mrr_10:0.12304
2024-10-30 10:26:47.700 | INFO     | __main__:<module>:206 - round:11, client:0, loss:291.69585, ce loss:0.44588, intra cl loss:1456.24982,hr_5:0.32408, ndcg_5:0.23184,mrr_5:0.20157,hr_10:0.46393, ndcg_10:0.27691,mrr_10:0.22007
2024-10-30 10:33:05.623 | INFO     | __main__:<module>:206 - round:11, client:1, loss:367.70148, ce loss:0.33232, intra cl loss:1836.84576,hr_5:0.65150, ndcg_5:0.49108,mrr_5:0.43788,hr_10:0.80355, ndcg_10:0.54085,mrr_10:0.45878
2024-10-30 10:33:26.045 | INFO     | __main__:<module>:206 - round:11, client:2, loss:277.99354, ce loss:0.53101, intra cl loss:1387.31261,hr_5:0.19423, ndcg_5:0.12405,mrr_5:0.10118,hr_10:0.29301, ndcg_10:0.15579,mrr_10:0.11416
2024-10-30 10:33:48.051 | INFO     | __main__:<module>:206 - round:12, client:0, loss:291.51114, ce loss:0.44115, intra cl loss:1455.34994,hr_5:0.33185, ndcg_5:0.23644,mrr_5:0.20509,hr_10:0.48502, ndcg_10:0.28579,mrr_10:0.22535
2024-10-30 10:40:19.675 | INFO     | __main__:<module>:206 - round:12, client:1, loss:367.68234, ce loss:0.33338, intra cl loss:1836.74477,hr_5:0.65150, ndcg_5:0.50106,mrr_5:0.45113,hr_10:0.79467, ndcg_10:0.54772,mrr_10:0.47059
2024-10-30 10:40:40.203 | INFO     | __main__:<module>:206 - round:12, client:2, loss:277.86440, ce loss:0.52274, intra cl loss:1386.70830,hr_5:0.19978, ndcg_5:0.12994,mrr_5:0.10716,hr_10:0.31632, ndcg_10:0.16757,mrr_10:0.12265
2024-10-30 10:41:02.299 | INFO     | __main__:<module>:206 - round:13, client:0, loss:291.44518, ce loss:0.43509, intra cl loss:1455.05041,hr_5:0.35405, ndcg_5:0.24800,mrr_5:0.21347,hr_10:0.47281, ndcg_10:0.28625,mrr_10:0.22916
2024-10-30 10:47:34.084 | INFO     | __main__:<module>:206 - round:13, client:1, loss:367.69227, ce loss:0.33244, intra cl loss:1836.79912,hr_5:0.68701, ndcg_5:0.52885,mrr_5:0.47654,hr_10:0.81132, ndcg_10:0.56930,mrr_10:0.49338
2024-10-30 10:47:54.838 | INFO     | __main__:<module>:206 - round:13, client:2, loss:277.77462, ce loss:0.51664, intra cl loss:1386.28986,hr_5:0.20755, ndcg_5:0.13576,mrr_5:0.11217,hr_10:0.30855, ndcg_10:0.16832,mrr_10:0.12555
2024-10-30 10:48:17.491 | INFO     | __main__:<module>:206 - round:14, client:0, loss:291.32079, ce loss:0.42875, intra cl loss:1454.46019,hr_5:0.35183, ndcg_5:0.24175,mrr_5:0.20559,hr_10:0.48391, ndcg_10:0.28419,mrr_10:0.22294
2024-10-30 10:54:49.104 | INFO     | __main__:<module>:206 - round:14, client:1, loss:367.66702, ce loss:0.33213, intra cl loss:1836.67442,hr_5:0.67148, ndcg_5:0.51882,mrr_5:0.46815,hr_10:0.81243, ndcg_10:0.56461,mrr_10:0.48716
2024-10-30 10:55:10.905 | INFO     | __main__:<module>:206 - round:14, client:2, loss:277.68217, ce loss:0.50337, intra cl loss:1385.89399,hr_5:0.21532, ndcg_5:0.13785,mrr_5:0.11252,hr_10:0.33074, ndcg_10:0.17477,mrr_10:0.12753
2024-10-30 10:55:35.725 | INFO     | __main__:<module>:206 - round:15, client:0, loss:291.25487, ce loss:0.42572, intra cl loss:1454.14568,hr_5:0.34184, ndcg_5:0.22945,mrr_5:0.19253,hr_10:0.50055, ndcg_10:0.28040,mrr_10:0.21333
2024-10-30 11:02:30.309 | INFO     | __main__:<module>:206 - round:15, client:1, loss:367.67575, ce loss:0.33100, intra cl loss:1836.72372,hr_5:0.65372, ndcg_5:0.49224,mrr_5:0.43881,hr_10:0.80355, ndcg_10:0.54125,mrr_10:0.45937
2024-10-30 11:02:52.328 | INFO     | __main__:<module>:206 - round:15, client:2, loss:277.57102, ce loss:0.49594, intra cl loss:1385.37537,hr_5:0.20422, ndcg_5:0.13657,mrr_5:0.11434,hr_10:0.29412, ndcg_10:0.16550,mrr_10:0.12619
2024-10-30 11:03:17.777 | INFO     | __main__:<module>:206 - round:16, client:0, loss:291.20137, ce loss:0.42063, intra cl loss:1453.90368,hr_5:0.35183, ndcg_5:0.24236,mrr_5:0.20638,hr_10:0.46615, ndcg_10:0.27920,mrr_10:0.22152
2024-10-30 11:10:10.434 | INFO     | __main__:<module>:206 - round:16, client:1, loss:367.65181, ce loss:0.33084, intra cl loss:1836.60484,hr_5:0.67814, ndcg_5:0.51170,mrr_5:0.45673,hr_10:0.81798, ndcg_10:0.55692,mrr_10:0.47539
2024-10-30 11:10:32.541 | INFO     | __main__:<module>:206 - round:16, client:2, loss:277.53040, ce loss:0.49127, intra cl loss:1385.19560,hr_5:0.21421, ndcg_5:0.13209,mrr_5:0.10511,hr_10:0.33185, ndcg_10:0.16986,mrr_10:0.12054
2024-10-30 11:10:57.628 | INFO     | __main__:<module>:206 - round:17, client:0, loss:291.10528, ce loss:0.41254, intra cl loss:1453.46365,hr_5:0.35405, ndcg_5:0.24546,mrr_5:0.20973,hr_10:0.47836, ndcg_10:0.28574,mrr_10:0.22639
2024-10-30 11:17:38.765 | INFO     | __main__:<module>:206 - round:17, client:1, loss:367.66425, ce loss:0.32968, intra cl loss:1836.67281,hr_5:0.66149, ndcg_5:0.50784,mrr_5:0.45671,hr_10:0.79911, ndcg_10:0.55206,mrr_10:0.47480
2024-10-30 11:18:16.632 | INFO     | __main__:<module>:206 - round:17, client:2, loss:277.47952, ce loss:0.48291, intra cl loss:1384.98300,hr_5:0.19090, ndcg_5:0.12444,mrr_5:0.10270,hr_10:0.31743, ndcg_10:0.16466,mrr_10:0.11890
2024-10-30 11:18:39.833 | INFO     | __main__:<module>:206 - round:18, client:0, loss:291.09319, ce loss:0.41249, intra cl loss:1453.40349,hr_5:0.34850, ndcg_5:0.24262,mrr_5:0.20808,hr_10:0.47281, ndcg_10:0.28268,mrr_10:0.22453
2024-10-30 11:25:07.460 | INFO     | __main__:<module>:206 - round:18, client:1, loss:367.64570, ce loss:0.32979, intra cl loss:1836.57951,hr_5:0.67259, ndcg_5:0.51833,mrr_5:0.46689,hr_10:0.80466, ndcg_10:0.56143,mrr_10:0.48491
2024-10-30 11:25:27.963 | INFO     | __main__:<module>:206 - round:18, client:2, loss:277.36662, ce loss:0.47720, intra cl loss:1384.44711,hr_5:0.22087, ndcg_5:0.14194,mrr_5:0.11613,hr_10:0.32186, ndcg_10:0.17440,mrr_10:0.12940
2024-10-30 11:25:50.345 | INFO     | __main__:<module>:206 - round:19, client:0, loss:291.03608, ce loss:0.40563, intra cl loss:1453.15220,hr_5:0.32297, ndcg_5:0.22609,mrr_5:0.19430,hr_10:0.48724, ndcg_10:0.27847,mrr_10:0.21549
2024-10-30 11:32:22.804 | INFO     | __main__:<module>:206 - round:19, client:1, loss:367.65947, ce loss:0.32931, intra cl loss:1836.65076,hr_5:0.65372, ndcg_5:0.50737,mrr_5:0.45856,hr_10:0.78024, ndcg_10:0.54831,mrr_10:0.47547
2024-10-30 11:32:43.181 | INFO     | __main__:<module>:206 - round:19, client:2, loss:277.32325, ce loss:0.47023, intra cl loss:1384.26504,hr_5:0.20311, ndcg_5:0.13601,mrr_5:0.11411,hr_10:0.32963, ndcg_10:0.17670,mrr_10:0.13078
2024-10-30 11:33:05.275 | INFO     | __main__:<module>:206 - round:20, client:0, loss:290.98824, ce loss:0.40171, intra cl loss:1452.93262,hr_5:0.34406, ndcg_5:0.23717,mrr_5:0.20203,hr_10:0.47614, ndcg_10:0.27975,mrr_10:0.21953
2024-10-30 11:39:38.078 | INFO     | __main__:<module>:206 - round:20, client:1, loss:367.66476, ce loss:0.32827, intra cl loss:1836.68240,hr_5:0.68368, ndcg_5:0.52306,mrr_5:0.46994,hr_10:0.81465, ndcg_10:0.56565,mrr_10:0.48766
2024-10-30 11:39:59.190 | INFO     | __main__:<module>:206 - round:20, client:2, loss:277.28765, ce loss:0.46385, intra cl loss:1384.11897,hr_5:0.20311, ndcg_5:0.13322,mrr_5:0.11036,hr_10:0.31743, ndcg_10:0.16960,mrr_10:0.12504
2024-10-30 11:39:59.190 | INFO     | __main__:<module>:191 - End
2024-10-30 11:39:59.190 | INFO     | __main__:<module>:192 - best hr: 0.5423603403625602, best ndcg : 0.34118934047821736,best mrr : 0.279214599886076
