2024-10-29 21:57:38.384 | INFO     | __main__:<module>:102 - parameter settings: batch_size:128,lr:0.001,embed_id_dim:256,alpha:0.01,gamma:0.2, beta:0.4,client_num:2,client_names:['douban_book_music_book', 'douban_book_music_music'],top_k:10,local epochs:1
2024-10-29 21:57:38.481 | INFO     | __main__:<module>:144 - initialize local data and local model:['douban_book_music_book', 'douban_book_music_music']
2024-10-29 21:57:38.482 | INFO     | utils.load_data:__init__:46 - load datasets
2024-10-29 21:57:40.213 | INFO     | utils.load_data:__init__:49 - calculate user neighbors
2024-10-29 21:57:40.302 | INFO     | utils.load_data:__init__:51 - create data loader
2024-10-29 21:57:40.312 | INFO     | utils.load_data:__init__:54 - read test samples
2024-10-29 21:57:49.332 | INFO     | utils.load_data:__init__:46 - load datasets
2024-10-29 21:57:50.725 | INFO     | utils.load_data:__init__:49 - calculate user neighbors
2024-10-29 21:57:51.620 | INFO     | utils.load_data:__init__:51 - create data loader
2024-10-29 21:57:51.628 | INFO     | utils.load_data:__init__:54 - read test samples
2024-10-29 21:58:11.553 | INFO     | __main__:<module>:206 - round:0, client:0, loss:406.78028, ce loss:0.67227, intra cl loss:2030.53999,hr_5:0.20132, ndcg_5:0.14265,mrr_5:0.12334,hr_10:0.30143, ndcg_10:0.17527,mrr_10:0.13695
2024-10-29 21:58:27.993 | INFO     | __main__:<module>:206 - round:0, client:1, loss:404.25848, ce loss:0.67009, intra cl loss:2017.94190,hr_5:0.10671, ndcg_5:0.06022,mrr_5:0.04516,hr_10:0.19802, ndcg_10:0.08931,mrr_10:0.05690
2024-10-29 21:58:46.049 | INFO     | __main__:<module>:206 - round:1, client:0, loss:301.20531, ce loss:0.59911, intra cl loss:1503.03096,hr_5:0.27723, ndcg_5:0.19812,mrr_5:0.17200,hr_10:0.39934, ndcg_10:0.23767,mrr_10:0.18838
2024-10-29 21:59:03.307 | INFO     | __main__:<module>:206 - round:1, client:1, loss:288.11383, ce loss:0.60505, intra cl loss:1437.54387,hr_5:0.17272, ndcg_5:0.10331,mrr_5:0.08075,hr_10:0.28933, ndcg_10:0.14104,mrr_10:0.09633
2024-10-29 21:59:21.427 | INFO     | __main__:<module>:206 - round:2, client:0, loss:297.02678, ce loss:0.55363, intra cl loss:1482.36572,hr_5:0.29923, ndcg_5:0.22007,mrr_5:0.19395,hr_10:0.42134, ndcg_10:0.25947,mrr_10:0.21016
2024-10-29 21:59:37.885 | INFO     | __main__:<module>:206 - round:2, client:1, loss:283.32424, ce loss:0.57449, intra cl loss:1413.74871,hr_5:0.18812, ndcg_5:0.12006,mrr_5:0.09776,hr_10:0.32013, ndcg_10:0.16262,mrr_10:0.11526
2024-10-29 21:59:56.556 | INFO     | __main__:<module>:206 - round:3, client:0, loss:295.13320, ce loss:0.52382, intra cl loss:1473.04691,hr_5:0.30253, ndcg_5:0.21157,mrr_5:0.18188,hr_10:0.43014, ndcg_10:0.25259,mrr_10:0.19867
2024-10-29 22:00:13.052 | INFO     | __main__:<module>:206 - round:3, client:1, loss:281.26767, ce loss:0.54945, intra cl loss:1403.59109,hr_5:0.19032, ndcg_5:0.11857,mrr_5:0.09490,hr_10:0.32123, ndcg_10:0.16048,mrr_10:0.11196
2024-10-29 22:00:31.043 | INFO     | __main__:<module>:206 - round:4, client:0, loss:293.92664, ce loss:0.50697, intra cl loss:1467.09829,hr_5:0.31353, ndcg_5:0.22493,mrr_5:0.19564,hr_10:0.45105, ndcg_10:0.26872,mrr_10:0.21332
2024-10-29 22:00:47.494 | INFO     | __main__:<module>:206 - round:4, client:1, loss:280.09480, ce loss:0.53462, intra cl loss:1397.80088,hr_5:0.19032, ndcg_5:0.12163,mrr_5:0.09906,hr_10:0.30363, ndcg_10:0.15810,mrr_10:0.11401
2024-10-29 22:01:06.406 | INFO     | __main__:<module>:206 - round:5, client:0, loss:293.10071, ce loss:0.48944, intra cl loss:1463.05633,hr_5:0.33993, ndcg_5:0.24966,mrr_5:0.21993,hr_10:0.46865, ndcg_10:0.29112,mrr_10:0.23696
2024-10-29 22:01:24.674 | INFO     | __main__:<module>:206 - round:5, client:1, loss:279.34625, ce loss:0.52020, intra cl loss:1394.13019,hr_5:0.17822, ndcg_5:0.11947,mrr_5:0.10020,hr_10:0.28493, ndcg_10:0.15355,mrr_10:0.11402
2024-10-29 22:01:43.512 | INFO     | __main__:<module>:206 - round:6, client:0, loss:292.59505, ce loss:0.47608, intra cl loss:1460.59481,hr_5:0.34653, ndcg_5:0.24460,mrr_5:0.21107,hr_10:0.46205, ndcg_10:0.28187,mrr_10:0.22641
2024-10-29 22:02:00.386 | INFO     | __main__:<module>:206 - round:6, client:1, loss:278.86527, ce loss:0.50867, intra cl loss:1391.78295,hr_5:0.18482, ndcg_5:0.11653,mrr_5:0.09441,hr_10:0.30143, ndcg_10:0.15389,mrr_10:0.10962
2024-10-29 22:02:19.690 | INFO     | __main__:<module>:206 - round:7, client:0, loss:292.18424, ce loss:0.46754, intra cl loss:1458.58345,hr_5:0.35864, ndcg_5:0.25178,mrr_5:0.21680,hr_10:0.48295, ndcg_10:0.29188,mrr_10:0.23329
2024-10-29 22:02:38.079 | INFO     | __main__:<module>:206 - round:7, client:1, loss:278.33980, ce loss:0.49292, intra cl loss:1389.23439,hr_5:0.19142, ndcg_5:0.11759,mrr_5:0.09353,hr_10:0.31793, ndcg_10:0.15809,mrr_10:0.11000
2024-10-29 22:02:56.686 | INFO     | __main__:<module>:206 - round:8, client:0, loss:291.90711, ce loss:0.45623, intra cl loss:1457.25437,hr_5:0.34983, ndcg_5:0.25738,mrr_5:0.22693,hr_10:0.48185, ndcg_10:0.30015,mrr_10:0.24463
2024-10-29 22:03:14.299 | INFO     | __main__:<module>:206 - round:8, client:1, loss:278.06886, ce loss:0.48306, intra cl loss:1387.92900,hr_5:0.19912, ndcg_5:0.13023,mrr_5:0.10763,hr_10:0.32013, ndcg_10:0.16877,mrr_10:0.12318
2024-10-29 22:03:32.810 | INFO     | __main__:<module>:206 - round:9, client:0, loss:291.61117, ce loss:0.44826, intra cl loss:1455.81451,hr_5:0.36084, ndcg_5:0.25835,mrr_5:0.22453,hr_10:0.48735, ndcg_10:0.29932,mrr_10:0.24148
2024-10-29 22:03:50.551 | INFO     | __main__:<module>:206 - round:9, client:1, loss:277.79017, ce loss:0.47254, intra cl loss:1386.58814,hr_5:0.20572, ndcg_5:0.12900,mrr_5:0.10414,hr_10:0.32453, ndcg_10:0.16717,mrr_10:0.11974
2024-10-29 22:04:13.048 | INFO     | __main__:<module>:206 - round:10, client:0, loss:291.49983, ce loss:0.43993, intra cl loss:1455.29948,hr_5:0.35974, ndcg_5:0.25690,mrr_5:0.22321,hr_10:0.47305, ndcg_10:0.29342,mrr_10:0.23820
2024-10-29 22:04:38.539 | INFO     | __main__:<module>:206 - round:10, client:1, loss:277.59782, ce loss:0.46436, intra cl loss:1385.66727,hr_5:0.19692, ndcg_5:0.11942,mrr_5:0.09410,hr_10:0.31903, ndcg_10:0.15886,mrr_10:0.11035
2024-10-29 22:05:05.655 | INFO     | __main__:<module>:206 - round:11, client:0, loss:291.31586, ce loss:0.43510, intra cl loss:1454.40376,hr_5:0.35754, ndcg_5:0.25586,mrr_5:0.22246,hr_10:0.49395, ndcg_10:0.29990,mrr_10:0.24060
2024-10-29 22:05:31.917 | INFO     | __main__:<module>:206 - round:11, client:1, loss:277.43436, ce loss:0.45398, intra cl loss:1384.90187,hr_5:0.19142, ndcg_5:0.12077,mrr_5:0.09771,hr_10:0.31903, ndcg_10:0.16143,mrr_10:0.11413
2024-10-29 22:06:00.057 | INFO     | __main__:<module>:206 - round:12, client:0, loss:291.19866, ce loss:0.42981, intra cl loss:1453.84422,hr_5:0.35094, ndcg_5:0.24893,mrr_5:0.21557,hr_10:0.46865, ndcg_10:0.28732,mrr_10:0.23161
2024-10-29 22:06:23.530 | INFO     | __main__:<module>:206 - round:12, client:1, loss:277.35703, ce loss:0.44895, intra cl loss:1384.54036,hr_5:0.18152, ndcg_5:0.11240,mrr_5:0.08995,hr_10:0.32123, ndcg_10:0.15733,mrr_10:0.10835
2024-10-29 22:06:50.017 | INFO     | __main__:<module>:206 - round:13, client:0, loss:291.11264, ce loss:0.42418, intra cl loss:1453.44228,hr_5:0.35864, ndcg_5:0.25318,mrr_5:0.21846,hr_10:0.48735, ndcg_10:0.29505,mrr_10:0.23589
2024-10-29 22:07:14.547 | INFO     | __main__:<module>:206 - round:13, client:1, loss:277.20965, ce loss:0.44040, intra cl loss:1383.84623,hr_5:0.20022, ndcg_5:0.12891,mrr_5:0.10592,hr_10:0.33113, ndcg_10:0.17074,mrr_10:0.12288
2024-10-29 22:07:42.494 | INFO     | __main__:<module>:206 - round:14, client:0, loss:291.00221, ce loss:0.41924, intra cl loss:1452.91482,hr_5:0.35424, ndcg_5:0.25836,mrr_5:0.22684,hr_10:0.49395, ndcg_10:0.30346,mrr_10:0.24541
2024-10-29 22:08:06.989 | INFO     | __main__:<module>:206 - round:14, client:1, loss:277.14813, ce loss:0.43045, intra cl loss:1383.58838,hr_5:0.20572, ndcg_5:0.13506,mrr_5:0.11199,hr_10:0.33003, ndcg_10:0.17530,mrr_10:0.12862
2024-10-29 22:08:34.986 | INFO     | __main__:<module>:206 - round:15, client:0, loss:290.95310, ce loss:0.41106, intra cl loss:1452.71020,hr_5:0.37404, ndcg_5:0.26467,mrr_5:0.22888,hr_10:0.51485, ndcg_10:0.31045,mrr_10:0.24790
2024-10-29 22:09:00.177 | INFO     | __main__:<module>:206 - round:15, client:1, loss:277.06937, ce loss:0.42390, intra cl loss:1383.22732,hr_5:0.19692, ndcg_5:0.12592,mrr_5:0.10271,hr_10:0.30693, ndcg_10:0.16118,mrr_10:0.11708
2024-10-29 22:09:26.555 | INFO     | __main__:<module>:206 - round:16, client:0, loss:290.84566, ce loss:0.40692, intra cl loss:1452.19367,hr_5:0.34653, ndcg_5:0.25484,mrr_5:0.22477,hr_10:0.52585, ndcg_10:0.31299,mrr_10:0.24887
2024-10-29 22:09:51.652 | INFO     | __main__:<module>:206 - round:16, client:1, loss:277.02598, ce loss:0.41759, intra cl loss:1383.04190,hr_5:0.18812, ndcg_5:0.11629,mrr_5:0.09311,hr_10:0.32343, ndcg_10:0.15980,mrr_10:0.11092
2024-10-29 22:10:19.421 | INFO     | __main__:<module>:206 - round:17, client:0, loss:290.75722, ce loss:0.40383, intra cl loss:1451.76691,hr_5:0.38284, ndcg_5:0.27394,mrr_5:0.23808,hr_10:0.50715, ndcg_10:0.31437,mrr_10:0.25489
2024-10-29 22:10:44.713 | INFO     | __main__:<module>:206 - round:17, client:1, loss:276.94884, ce loss:0.41022, intra cl loss:1382.69305,hr_5:0.19472, ndcg_5:0.12460,mrr_5:0.10161,hr_10:0.30583, ndcg_10:0.16040,mrr_10:0.11630
2024-10-29 22:11:11.471 | INFO     | __main__:<module>:206 - round:18, client:0, loss:290.76332, ce loss:0.40148, intra cl loss:1451.80919,hr_5:0.37954, ndcg_5:0.26722,mrr_5:0.23014,hr_10:0.52035, ndcg_10:0.31319,mrr_10:0.24937
2024-10-29 22:11:36.800 | INFO     | __main__:<module>:206 - round:18, client:1, loss:276.88929, ce loss:0.40407, intra cl loss:1382.42606,hr_5:0.22552, ndcg_5:0.14502,mrr_5:0.11874,hr_10:0.35534, ndcg_10:0.18691,mrr_10:0.13598
2024-10-29 22:12:04.528 | INFO     | __main__:<module>:206 - round:19, client:0, loss:290.71554, ce loss:0.39539, intra cl loss:1451.60074,hr_5:0.36084, ndcg_5:0.25802,mrr_5:0.22413,hr_10:0.51815, ndcg_10:0.30896,mrr_10:0.24520
2024-10-29 22:12:30.218 | INFO     | __main__:<module>:206 - round:19, client:1, loss:276.83682, ce loss:0.39609, intra cl loss:1382.20364,hr_5:0.20352, ndcg_5:0.12717,mrr_5:0.10229,hr_10:0.29153, ndcg_10:0.15528,mrr_10:0.11370
2024-10-29 22:12:56.865 | INFO     | __main__:<module>:206 - round:20, client:0, loss:290.62863, ce loss:0.38695, intra cl loss:1451.20842,hr_5:0.36964, ndcg_5:0.25692,mrr_5:0.21993,hr_10:0.50715, ndcg_10:0.30114,mrr_10:0.23804
2024-10-29 22:13:22.479 | INFO     | __main__:<module>:206 - round:20, client:1, loss:276.76817, ce loss:0.39212, intra cl loss:1381.88021,hr_5:0.20132, ndcg_5:0.12541,mrr_5:0.10068,hr_10:0.32123, ndcg_10:0.16354,mrr_10:0.11602
2024-10-29 22:13:50.681 | INFO     | __main__:<module>:206 - round:21, client:0, loss:290.62115, ce loss:0.38383, intra cl loss:1451.18656,hr_5:0.35974, ndcg_5:0.25012,mrr_5:0.21417,hr_10:0.48185, ndcg_10:0.28978,mrr_10:0.23065
2024-10-29 22:14:15.402 | INFO     | __main__:<module>:206 - round:21, client:1, loss:276.73128, ce loss:0.38532, intra cl loss:1381.72978,hr_5:0.19582, ndcg_5:0.12045,mrr_5:0.09598,hr_10:0.32673, ndcg_10:0.16239,mrr_10:0.11308
2024-10-29 22:14:43.689 | INFO     | __main__:<module>:206 - round:22, client:0, loss:290.49346, ce loss:0.38234, intra cl loss:1450.55557,hr_5:0.34323, ndcg_5:0.24828,mrr_5:0.21689,hr_10:0.48955, ndcg_10:0.29524,mrr_10:0.23606
2024-10-29 22:15:10.095 | INFO     | __main__:<module>:206 - round:22, client:1, loss:276.68558, ce loss:0.37846, intra cl loss:1381.53556,hr_5:0.20792, ndcg_5:0.13193,mrr_5:0.10717,hr_10:0.31793, ndcg_10:0.16699,mrr_10:0.12135
2024-10-29 22:15:38.979 | INFO     | __main__:<module>:206 - round:23, client:0, loss:290.49124, ce loss:0.38121, intra cl loss:1450.55013,hr_5:0.36084, ndcg_5:0.25589,mrr_5:0.22149,hr_10:0.49725, ndcg_10:0.29996,mrr_10:0.23967
2024-10-29 22:16:04.367 | INFO     | __main__:<module>:206 - round:23, client:1, loss:276.67158, ce loss:0.37603, intra cl loss:1381.47770,hr_5:0.20682, ndcg_5:0.13240,mrr_5:0.10799,hr_10:0.33223, ndcg_10:0.17265,mrr_10:0.12443
2024-10-29 22:16:32.626 | INFO     | __main__:<module>:206 - round:24, client:0, loss:290.46409, ce loss:0.37686, intra cl loss:1450.43615,hr_5:0.36524, ndcg_5:0.25825,mrr_5:0.22312,hr_10:0.50495, ndcg_10:0.30340,mrr_10:0.24173
2024-10-29 22:16:59.309 | INFO     | __main__:<module>:206 - round:24, client:1, loss:276.59681, ce loss:0.37209, intra cl loss:1381.12356,hr_5:0.19692, ndcg_5:0.12601,mrr_5:0.10273,hr_10:0.30913, ndcg_10:0.16165,mrr_10:0.11707
2024-10-29 22:16:59.309 | INFO     | __main__:<module>:191 - End
2024-10-29 22:16:59.309 | INFO     | __main__:<module>:192 - best hr: 0.43784378437843785, best ndcg : 0.25004719309964385,best mrr : 0.1926757556708052
