2024-10-29 21:59:24.661 | INFO     | __main__:<module>:183 - parameter settings: batch_size:128,lr:0.001,embed_id_dim:256,alpha:0.01,gamma:0.2, beta:0.4,noise:0.2,global_proto_agg_way:weight, client_num:2,client_names:['douban_book_music_book', 'douban_book_music_music'],top_k:10,local epochs:1
2024-10-29 21:59:24.721 | INFO     | __main__:<module>:225 - initialize local data and local model:['douban_book_music_book', 'douban_book_music_music']
2024-10-29 21:59:24.721 | INFO     | utils.load_data:__init__:46 - load datasets
2024-10-29 21:59:27.846 | INFO     | utils.load_data:__init__:49 - calculate user neighbors
2024-10-29 21:59:27.998 | INFO     | utils.load_data:__init__:51 - create data loader
2024-10-29 21:59:28.018 | INFO     | utils.load_data:__init__:54 - read test samples
2024-10-29 21:59:36.033 | INFO     | utils.load_data:__init__:46 - load datasets
2024-10-29 21:59:38.632 | INFO     | utils.load_data:__init__:49 - calculate user neighbors
2024-10-29 21:59:40.559 | INFO     | utils.load_data:__init__:51 - create data loader
2024-10-29 21:59:40.576 | INFO     | utils.load_data:__init__:54 - read test samples
2024-10-29 22:01:03.764 | INFO     | __main__:<module>:314 - round:0, client:0, loss:8.22604, ce loss:0.61098, proto loss: 741.50579, hr_5:0.25853, ndcg_5:0.19034,mrr_5:0.16782,hr_10:0.39164, ndcg_10:0.23319,mrr_10:0.18540
2024-10-29 22:02:14.556 | INFO     | __main__:<module>:314 - round:0, client:1, loss:8.41210, ce loss:0.61918, proto loss: 759.29258, hr_5:0.13201, ndcg_5:0.08542,mrr_5:0.07004,hr_10:0.24422, ndcg_10:0.12160,mrr_10:0.08491
2024-10-29 22:03:37.711 | INFO     | __main__:<module>:314 - round:1, client:0, loss:6.98209, ce loss:0.55011, proto loss: 623.19834, hr_5:0.30033, ndcg_5:0.20845,mrr_5:0.17831,hr_10:0.42134, ndcg_10:0.24754,mrr_10:0.19441
2024-10-29 22:04:44.577 | INFO     | __main__:<module>:314 - round:1, client:1, loss:7.23492, ce loss:0.57334, proto loss: 646.15797, hr_5:0.16062, ndcg_5:0.09924,mrr_5:0.07928,hr_10:0.27063, ndcg_10:0.13432,mrr_10:0.09347
2024-10-29 22:05:59.348 | INFO     | __main__:<module>:314 - round:2, client:0, loss:6.95930, ce loss:0.52986, proto loss: 622.94446, hr_5:0.32013, ndcg_5:0.22083,mrr_5:0.18819,hr_10:0.43784, ndcg_10:0.25913,mrr_10:0.20413
2024-10-29 22:07:07.323 | INFO     | __main__:<module>:314 - round:2, client:1, loss:7.29899, ce loss:0.55238, proto loss: 654.66083, hr_5:0.17822, ndcg_5:0.11427,mrr_5:0.09338,hr_10:0.29373, ndcg_10:0.15140,mrr_10:0.10857
2024-10-29 22:08:20.908 | INFO     | __main__:<module>:314 - round:3, client:0, loss:7.03074, ce loss:0.51869, proto loss: 631.20451, hr_5:0.31793, ndcg_5:0.22126,mrr_5:0.18948,hr_10:0.44774, ndcg_10:0.26306,mrr_10:0.20661
2024-10-29 22:09:26.333 | INFO     | __main__:<module>:314 - round:3, client:1, loss:7.42185, ce loss:0.53666, proto loss: 668.51902, hr_5:0.16502, ndcg_5:0.10126,mrr_5:0.08042,hr_10:0.28603, ndcg_10:0.13998,mrr_10:0.09617
2024-10-29 22:10:40.127 | INFO     | __main__:<module>:314 - round:4, client:0, loss:7.07810, ce loss:0.50933, proto loss: 636.87740, hr_5:0.34103, ndcg_5:0.23809,mrr_5:0.20433,hr_10:0.47855, ndcg_10:0.28236,mrr_10:0.22247
2024-10-29 22:11:46.468 | INFO     | __main__:<module>:314 - round:4, client:1, loss:7.53790, ce loss:0.52914, proto loss: 680.87573, hr_5:0.17602, ndcg_5:0.10946,mrr_5:0.08777,hr_10:0.30143, ndcg_10:0.14967,mrr_10:0.10417
2024-10-29 22:12:58.194 | INFO     | __main__:<module>:314 - round:5, client:0, loss:7.17455, ce loss:0.50020, proto loss: 647.43462, hr_5:0.33663, ndcg_5:0.23308,mrr_5:0.19890,hr_10:0.47855, ndcg_10:0.27806,mrr_10:0.21693
2024-10-29 22:14:04.523 | INFO     | __main__:<module>:314 - round:5, client:1, loss:7.70548, ce loss:0.52133, proto loss: 698.41554, hr_5:0.18922, ndcg_5:0.11798,mrr_5:0.09476,hr_10:0.31353, ndcg_10:0.15818,mrr_10:0.11134
2024-10-29 22:15:17.534 | INFO     | __main__:<module>:314 - round:6, client:0, loss:7.23017, ce loss:0.49616, proto loss: 653.40062, hr_5:0.33443, ndcg_5:0.23597,mrr_5:0.20359,hr_10:0.49505, ndcg_10:0.28753,mrr_10:0.22465
2024-10-29 22:16:22.264 | INFO     | __main__:<module>:314 - round:6, client:1, loss:7.80791, ce loss:0.51152, proto loss: 709.63841, hr_5:0.19472, ndcg_5:0.12137,mrr_5:0.09751,hr_10:0.31683, ndcg_10:0.16094,mrr_10:0.11387
2024-10-29 22:17:35.117 | INFO     | __main__:<module>:314 - round:7, client:0, loss:7.29778, ce loss:0.49193, proto loss: 660.58541, hr_5:0.34653, ndcg_5:0.24259,mrr_5:0.20838,hr_10:0.47525, ndcg_10:0.28361,mrr_10:0.22496
2024-10-29 22:18:40.799 | INFO     | __main__:<module>:314 - round:7, client:1, loss:7.92139, ce loss:0.50554, proto loss: 721.58437, hr_5:0.21452, ndcg_5:0.13064,mrr_5:0.10323,hr_10:0.32343, ndcg_10:0.16527,mrr_10:0.11718
2024-10-29 22:19:54.134 | INFO     | __main__:<module>:314 - round:8, client:0, loss:7.37289, ce loss:0.49183, proto loss: 668.10589, hr_5:0.32453, ndcg_5:0.22276,mrr_5:0.18938,hr_10:0.48735, ndcg_10:0.27567,mrr_10:0.21137
2024-10-29 22:20:59.519 | INFO     | __main__:<module>:314 - round:8, client:1, loss:8.03411, ce loss:0.50031, proto loss: 733.38077, hr_5:0.18702, ndcg_5:0.11595,mrr_5:0.09274,hr_10:0.30693, ndcg_10:0.15402,mrr_10:0.10805
2024-10-29 22:22:14.313 | INFO     | __main__:<module>:314 - round:9, client:0, loss:7.43147, ce loss:0.48912, proto loss: 674.23513, hr_5:0.33663, ndcg_5:0.23628,mrr_5:0.20317,hr_10:0.49065, ndcg_10:0.28611,mrr_10:0.22375
2024-10-29 22:23:20.415 | INFO     | __main__:<module>:314 - round:9, client:1, loss:8.14398, ce loss:0.49412, proto loss: 744.98576, hr_5:0.17712, ndcg_5:0.11142,mrr_5:0.08997,hr_10:0.31793, ndcg_10:0.15694,mrr_10:0.10874
2024-10-29 22:24:31.312 | INFO     | __main__:<module>:314 - round:10, client:0, loss:7.48198, ce loss:0.48391, proto loss: 679.80736, hr_5:0.34433, ndcg_5:0.24096,mrr_5:0.20719,hr_10:0.48515, ndcg_10:0.28605,mrr_10:0.22553
2024-10-29 22:25:37.845 | INFO     | __main__:<module>:314 - round:10, client:1, loss:8.20927, ce loss:0.49169, proto loss: 751.75800, hr_5:0.17822, ndcg_5:0.11613,mrr_5:0.09595,hr_10:0.33443, ndcg_10:0.16595,mrr_10:0.11611
2024-10-29 22:26:49.452 | INFO     | __main__:<module>:314 - round:11, client:0, loss:7.55631, ce loss:0.48259, proto loss: 687.37153, hr_5:0.33443, ndcg_5:0.23364,mrr_5:0.20064,hr_10:0.45985, ndcg_10:0.27386,mrr_10:0.21705
2024-10-29 22:27:54.945 | INFO     | __main__:<module>:314 - round:11, client:1, loss:8.34121, ce loss:0.48505, proto loss: 765.61607, hr_5:0.21232, ndcg_5:0.13578,mrr_5:0.11076,hr_10:0.34213, ndcg_10:0.17731,mrr_10:0.12765
2024-10-29 22:29:07.566 | INFO     | __main__:<module>:314 - round:12, client:0, loss:7.56613, ce loss:0.47998, proto loss: 688.61423, hr_5:0.33773, ndcg_5:0.24034,mrr_5:0.20843,hr_10:0.47305, ndcg_10:0.28364,mrr_10:0.22604
2024-10-29 22:30:13.338 | INFO     | __main__:<module>:314 - round:12, client:1, loss:8.37643, ce loss:0.48279, proto loss: 769.36426, hr_5:0.20572, ndcg_5:0.13110,mrr_5:0.10675,hr_10:0.35424, ndcg_10:0.17914,mrr_10:0.12658
2024-10-29 22:31:25.532 | INFO     | __main__:<module>:314 - round:13, client:0, loss:7.61318, ce loss:0.47917, proto loss: 693.40103, hr_5:0.34103, ndcg_5:0.23844,mrr_5:0.20455,hr_10:0.48625, ndcg_10:0.28538,mrr_10:0.22390
2024-10-29 22:32:30.713 | INFO     | __main__:<module>:314 - round:13, client:1, loss:8.41344, ce loss:0.48217, proto loss: 773.12728, hr_5:0.19802, ndcg_5:0.12731,mrr_5:0.10424,hr_10:0.33223, ndcg_10:0.17067,mrr_10:0.12212
2024-10-29 22:33:45.598 | INFO     | __main__:<module>:314 - round:14, client:0, loss:7.63656, ce loss:0.47903, proto loss: 695.75301, hr_5:0.34873, ndcg_5:0.24166,mrr_5:0.20642,hr_10:0.49285, ndcg_10:0.28826,mrr_10:0.22563
2024-10-29 22:34:53.478 | INFO     | __main__:<module>:314 - round:14, client:1, loss:8.51246, ce loss:0.48072, proto loss: 783.17373, hr_5:0.20682, ndcg_5:0.13031,mrr_5:0.10517,hr_10:0.33003, ndcg_10:0.16963,mrr_10:0.12110
2024-10-29 22:36:05.834 | INFO     | __main__:<module>:314 - round:15, client:0, loss:7.67251, ce loss:0.47385, proto loss: 699.86677, hr_5:0.36084, ndcg_5:0.25181,mrr_5:0.21602,hr_10:0.49395, ndcg_10:0.29511,mrr_10:0.23405
2024-10-29 22:37:11.474 | INFO     | __main__:<module>:314 - round:15, client:1, loss:8.58792, ce loss:0.47461, proto loss: 791.33098, hr_5:0.21562, ndcg_5:0.13677,mrr_5:0.11098,hr_10:0.35534, ndcg_10:0.18194,mrr_10:0.12963
2024-10-29 22:38:24.990 | INFO     | __main__:<module>:314 - round:16, client:0, loss:7.69058, ce loss:0.47317, proto loss: 701.74071, hr_5:0.36744, ndcg_5:0.25453,mrr_5:0.21738,hr_10:0.52365, ndcg_10:0.30468,mrr_10:0.23784
2024-10-29 22:39:31.454 | INFO     | __main__:<module>:314 - round:16, client:1, loss:8.57675, ce loss:0.47073, proto loss: 790.60225, hr_5:0.21122, ndcg_5:0.12849,mrr_5:0.10160,hr_10:0.34433, ndcg_10:0.17086,mrr_10:0.11869
2024-10-29 22:40:42.646 | INFO     | __main__:<module>:314 - round:17, client:0, loss:7.75886, ce loss:0.47241, proto loss: 708.64585, hr_5:0.34763, ndcg_5:0.24370,mrr_5:0.20964,hr_10:0.50825, ndcg_10:0.29526,mrr_10:0.23071
2024-10-29 22:41:48.621 | INFO     | __main__:<module>:314 - round:17, client:1, loss:8.68129, ce loss:0.47160, proto loss: 800.96897, hr_5:0.21672, ndcg_5:0.13253,mrr_5:0.10501,hr_10:0.35314, ndcg_10:0.17628,mrr_10:0.12285
2024-10-29 22:43:00.914 | INFO     | __main__:<module>:314 - round:18, client:0, loss:7.74097, ce loss:0.47074, proto loss: 707.02305, hr_5:0.34873, ndcg_5:0.24031,mrr_5:0.20468,hr_10:0.48405, ndcg_10:0.28423,mrr_10:0.22291
2024-10-29 22:44:05.200 | INFO     | __main__:<module>:314 - round:18, client:1, loss:8.70043, ce loss:0.46938, proto loss: 803.10485, hr_5:0.23102, ndcg_5:0.14723,mrr_5:0.11982,hr_10:0.34653, ndcg_10:0.18454,mrr_10:0.13519
2024-10-29 22:45:18.307 | INFO     | __main__:<module>:314 - round:19, client:0, loss:7.81062, ce loss:0.47070, proto loss: 713.99106, hr_5:0.36744, ndcg_5:0.26030,mrr_5:0.22497,hr_10:0.51265, ndcg_10:0.30709,mrr_10:0.24418
2024-10-29 22:46:25.026 | INFO     | __main__:<module>:314 - round:19, client:1, loss:8.76636, ce loss:0.46461, proto loss: 810.17531, hr_5:0.23762, ndcg_5:0.15225,mrr_5:0.12444,hr_10:0.35534, ndcg_10:0.19036,mrr_10:0.14021
2024-10-29 22:47:34.569 | INFO     | __main__:<module>:314 - round:20, client:0, loss:7.82370, ce loss:0.47271, proto loss: 715.09896, hr_5:0.36304, ndcg_5:0.24610,mrr_5:0.20770,hr_10:0.51375, ndcg_10:0.29438,mrr_10:0.22737
2024-10-29 22:48:41.293 | INFO     | __main__:<module>:314 - round:20, client:1, loss:8.79644, ce loss:0.46409, proto loss: 813.23573, hr_5:0.21562, ndcg_5:0.13243,mrr_5:0.10521,hr_10:0.35204, ndcg_10:0.17567,mrr_10:0.12253
2024-10-29 22:49:52.716 | INFO     | __main__:<module>:314 - round:21, client:0, loss:7.82691, ce loss:0.46765, proto loss: 715.92567, hr_5:0.36414, ndcg_5:0.25957,mrr_5:0.22527,hr_10:0.49725, ndcg_10:0.30225,mrr_10:0.24267
2024-10-29 22:50:58.210 | INFO     | __main__:<module>:314 - round:21, client:1, loss:8.83647, ce loss:0.46254, proto loss: 817.39242, hr_5:0.21342, ndcg_5:0.13161,mrr_5:0.10491,hr_10:0.35314, ndcg_10:0.17603,mrr_10:0.12281
2024-10-29 22:52:09.120 | INFO     | __main__:<module>:314 - round:22, client:0, loss:7.82625, ce loss:0.46828, proto loss: 715.79701, hr_5:0.35424, ndcg_5:0.25221,mrr_5:0.21876,hr_10:0.48845, ndcg_10:0.29529,mrr_10:0.23634
2024-10-29 22:53:15.400 | INFO     | __main__:<module>:314 - round:22, client:1, loss:8.84720, ce loss:0.46040, proto loss: 818.67961, hr_5:0.21012, ndcg_5:0.13572,mrr_5:0.11144,hr_10:0.35424, ndcg_10:0.18229,mrr_10:0.13064
2024-10-29 22:53:15.600 | INFO     | __main__:<module>:283 - End
2024-10-29 22:53:15.600 | INFO     | __main__:<module>:284 - best hr: 0.433993399339934, best ndcg : 0.23776785041281256,best mrr : 0.1782645328024866
