2024-10-30 08:53:20.103 | INFO     | __main__:<module>:183 - parameter settings: batch_size:128,lr:0.001,embed_id_dim:256,alpha:0.01,gamma:0.2, beta:0.4,noise:0.2,global_proto_agg_way:weight, client_num:3,client_names:['douban_book_movie_music_book', 'douban_book_movie_music_movie', 'douban_book_movie_music_music'],top_k:10,local epochs:1
2024-10-30 08:53:20.166 | INFO     | __main__:<module>:225 - initialize local data and local model:['douban_book_movie_music_book', 'douban_book_movie_music_movie', 'douban_book_movie_music_music']
2024-10-30 08:53:20.166 | INFO     | utils.load_data:__init__:46 - load datasets
2024-10-30 08:53:23.133 | INFO     | utils.load_data:__init__:49 - calculate user neighbors
2024-10-30 08:53:23.276 | INFO     | utils.load_data:__init__:51 - create data loader
2024-10-30 08:53:23.295 | INFO     | utils.load_data:__init__:54 - read test samples
2024-10-30 08:53:28.251 | INFO     | utils.load_data:__init__:46 - load datasets
2024-10-30 08:55:35.008 | INFO     | utils.load_data:__init__:49 - calculate user neighbors
2024-10-30 08:55:37.066 | INFO     | utils.load_data:__init__:51 - create data loader
2024-10-30 08:55:37.268 | INFO     | utils.load_data:__init__:54 - read test samples
2024-10-30 08:55:38.211 | INFO     | utils.load_data:__init__:46 - load datasets
2024-10-30 08:55:40.683 | INFO     | utils.load_data:__init__:49 - calculate user neighbors
2024-10-30 08:55:40.810 | INFO     | utils.load_data:__init__:51 - create data loader
2024-10-30 08:55:40.825 | INFO     | utils.load_data:__init__:54 - read test samples
2024-10-30 08:57:16.845 | INFO     | __main__:<module>:314 - round:0, client:0, loss:8.35901, ce loss:0.62392, proto loss: 753.50974, hr_5:0.27636, ndcg_5:0.18863,mrr_5:0.15969,hr_10:0.40178, ndcg_10:0.22934,mrr_10:0.17659
2024-10-30 09:13:49.676 | INFO     | __main__:<module>:314 - round:0, client:1, loss:4.71791, ce loss:0.44592, proto loss: 407.19904, hr_5:0.54162, ndcg_5:0.39806,mrr_5:0.35061,hr_10:0.68923, ndcg_10:0.44633,mrr_10:0.37085
2024-10-30 09:14:57.960 | INFO     | __main__:<module>:314 - round:0, client:2, loss:8.47480, ce loss:0.66824, proto loss: 760.65606, hr_5:0.16981, ndcg_5:0.11445,mrr_5:0.09624,hr_10:0.27192, ndcg_10:0.14698,mrr_10:0.10939
2024-10-30 09:16:09.183 | INFO     | __main__:<module>:314 - round:1, client:0, loss:7.05929, ce loss:0.56582, proto loss: 629.34675, hr_5:0.30744, ndcg_5:0.21411,mrr_5:0.18359,hr_10:0.42397, ndcg_10:0.25141,mrr_10:0.19876
2024-10-30 09:32:44.027 | INFO     | __main__:<module>:314 - round:1, client:1, loss:4.37485, ce loss:0.41453, proto loss: 376.03189, hr_5:0.54384, ndcg_5:0.39721,mrr_5:0.34863,hr_10:0.71698, ndcg_10:0.45339,mrr_10:0.37193
2024-10-30 09:33:50.267 | INFO     | __main__:<module>:314 - round:1, client:2, loss:7.28190, ce loss:0.63288, proto loss: 644.90161, hr_5:0.17869, ndcg_5:0.11694,mrr_5:0.09695,hr_10:0.29967, ndcg_10:0.15617,mrr_10:0.11321
2024-10-30 09:35:04.340 | INFO     | __main__:<module>:314 - round:2, client:0, loss:7.00883, ce loss:0.54273, proto loss: 626.60977, hr_5:0.29856, ndcg_5:0.20845,mrr_5:0.17889,hr_10:0.41842, ndcg_10:0.24682,mrr_10:0.19451
2024-10-30 09:51:41.869 | INFO     | __main__:<module>:314 - round:2, client:1, loss:4.36399, ce loss:0.40679, proto loss: 375.72022, hr_5:0.59267, ndcg_5:0.43130,mrr_5:0.37817,hr_10:0.72475, ndcg_10:0.47361,mrr_10:0.39540
2024-10-30 09:52:54.065 | INFO     | __main__:<module>:314 - round:2, client:2, loss:7.31443, ce loss:0.61679, proto loss: 649.76394, hr_5:0.21310, ndcg_5:0.13906,mrr_5:0.11502,hr_10:0.31410, ndcg_10:0.17190,mrr_10:0.12869
2024-10-30 09:54:26.343 | INFO     | __main__:<module>:314 - round:3, client:0, loss:7.06600, ce loss:0.53021, proto loss: 633.57908, hr_5:0.32963, ndcg_5:0.22826,mrr_5:0.19484,hr_10:0.45949, ndcg_10:0.27010,mrr_10:0.21202
2024-10-30 10:11:26.148 | INFO     | __main__:<module>:314 - round:3, client:1, loss:4.35945, ce loss:0.40234, proto loss: 375.71077, hr_5:0.55383, ndcg_5:0.41128,mrr_5:0.36400,hr_10:0.72253, ndcg_10:0.46609,mrr_10:0.38676
2024-10-30 10:12:27.136 | INFO     | __main__:<module>:314 - round:3, client:2, loss:7.44720, ce loss:0.60000, proto loss: 664.71961, hr_5:0.21199, ndcg_5:0.13595,mrr_5:0.11104,hr_10:0.33074, ndcg_10:0.17395,mrr_10:0.12649
2024-10-30 10:13:44.430 | INFO     | __main__:<module>:314 - round:4, client:0, loss:7.14737, ce loss:0.52058, proto loss: 642.67825, hr_5:0.35849, ndcg_5:0.24306,mrr_5:0.20529,hr_10:0.47059, ndcg_10:0.27940,mrr_10:0.22035
2024-10-30 10:30:51.321 | INFO     | __main__:<module>:314 - round:4, client:1, loss:4.35659, ce loss:0.39846, proto loss: 375.81243, hr_5:0.57936, ndcg_5:0.43235,mrr_5:0.38368,hr_10:0.72142, ndcg_10:0.47857,mrr_10:0.40292
2024-10-30 10:31:51.773 | INFO     | __main__:<module>:314 - round:4, client:2, loss:7.58454, ce loss:0.58763, proto loss: 679.69126, hr_5:0.20755, ndcg_5:0.13581,mrr_5:0.11226,hr_10:0.33518, ndcg_10:0.17676,mrr_10:0.12899
2024-10-30 10:33:30.937 | INFO     | __main__:<module>:314 - round:5, client:0, loss:7.22079, ce loss:0.51513, proto loss: 650.56656, hr_5:0.32519, ndcg_5:0.22205,mrr_5:0.18803,hr_10:0.46948, ndcg_10:0.26859,mrr_10:0.20718
2024-10-30 10:50:04.998 | INFO     | __main__:<module>:314 - round:5, client:1, loss:4.35235, ce loss:0.39677, proto loss: 375.55781, hr_5:0.59378, ndcg_5:0.45041,mrr_5:0.40302,hr_10:0.73252, ndcg_10:0.49524,mrr_10:0.42148
2024-10-30 10:51:29.377 | INFO     | __main__:<module>:314 - round:5, client:2, loss:7.73709, ce loss:0.57643, proto loss: 696.06517, hr_5:0.20977, ndcg_5:0.13954,mrr_5:0.11646,hr_10:0.33851, ndcg_10:0.18081,mrr_10:0.13328
2024-10-30 10:52:35.275 | INFO     | __main__:<module>:314 - round:6, client:0, loss:7.30792, ce loss:0.50989, proto loss: 659.80259, hr_5:0.32297, ndcg_5:0.22791,mrr_5:0.19661,hr_10:0.45727, ndcg_10:0.27091,mrr_10:0.21412
2024-10-30 11:09:00.541 | INFO     | __main__:<module>:314 - round:6, client:1, loss:4.35062, ce loss:0.39568, proto loss: 375.49441, hr_5:0.59600, ndcg_5:0.43964,mrr_5:0.38783,hr_10:0.71254, ndcg_10:0.47756,mrr_10:0.40362
2024-10-30 11:10:14.834 | INFO     | __main__:<module>:314 - round:6, client:2, loss:7.87152, ce loss:0.56788, proto loss: 710.36354, hr_5:0.20644, ndcg_5:0.14241,mrr_5:0.12142,hr_10:0.33296, ndcg_10:0.18316,mrr_10:0.13813
2024-10-30 11:11:42.912 | INFO     | __main__:<module>:314 - round:7, client:0, loss:7.36137, ce loss:0.50266, proto loss: 665.87079, hr_5:0.32852, ndcg_5:0.22199,mrr_5:0.18709,hr_10:0.47614, ndcg_10:0.26958,mrr_10:0.20664
2024-10-30 11:28:17.762 | INFO     | __main__:<module>:314 - round:7, client:1, loss:4.35019, ce loss:0.39517, proto loss: 375.50135, hr_5:0.60266, ndcg_5:0.43759,mrr_5:0.38300,hr_10:0.74251, ndcg_10:0.48304,mrr_10:0.40189
2024-10-30 11:29:29.651 | INFO     | __main__:<module>:314 - round:7, client:2, loss:7.98769, ce loss:0.56139, proto loss: 722.62931, hr_5:0.21310, ndcg_5:0.14075,mrr_5:0.11731,hr_10:0.31521, ndcg_10:0.17325,mrr_10:0.13042
2024-10-30 11:31:19.816 | INFO     | __main__:<module>:314 - round:8, client:0, loss:7.43546, ce loss:0.49795, proto loss: 673.75140, hr_5:0.34628, ndcg_5:0.24312,mrr_5:0.20908,hr_10:0.48502, ndcg_10:0.28757,mrr_10:0.22719
2024-10-30 11:47:40.713 | INFO     | __main__:<module>:314 - round:8, client:1, loss:4.35046, ce loss:0.39423, proto loss: 375.62302, hr_5:0.57048, ndcg_5:0.41579,mrr_5:0.36476,hr_10:0.72808, ndcg_10:0.46718,mrr_10:0.38623
2024-10-30 11:49:08.483 | INFO     | __main__:<module>:314 - round:8, client:2, loss:8.14794, ce loss:0.55549, proto loss: 739.24587, hr_5:0.24417, ndcg_5:0.15516,mrr_5:0.12597,hr_10:0.35627, ndcg_10:0.19148,mrr_10:0.14100
2024-10-30 11:50:17.105 | INFO     | __main__:<module>:314 - round:9, client:0, loss:7.50854, ce loss:0.49500, proto loss: 681.35441, hr_5:0.34517, ndcg_5:0.24560,mrr_5:0.21295,hr_10:0.46504, ndcg_10:0.28385,mrr_10:0.22843
2024-10-30 12:07:11.156 | INFO     | __main__:<module>:314 - round:9, client:1, loss:4.34794, ce loss:0.39281, proto loss: 375.51339, hr_5:0.59822, ndcg_5:0.43615,mrr_5:0.38272,hr_10:0.74584, ndcg_10:0.48420,mrr_10:0.40273
2024-10-30 12:08:17.587 | INFO     | __main__:<module>:314 - round:9, client:2, loss:8.19910, ce loss:0.54983, proto loss: 744.92755, hr_5:0.22974, ndcg_5:0.14508,mrr_5:0.11752,hr_10:0.35849, ndcg_10:0.18623,mrr_10:0.13420
2024-10-30 12:09:34.264 | INFO     | __main__:<module>:314 - round:10, client:0, loss:7.57797, ce loss:0.49497, proto loss: 688.29930, hr_5:0.35627, ndcg_5:0.24127,mrr_5:0.20351,hr_10:0.48724, ndcg_10:0.28387,mrr_10:0.22125
2024-10-30 12:26:11.343 | INFO     | __main__:<module>:314 - round:10, client:1, loss:4.34974, ce loss:0.39356, proto loss: 375.61794, hr_5:0.56937, ndcg_5:0.43451,mrr_5:0.38968,hr_10:0.72142, ndcg_10:0.48392,mrr_10:0.41022
2024-10-30 12:27:15.755 | INFO     | __main__:<module>:314 - round:10, client:2, loss:8.32646, ce loss:0.54083, proto loss: 758.56301, hr_5:0.23196, ndcg_5:0.14839,mrr_5:0.12098,hr_10:0.35294, ndcg_10:0.18738,mrr_10:0.13697
2024-10-30 12:28:56.076 | INFO     | __main__:<module>:314 - round:11, client:0, loss:7.60800, ce loss:0.49225, proto loss: 691.57530, hr_5:0.34628, ndcg_5:0.23449,mrr_5:0.19760,hr_10:0.48724, ndcg_10:0.28019,mrr_10:0.21652
2024-10-30 12:45:26.456 | INFO     | __main__:<module>:314 - round:11, client:1, loss:4.34695, ce loss:0.39323, proto loss: 375.37178, hr_5:0.58047, ndcg_5:0.43111,mrr_5:0.38169,hr_10:0.73696, ndcg_10:0.48141,mrr_10:0.40227
2024-10-30 12:46:31.058 | INFO     | __main__:<module>:314 - round:11, client:2, loss:8.38786, ce loss:0.53680, proto loss: 765.10647, hr_5:0.24750, ndcg_5:0.16071,mrr_5:0.13241,hr_10:0.36515, ndcg_10:0.19824,mrr_10:0.14760
2024-10-30 12:47:37.992 | INFO     | __main__:<module>:314 - round:12, client:0, loss:7.68591, ce loss:0.49039, proto loss: 699.55120, hr_5:0.33296, ndcg_5:0.23304,mrr_5:0.20020,hr_10:0.48280, ndcg_10:0.28105,mrr_10:0.21975
2024-10-30 13:04:11.626 | INFO     | __main__:<module>:314 - round:12, client:1, loss:4.34955, ce loss:0.39326, proto loss: 375.62824, hr_5:0.59711, ndcg_5:0.43132,mrr_5:0.37647,hr_10:0.73363, ndcg_10:0.47589,mrr_10:0.39512
2024-10-30 13:05:27.332 | INFO     | __main__:<module>:314 - round:12, client:2, loss:8.51223, ce loss:0.53096, proto loss: 778.12741, hr_5:0.21865, ndcg_5:0.14869,mrr_5:0.12566,hr_10:0.34184, ndcg_10:0.18828,mrr_10:0.14185
2024-10-30 13:06:33.356 | INFO     | __main__:<module>:314 - round:13, client:0, loss:7.70559, ce loss:0.48989, proto loss: 701.56980, hr_5:0.33296, ndcg_5:0.23333,mrr_5:0.20059,hr_10:0.47170, ndcg_10:0.27788,mrr_10:0.21880
2024-10-30 13:23:27.083 | INFO     | __main__:<module>:314 - round:13, client:1, loss:4.34850, ce loss:0.39332, proto loss: 375.51732, hr_5:0.60377, ndcg_5:0.44566,mrr_5:0.39345,hr_10:0.74917, ndcg_10:0.49301,mrr_10:0.41319
2024-10-30 13:24:59.592 | INFO     | __main__:<module>:314 - round:13, client:2, loss:8.56681, ce loss:0.52990, proto loss: 783.69094, hr_5:0.23751, ndcg_5:0.15259,mrr_5:0.12482,hr_10:0.36515, ndcg_10:0.19362,mrr_10:0.14163
2024-10-30 13:26:09.898 | INFO     | __main__:<module>:314 - round:14, client:0, loss:7.70925, ce loss:0.48544, proto loss: 702.38079, hr_5:0.32963, ndcg_5:0.23099,mrr_5:0.19867,hr_10:0.46615, ndcg_10:0.27493,mrr_10:0.21669
2024-10-30 13:42:56.052 | INFO     | __main__:<module>:314 - round:14, client:1, loss:4.34581, ce loss:0.39274, proto loss: 375.30674, hr_5:0.58935, ndcg_5:0.43442,mrr_5:0.38306,hr_10:0.73474, ndcg_10:0.48126,mrr_10:0.40228
2024-10-30 13:44:03.744 | INFO     | __main__:<module>:314 - round:14, client:2, loss:8.61699, ce loss:0.52606, proto loss: 789.09258, hr_5:0.23307, ndcg_5:0.15285,mrr_5:0.12651,hr_10:0.36626, ndcg_10:0.19543,mrr_10:0.14379
2024-10-30 13:45:14.622 | INFO     | __main__:<module>:314 - round:15, client:0, loss:7.77051, ce loss:0.48560, proto loss: 708.49119, hr_5:0.34184, ndcg_5:0.24113,mrr_5:0.20812,hr_10:0.46615, ndcg_10:0.28101,mrr_10:0.22440
2024-10-30 14:02:04.000 | INFO     | __main__:<module>:314 - round:15, client:1, loss:4.34585, ce loss:0.39175, proto loss: 375.40959, hr_5:0.60599, ndcg_5:0.43771,mrr_5:0.38246,hr_10:0.75361, ndcg_10:0.48595,mrr_10:0.40267
2024-10-30 14:03:14.362 | INFO     | __main__:<module>:314 - round:15, client:2, loss:8.68051, ce loss:0.52066, proto loss: 795.98562, hr_5:0.24639, ndcg_5:0.16192,mrr_5:0.13433,hr_10:0.37181, ndcg_10:0.20199,mrr_10:0.15059
2024-10-30 14:04:54.973 | INFO     | __main__:<module>:314 - round:16, client:0, loss:7.78933, ce loss:0.48413, proto loss: 710.51940, hr_5:0.33185, ndcg_5:0.24306,mrr_5:0.21367,hr_10:0.47170, ndcg_10:0.28768,mrr_10:0.23175
2024-10-30 14:21:16.668 | INFO     | __main__:<module>:314 - round:16, client:1, loss:4.34850, ce loss:0.39280, proto loss: 375.56962, hr_5:0.59267, ndcg_5:0.42619,mrr_5:0.37129,hr_10:0.72919, ndcg_10:0.47048,mrr_10:0.38965
2024-10-30 14:22:55.353 | INFO     | __main__:<module>:314 - round:16, client:2, loss:8.74185, ce loss:0.51568, proto loss: 802.61788, hr_5:0.23862, ndcg_5:0.16202,mrr_5:0.13668,hr_10:0.38957, ndcg_10:0.21058,mrr_10:0.15658
2024-10-30 14:24:10.925 | INFO     | __main__:<module>:314 - round:17, client:0, loss:7.82340, ce loss:0.48410, proto loss: 713.93026, hr_5:0.33407, ndcg_5:0.22789,mrr_5:0.19316,hr_10:0.49945, ndcg_10:0.28116,mrr_10:0.21502
2024-10-30 14:41:00.207 | INFO     | __main__:<module>:314 - round:17, client:1, loss:4.34815, ce loss:0.39283, proto loss: 375.53181, hr_5:0.58935, ndcg_5:0.44124,mrr_5:0.39208,hr_10:0.74251, ndcg_10:0.49039,mrr_10:0.41213
2024-10-30 14:42:04.614 | INFO     | __main__:<module>:314 - round:17, client:2, loss:8.81090, ce loss:0.51630, proto loss: 809.45999, hr_5:0.23307, ndcg_5:0.15714,mrr_5:0.13219,hr_10:0.35627, ndcg_10:0.19673,mrr_10:0.14840
2024-10-30 14:43:22.592 | INFO     | __main__:<module>:314 - round:18, client:0, loss:7.84991, ce loss:0.48162, proto loss: 716.82849, hr_5:0.35627, ndcg_5:0.24925,mrr_5:0.21435,hr_10:0.49834, ndcg_10:0.29494,mrr_10:0.23306
2024-10-30 15:00:04.763 | INFO     | __main__:<module>:314 - round:18, client:1, loss:4.34810, ce loss:0.39260, proto loss: 375.55029, hr_5:0.59156, ndcg_5:0.43380,mrr_5:0.38156,hr_10:0.73585, ndcg_10:0.48034,mrr_10:0.40069
2024-10-30 15:01:14.315 | INFO     | __main__:<module>:314 - round:18, client:2, loss:8.82307, ce loss:0.51357, proto loss: 810.94991, hr_5:0.23640, ndcg_5:0.15455,mrr_5:0.12795,hr_10:0.35627, ndcg_10:0.19369,mrr_10:0.14432
2024-10-30 15:02:50.209 | INFO     | __main__:<module>:314 - round:19, client:0, loss:7.84625, ce loss:0.48074, proto loss: 716.55120, hr_5:0.35627, ndcg_5:0.23784,mrr_5:0.19893,hr_10:0.50277, ndcg_10:0.28501,mrr_10:0.21828
2024-10-30 15:19:28.779 | INFO     | __main__:<module>:314 - round:19, client:1, loss:4.35024, ce loss:0.39233, proto loss: 375.79034, hr_5:0.61265, ndcg_5:0.45428,mrr_5:0.40178,hr_10:0.75250, ndcg_10:0.49947,mrr_10:0.42040
2024-10-30 15:21:03.827 | INFO     | __main__:<module>:314 - round:19, client:2, loss:8.84293, ce loss:0.50976, proto loss: 813.31744, hr_5:0.24972, ndcg_5:0.16969,mrr_5:0.14345,hr_10:0.36848, ndcg_10:0.20813,mrr_10:0.15934
2024-10-30 15:22:14.972 | INFO     | __main__:<module>:314 - round:20, client:0, loss:7.89198, ce loss:0.47937, proto loss: 721.26049, hr_5:0.34406, ndcg_5:0.24217,mrr_5:0.20858,hr_10:0.47836, ndcg_10:0.28522,mrr_10:0.22614
2024-10-30 15:39:25.890 | INFO     | __main__:<module>:314 - round:20, client:1, loss:4.34898, ce loss:0.39247, proto loss: 375.65048, hr_5:0.58824, ndcg_5:0.43260,mrr_5:0.38126,hr_10:0.74473, ndcg_10:0.48325,mrr_10:0.40219
2024-10-30 15:40:41.873 | INFO     | __main__:<module>:314 - round:20, client:2, loss:8.94543, ce loss:0.50720, proto loss: 823.82308, hr_5:0.24639, ndcg_5:0.16070,mrr_5:0.13269,hr_10:0.37403, ndcg_10:0.20163,mrr_10:0.14937
2024-10-30 15:41:51.527 | INFO     | __main__:<module>:314 - round:21, client:0, loss:7.91450, ce loss:0.47816, proto loss: 723.63355, hr_5:0.34073, ndcg_5:0.24097,mrr_5:0.20799,hr_10:0.47947, ndcg_10:0.28532,mrr_10:0.22599
2024-10-30 15:58:58.951 | INFO     | __main__:<module>:314 - round:21, client:1, loss:4.34795, ce loss:0.39167, proto loss: 375.62753, hr_5:0.58158, ndcg_5:0.43174,mrr_5:0.38204,hr_10:0.73474, ndcg_10:0.48117,mrr_10:0.40238
2024-10-30 16:00:34.312 | INFO     | __main__:<module>:314 - round:21, client:2, loss:8.99207, ce loss:0.50899, proto loss: 828.30736, hr_5:0.24750, ndcg_5:0.16437,mrr_5:0.13735,hr_10:0.38291, ndcg_10:0.20779,mrr_10:0.15506
2024-10-30 16:01:57.310 | INFO     | __main__:<module>:314 - round:22, client:0, loss:7.91965, ce loss:0.47557, proto loss: 724.40753, hr_5:0.32741, ndcg_5:0.23311,mrr_5:0.20215,hr_10:0.46726, ndcg_10:0.27874,mrr_10:0.22122
2024-10-30 16:18:59.577 | INFO     | __main__:<module>:314 - round:22, client:1, loss:4.34498, ce loss:0.39175, proto loss: 375.32381, hr_5:0.57714, ndcg_5:0.42583,mrr_5:0.37571,hr_10:0.74806, ndcg_10:0.48083,mrr_10:0.39825
2024-10-30 16:20:06.400 | INFO     | __main__:<module>:314 - round:22, client:2, loss:8.96158, ce loss:0.50438, proto loss: 825.71999, hr_5:0.25083, ndcg_5:0.16506,mrr_5:0.13711,hr_10:0.36959, ndcg_10:0.20326,mrr_10:0.15276
2024-10-30 16:21:19.983 | INFO     | __main__:<module>:314 - round:23, client:0, loss:7.92396, ce loss:0.47693, proto loss: 724.70310, hr_5:0.36071, ndcg_5:0.25059,mrr_5:0.21432,hr_10:0.51387, ndcg_10:0.29987,mrr_10:0.23452
2024-10-30 16:38:27.840 | INFO     | __main__:<module>:314 - round:23, client:1, loss:4.34335, ce loss:0.39171, proto loss: 375.16481, hr_5:0.56493, ndcg_5:0.41980,mrr_5:0.37159,hr_10:0.73807, ndcg_10:0.47569,mrr_10:0.39458
2024-10-30 16:39:39.822 | INFO     | __main__:<module>:314 - round:23, client:2, loss:9.01996, ce loss:0.50289, proto loss: 831.70674, hr_5:0.23196, ndcg_5:0.15434,mrr_5:0.12908,hr_10:0.38069, ndcg_10:0.20177,mrr_10:0.14827
2024-10-30 16:41:17.471 | INFO     | __main__:<module>:314 - round:24, client:0, loss:7.95325, ce loss:0.47471, proto loss: 727.85428, hr_5:0.35183, ndcg_5:0.24489,mrr_5:0.20960,hr_10:0.50277, ndcg_10:0.29350,mrr_10:0.22955
2024-10-30 16:57:48.170 | INFO     | __main__:<module>:314 - round:24, client:1, loss:4.34763, ce loss:0.39236, proto loss: 375.52686, hr_5:0.59156, ndcg_5:0.43904,mrr_5:0.38864,hr_10:0.73918, ndcg_10:0.48679,mrr_10:0.40837
2024-10-30 16:59:28.841 | INFO     | __main__:<module>:314 - round:24, client:2, loss:9.02754, ce loss:0.50246, proto loss: 832.50873, hr_5:0.24639, ndcg_5:0.16331,mrr_5:0.13620,hr_10:0.35516, ndcg_10:0.19846,mrr_10:0.15069
2024-10-30 17:00:42.226 | INFO     | __main__:<module>:314 - round:25, client:0, loss:7.96692, ce loss:0.47603, proto loss: 729.08957, hr_5:0.33185, ndcg_5:0.23551,mrr_5:0.20403,hr_10:0.46393, ndcg_10:0.27845,mrr_10:0.22188
2024-10-30 17:17:43.424 | INFO     | __main__:<module>:314 - round:25, client:1, loss:4.34413, ce loss:0.39167, proto loss: 375.24594, hr_5:0.59933, ndcg_5:0.43964,mrr_5:0.38690,hr_10:0.74251, ndcg_10:0.48595,mrr_10:0.40602
2024-10-30 17:18:51.613 | INFO     | __main__:<module>:314 - round:25, client:2, loss:9.07484, ce loss:0.49973, proto loss: 837.51046, hr_5:0.22863, ndcg_5:0.15038,mrr_5:0.12490,hr_10:0.34850, ndcg_10:0.18884,mrr_10:0.14059
2024-10-30 17:19:58.692 | INFO     | __main__:<module>:314 - round:26, client:0, loss:7.96085, ce loss:0.47446, proto loss: 728.63928, hr_5:0.34184, ndcg_5:0.24225,mrr_5:0.20954,hr_10:0.47503, ndcg_10:0.28508,mrr_10:0.22707
2024-10-30 17:36:57.103 | INFO     | __main__:<module>:314 - round:26, client:1, loss:4.34620, ce loss:0.39183, proto loss: 375.43668, hr_5:0.60488, ndcg_5:0.44670,mrr_5:0.39445,hr_10:0.74362, ndcg_10:0.49208,mrr_10:0.41349
2024-10-30 17:38:07.851 | INFO     | __main__:<module>:314 - round:26, client:2, loss:9.10733, ce loss:0.49877, proto loss: 840.85556, hr_5:0.22752, ndcg_5:0.15714,mrr_5:0.13394,hr_10:0.37181, ndcg_10:0.20401,mrr_10:0.15341
2024-10-30 17:39:41.852 | INFO     | __main__:<module>:314 - round:27, client:0, loss:8.02633, ce loss:0.47475, proto loss: 735.15838, hr_5:0.37403, ndcg_5:0.25683,mrr_5:0.21835,hr_10:0.50943, ndcg_10:0.30071,mrr_10:0.23652
2024-10-30 17:55:49.039 | INFO     | __main__:<module>:314 - round:27, client:1, loss:4.34678, ce loss:0.39113, proto loss: 375.56473, hr_5:0.61043, ndcg_5:0.45036,mrr_5:0.39765,hr_10:0.74917, ndcg_10:0.49499,mrr_10:0.41595
2024-10-30 17:57:20.341 | INFO     | __main__:<module>:314 - round:27, client:2, loss:9.17081, ce loss:0.50019, proto loss: 847.06198, hr_5:0.26082, ndcg_5:0.16591,mrr_5:0.13487,hr_10:0.36737, ndcg_10:0.20039,mrr_10:0.14912
2024-10-30 17:58:33.236 | INFO     | __main__:<module>:314 - round:28, client:0, loss:8.00126, ce loss:0.47201, proto loss: 732.92534, hr_5:0.33629, ndcg_5:0.22794,mrr_5:0.19249,hr_10:0.46282, ndcg_10:0.26820,mrr_10:0.20874
2024-10-30 18:15:03.669 | INFO     | __main__:<module>:314 - round:28, client:1, loss:4.34558, ce loss:0.39106, proto loss: 375.45260, hr_5:0.59046, ndcg_5:0.43239,mrr_5:0.38000,hr_10:0.73030, ndcg_10:0.47786,mrr_10:0.39891
2024-10-30 18:16:14.064 | INFO     | __main__:<module>:314 - round:28, client:2, loss:9.23805, ce loss:0.49891, proto loss: 853.91371, hr_5:0.25749, ndcg_5:0.17098,mrr_5:0.14280,hr_10:0.36404, ndcg_10:0.20494,mrr_10:0.15654
2024-10-30 18:17:28.456 | INFO     | __main__:<module>:314 - round:29, client:0, loss:7.99014, ce loss:0.47099, proto loss: 731.91504, hr_5:0.35516, ndcg_5:0.25208,mrr_5:0.21798,hr_10:0.50055, ndcg_10:0.29906,mrr_10:0.23736
2024-10-30 18:34:02.627 | INFO     | __main__:<module>:314 - round:29, client:1, loss:4.34373, ce loss:0.39019, proto loss: 375.35376, hr_5:0.59600, ndcg_5:0.44228,mrr_5:0.39140,hr_10:0.73807, ndcg_10:0.48766,mrr_10:0.40980
2024-10-30 18:35:06.433 | INFO     | __main__:<module>:314 - round:29, client:2, loss:9.19598, ce loss:0.49459, proto loss: 850.13925, hr_5:0.24639, ndcg_5:0.16282,mrr_5:0.13553,hr_10:0.37847, ndcg_10:0.20505,mrr_10:0.15269
2024-10-30 18:35:06.732 | INFO     | __main__:<module>:283 - End
2024-10-30 18:35:06.732 | INFO     | __main__:<module>:284 - best hr: 0.5442101368849427, best ndcg : 0.3257777790710313,best mrr : 0.25912448836977137
