2024-10-29 22:03:46.180 | INFO     | __main__:<module>:184 - parameter settings: batch_size:128,lr:0.001,embed_id_dim:256,alpha:0.01,gamma:0.2, beta:0.4,,noise:0.2,global_proto_agg_way:weight, client_num:2,client_names:['douban_book_music_book', 'douban_book_music_music'],top_k:10,local epochs:1
2024-10-29 22:03:46.270 | INFO     | __main__:<module>:226 - initialize local data and local model:['douban_book_music_book', 'douban_book_music_music']
2024-10-29 22:03:46.271 | INFO     | utils.load_data:__init__:46 - load datasets
2024-10-29 22:03:47.994 | INFO     | utils.load_data:__init__:49 - calculate user neighbors
2024-10-29 22:03:48.087 | INFO     | utils.load_data:__init__:51 - create data loader
2024-10-29 22:03:48.096 | INFO     | utils.load_data:__init__:54 - read test samples
2024-10-29 22:03:58.587 | INFO     | utils.load_data:__init__:46 - load datasets
2024-10-29 22:04:00.129 | INFO     | utils.load_data:__init__:49 - calculate user neighbors
2024-10-29 22:04:00.840 | INFO     | utils.load_data:__init__:51 - create data loader
2024-10-29 22:04:00.849 | INFO     | utils.load_data:__init__:54 - read test samples
2024-10-29 22:04:42.378 | INFO     | __main__:<module>:315 - round:0, client:0, loss:423.12757, ce loss:0.68370, intra cl loss: 2047.38543,proto loss: 1296.67786, hr_5:0.19252, ndcg_5:0.14016,mrr_5:0.12294,hr_10:0.25413, ndcg_10:0.15986,mrr_10:0.13094
2024-10-29 22:05:16.532 | INFO     | __main__:<module>:315 - round:0, client:1, loss:419.04100, ce loss:0.67834, intra cl loss: 2026.41473,proto loss: 1307.97013, hr_5:0.10781, ndcg_5:0.06514,mrr_5:0.05125,hr_10:0.18372, ndcg_10:0.08906,mrr_10:0.06076
2024-10-29 22:05:53.208 | INFO     | __main__:<module>:315 - round:1, client:0, loss:315.36666, ce loss:0.64633, intra cl loss: 1510.86171,proto loss: 1254.79817, hr_5:0.22552, ndcg_5:0.15637,mrr_5:0.13368,hr_10:0.31023, ndcg_10:0.18377,mrr_10:0.14499
2024-10-29 22:06:24.968 | INFO     | __main__:<module>:315 - round:1, client:1, loss:301.82836, ce loss:0.62457, intra cl loss: 1442.29219,proto loss: 1274.53469, hr_5:0.14851, ndcg_5:0.09478,mrr_5:0.07717,hr_10:0.25303, ndcg_10:0.12804,mrr_10:0.09059
2024-10-29 22:07:01.948 | INFO     | __main__:<module>:315 - round:2, client:0, loss:310.87718, ce loss:0.62545, intra cl loss: 1489.01066,proto loss: 1244.95934, hr_5:0.22552, ndcg_5:0.15949,mrr_5:0.13781,hr_10:0.30913, ndcg_10:0.18628,mrr_10:0.14872
2024-10-29 22:07:34.285 | INFO     | __main__:<module>:315 - round:2, client:1, loss:296.66586, ce loss:0.59441, intra cl loss: 1417.48244,proto loss: 1257.49605, hr_5:0.15512, ndcg_5:0.09143,mrr_5:0.07076,hr_10:0.25413, ndcg_10:0.12283,mrr_10:0.08336
2024-10-29 22:08:08.372 | INFO     | __main__:<module>:315 - round:3, client:0, loss:308.81223, ce loss:0.60911, intra cl loss: 1479.06267,proto loss: 1239.05825, hr_5:0.24862, ndcg_5:0.16872,mrr_5:0.14276,hr_10:0.33993, ndcg_10:0.19830,mrr_10:0.15500
2024-10-29 22:08:40.790 | INFO     | __main__:<module>:315 - round:3, client:1, loss:294.53578, ce loss:0.57298, intra cl loss: 1407.51306,proto loss: 1246.01908, hr_5:0.17052, ndcg_5:0.10933,mrr_5:0.08946,hr_10:0.28163, ndcg_10:0.14485,mrr_10:0.10388
2024-10-29 22:09:16.810 | INFO     | __main__:<module>:315 - round:4, client:0, loss:307.48201, ce loss:0.59629, intra cl loss: 1473.12634,proto loss: 1226.04462, hr_5:0.23322, ndcg_5:0.16562,mrr_5:0.14318,hr_10:0.33993, ndcg_10:0.19983,mrr_10:0.15713
2024-10-29 22:09:47.415 | INFO     | __main__:<module>:315 - round:4, client:1, loss:293.26078, ce loss:0.55761, intra cl loss: 1401.62815,proto loss: 1237.75396, hr_5:0.15182, ndcg_5:0.09433,mrr_5:0.07550,hr_10:0.28603, ndcg_10:0.13766,mrr_10:0.09334
2024-10-29 22:10:23.356 | INFO     | __main__:<module>:315 - round:5, client:0, loss:306.55635, ce loss:0.58652, intra cl loss: 1469.16919,proto loss: 1213.59854, hr_5:0.22552, ndcg_5:0.15846,mrr_5:0.13625,hr_10:0.33663, ndcg_10:0.19448,mrr_10:0.15116
2024-10-29 22:10:54.708 | INFO     | __main__:<module>:315 - round:5, client:1, loss:292.44660, ce loss:0.54425, intra cl loss: 1397.84615,proto loss: 1233.31180, hr_5:0.16612, ndcg_5:0.10099,mrr_5:0.07970,hr_10:0.28493, ndcg_10:0.13874,mrr_10:0.09489
2024-10-29 22:11:29.435 | INFO     | __main__:<module>:315 - round:6, client:0, loss:305.87956, ce loss:0.57843, intra cl loss: 1466.41879,proto loss: 1201.73627, hr_5:0.23542, ndcg_5:0.16952,mrr_5:0.14795,hr_10:0.34213, ndcg_10:0.20432,mrr_10:0.16249
2024-10-29 22:12:02.972 | INFO     | __main__:<module>:315 - round:6, client:1, loss:291.71956, ce loss:0.53498, intra cl loss: 1394.82056,proto loss: 1222.04621, hr_5:0.16722, ndcg_5:0.10433,mrr_5:0.08387,hr_10:0.25303, ndcg_10:0.13174,mrr_10:0.09498
2024-10-29 22:12:37.101 | INFO     | __main__:<module>:315 - round:7, client:0, loss:305.30941, ce loss:0.56941, intra cl loss: 1464.04963,proto loss: 1193.00692, hr_5:0.23652, ndcg_5:0.17019,mrr_5:0.14839,hr_10:0.33553, ndcg_10:0.20251,mrr_10:0.16189
2024-10-29 22:13:10.323 | INFO     | __main__:<module>:315 - round:7, client:1, loss:291.29996, ce loss:0.52459, intra cl loss: 1393.10220,proto loss: 1215.49265, hr_5:0.18812, ndcg_5:0.11823,mrr_5:0.09525,hr_10:0.29923, ndcg_10:0.15361,mrr_10:0.10955
2024-10-29 22:13:45.402 | INFO     | __main__:<module>:315 - round:8, client:0, loss:304.95407, ce loss:0.56024, intra cl loss: 1462.93859,proto loss: 1180.61009, hr_5:0.23762, ndcg_5:0.16380,mrr_5:0.13968,hr_10:0.34213, ndcg_10:0.19754,mrr_10:0.15356
2024-10-29 22:14:16.541 | INFO     | __main__:<module>:315 - round:8, client:1, loss:290.87412, ce loss:0.51319, intra cl loss: 1391.43887,proto loss: 1207.31499, hr_5:0.19362, ndcg_5:0.11608,mrr_5:0.09080,hr_10:0.31133, ndcg_10:0.15392,mrr_10:0.10629
2024-10-29 22:14:52.387 | INFO     | __main__:<module>:315 - round:9, client:0, loss:304.67431, ce loss:0.55282, intra cl loss: 1461.79508,proto loss: 1176.24750, hr_5:0.23982, ndcg_5:0.16504,mrr_5:0.14056,hr_10:0.34653, ndcg_10:0.19950,mrr_10:0.15475
2024-10-29 22:15:28.331 | INFO     | __main__:<module>:315 - round:9, client:1, loss:290.67133, ce loss:0.50631, intra cl loss: 1390.54997,proto loss: 1205.50267, hr_5:0.19582, ndcg_5:0.13118,mrr_5:0.10988,hr_10:0.30583, ndcg_10:0.16654,mrr_10:0.12435
2024-10-29 22:16:03.789 | INFO     | __main__:<module>:315 - round:10, client:0, loss:304.33903, ce loss:0.54821, intra cl loss: 1460.79952,proto loss: 1163.09056, hr_5:0.25963, ndcg_5:0.17656,mrr_5:0.14938,hr_10:0.35754, ndcg_10:0.20753,mrr_10:0.16176
2024-10-29 22:16:37.576 | INFO     | __main__:<module>:315 - round:10, client:1, loss:290.41388, ce loss:0.49956, intra cl loss: 1389.72179,proto loss: 1196.99537, hr_5:0.18152, ndcg_5:0.11492,mrr_5:0.09318,hr_10:0.32343, ndcg_10:0.16009,mrr_10:0.11140
2024-10-29 22:17:08.673 | INFO     | __main__:<module>:315 - round:11, client:0, loss:304.14294, ce loss:0.54175, intra cl loss: 1459.84549,proto loss: 1163.20805, hr_5:0.22992, ndcg_5:0.16229,mrr_5:0.14012,hr_10:0.33003, ndcg_10:0.19466,mrr_10:0.15347
2024-10-29 22:17:31.332 | INFO     | __main__:<module>:315 - round:11, client:1, loss:290.26123, ce loss:0.49272, intra cl loss: 1389.10898,proto loss: 1194.67065, hr_5:0.18922, ndcg_5:0.12071,mrr_5:0.09820,hr_10:0.30363, ndcg_10:0.15824,mrr_10:0.11402
2024-10-29 22:17:57.584 | INFO     | __main__:<module>:315 - round:12, client:0, loss:304.01249, ce loss:0.53751, intra cl loss: 1459.57872,proto loss: 1155.92255, hr_5:0.24532, ndcg_5:0.16584,mrr_5:0.13979,hr_10:0.36854, ndcg_10:0.20554,mrr_10:0.15611
2024-10-29 22:18:20.254 | INFO     | __main__:<module>:315 - round:12, client:1, loss:289.98678, ce loss:0.48861, intra cl loss: 1388.37288,proto loss: 1182.35827, hr_5:0.20132, ndcg_5:0.12632,mrr_5:0.10185,hr_10:0.32343, ndcg_10:0.16526,mrr_10:0.11762
2024-10-29 22:18:46.013 | INFO     | __main__:<module>:315 - round:13, client:0, loss:303.79773, ce loss:0.53089, intra cl loss: 1459.11170,proto loss: 1144.44941, hr_5:0.24422, ndcg_5:0.16360,mrr_5:0.13709,hr_10:0.35094, ndcg_10:0.19770,mrr_10:0.15094
2024-10-29 22:19:08.491 | INFO     | __main__:<module>:315 - round:13, client:1, loss:289.83403, ce loss:0.47720, intra cl loss: 1387.99695,proto loss: 1175.74394, hr_5:0.19802, ndcg_5:0.12160,mrr_5:0.09705,hr_10:0.30363, ndcg_10:0.15545,mrr_10:0.11084
2024-10-29 22:19:34.351 | INFO     | __main__:<module>:315 - round:14, client:0, loss:303.61603, ce loss:0.52474, intra cl loss: 1458.59879,proto loss: 1137.15307, hr_5:0.24092, ndcg_5:0.16276,mrr_5:0.13696,hr_10:0.37294, ndcg_10:0.20516,mrr_10:0.15431
2024-10-29 22:19:57.754 | INFO     | __main__:<module>:315 - round:14, client:1, loss:289.75442, ce loss:0.47071, intra cl loss: 1387.52465,proto loss: 1177.87672, hr_5:0.18702, ndcg_5:0.11124,mrr_5:0.08663,hr_10:0.30693, ndcg_10:0.14994,mrr_10:0.10256
2024-10-29 22:20:22.795 | INFO     | __main__:<module>:315 - round:15, client:0, loss:303.57237, ce loss:0.52700, intra cl loss: 1458.10523,proto loss: 1142.43133, hr_5:0.23872, ndcg_5:0.16489,mrr_5:0.14063,hr_10:0.34543, ndcg_10:0.19918,mrr_10:0.15467
2024-10-29 22:20:45.937 | INFO     | __main__:<module>:315 - round:15, client:1, loss:289.62598, ce loss:0.46556, intra cl loss: 1387.12451,proto loss: 1173.55090, hr_5:0.18152, ndcg_5:0.11614,mrr_5:0.09476,hr_10:0.30253, ndcg_10:0.15511,mrr_10:0.11074
2024-10-29 22:21:11.046 | INFO     | __main__:<module>:315 - round:16, client:0, loss:303.45312, ce loss:0.52099, intra cl loss: 1457.95729,proto loss: 1134.06637, hr_5:0.24532, ndcg_5:0.16505,mrr_5:0.13856,hr_10:0.35974, ndcg_10:0.20166,mrr_10:0.15343
2024-10-29 22:21:34.490 | INFO     | __main__:<module>:315 - round:16, client:1, loss:289.53011, ce loss:0.46060, intra cl loss: 1386.81298,proto loss: 1170.69112, hr_5:0.20792, ndcg_5:0.12513,mrr_5:0.09798,hr_10:0.32233, ndcg_10:0.16143,mrr_10:0.11255
2024-10-29 22:21:59.655 | INFO     | __main__:<module>:315 - round:17, client:0, loss:303.36330, ce loss:0.51525, intra cl loss: 1457.52600,proto loss: 1134.28487, hr_5:0.25853, ndcg_5:0.17136,mrr_5:0.14278,hr_10:0.34763, ndcg_10:0.19960,mrr_10:0.15411
2024-10-29 22:22:23.193 | INFO     | __main__:<module>:315 - round:17, client:1, loss:289.50604, ce loss:0.45993, intra cl loss: 1386.67464,proto loss: 1171.11757, hr_5:0.18262, ndcg_5:0.10961,mrr_5:0.08586,hr_10:0.30363, ndcg_10:0.14839,mrr_10:0.10165
2024-10-29 22:22:48.955 | INFO     | __main__:<module>:315 - round:18, client:0, loss:303.28360, ce loss:0.51287, intra cl loss: 1457.22679,proto loss: 1132.53613, hr_5:0.23762, ndcg_5:0.15714,mrr_5:0.13067,hr_10:0.36304, ndcg_10:0.19813,mrr_10:0.14785
2024-10-29 22:23:11.427 | INFO     | __main__:<module>:315 - round:18, client:1, loss:289.41214, ce loss:0.45225, intra cl loss: 1386.52183,proto loss: 1165.55184, hr_5:0.18152, ndcg_5:0.11001,mrr_5:0.08665,hr_10:0.31023, ndcg_10:0.15135,mrr_10:0.10355
2024-10-29 22:23:11.539 | INFO     | __main__:<module>:284 - End
2024-10-29 22:23:11.539 | INFO     | __main__:<module>:285 - best hr: 0.34598459845984597, best ndcg : 0.18540046540317506,best mrr : 0.1368624164003702
